<?xml version="1.0" encoding="UTF-8"?>
<testsuites name="OptidesLabkeyTests" time="76" tests="1" failures="0" errors="0">
   <testsuite name="OptidesLabkeyTests" tests="1" failures="0" errors="0" time="76" timestamp="2018-02-15 14:44:24" hostname="Hector - 140.107.11.14" id="Test Suites/OptidesLabkeyTests">
      <properties>
         <property name="deviceName" value=""/>
         <property name="devicePlatform" value=""/>
         <property name="logFolder" value="C:\\Users\\Hector\\Documents\\HRInternetConsulting\\Clients\\FHCRC\\Tachyon\\src\\RegressionTests\\Katalon\\OptidesTests\\Reports\\OptidesLabkeyTests\\20180215_144422"/>
         <property name="logFiles" value="C:\\Users\\Hector\\Documents\\HRInternetConsulting\\Clients\\FHCRC\\Tachyon\\src\\RegressionTests\\Katalon\\OptidesTests\\Reports\\OptidesLabkeyTests\\20180215_144422\\execution0.log"/>
         <property name="attachments" value=""/>
         <property name="hostName" value="Hector - 140.107.11.14"/>
         <property name="os" value="Windows 8.1 64bit"/>
         <property name="katalonVersion" value="5.1.0.2"/>
         <property name="browser" value="Chrome 64.0.3282.167"/>
         <property name="hostAddress" value="140.107.11.14"/>
         <property name="sessionId" value="e41b74db77d4419f051d480a3986f868"/>
         <property name="seleniumVersion" value="3.7.1"/>
         <property name="proxyInformation" value="ProxyInformation{proxyOption=NO_PROXY, proxyServerType=HTTP, password=, proxyServerAddress=, proxyServerPort=0}"/>
         <property name="platform" value="Windows 8.1"/>
      </properties>
      <testcase name="Test Cases/AssayReport Creation test" classname="Test Cases/AssayReport Creation test" status="PASSED">
         <system-out><![CDATA[2018-02-15 14:44:24 - [TEST_CASE][PASSED] - Test Cases/AssayReport Creation test: Test Cases/AssayReport Creation test

2018-02-15 14:44:25 - [TEST_STEP][PASSED] - callTestCase: Call Test Case 'Test Cases/OpenAndLogIn' successfully

2018-02-15 14:44:25 - [TEST_CASE][PASSED] - Test Cases/OpenAndLogIn: Test Cases/OpenAndLogIn

2018-02-15 14:44:25 - [TEST_STEP][PASSED] - openBrowser: Browser is opened with url: 'https://optides-dev-lk1.fhcrc.org'

2018-02-15 14:44:32 - [MESSAGE][PASSED] - Browser is opened with url: 'https://optides-dev-lk1.fhcrc.org'

2018-02-15 14:44:32 - [TEST_STEP][PASSED] - setViewPortSize: Viewport is set to new size with width = 2000 and height = 1500

2018-02-15 14:44:33 - [MESSAGE][PASSED] - Viewport is set to new size with width = 2000 and height = 1500

2018-02-15 14:44:33 - [TEST_STEP][PASSED] - click: Object: 'Object Repository/LSC_objects/Page_Optide Dev Server home/a_SignIn' is clicked on

2018-02-15 14:44:35 - [MESSAGE][PASSED] - Object: 'Object Repository/LSC_objects/Page_Optide Dev Server home/a_SignIn' is clicked on

2018-02-15 14:44:35 - [TEST_STEP][PASSED] - setText: Text 'hramos@fhcrc.org' is set on object 'Object Repository/LSC_objects/Page_Sign In/input_email'

2018-02-15 14:44:35 - [MESSAGE][PASSED] - Text 'hramos@fhcrc.org' is set on object 'Object Repository/LSC_objects/Page_Sign In/input_email'

2018-02-15 14:44:35 - [TEST_STEP][PASSED] - setText: Text 'One1Two2' is set on object 'Object Repository/LSC_objects/Page_Sign In/input_password'

2018-02-15 14:44:35 - [MESSAGE][PASSED] - Text 'One1Two2' is set on object 'Object Repository/LSC_objects/Page_Sign In/input_password'

2018-02-15 14:44:35 - [TEST_STEP][PASSED] - click: Object: 'Object Repository/LSC_objects/Page_Sign In/span_Sign In' is clicked on

2018-02-15 14:44:35 - [MESSAGE][PASSED] - Object: 'Object Repository/LSC_objects/Page_Sign In/span_Sign In' is clicked on

2018-02-15 14:44:35 - [TEST_STEP][PASSED] - click: Object: 'Object Repository/LSC_objects/Page_Optide Dev Server home/span_Optides' is clicked on

2018-02-15 14:44:38 - [MESSAGE][PASSED] - Object: 'Object Repository/LSC_objects/Page_Optide Dev Server home/span_Optides' is clicked on

2018-02-15 14:44:38 - [MESSAGE][PASSED] - Call Test Case 'Test Cases/OpenAndLogIn' successfully

2018-02-15 14:44:38 - [TEST_STEP][PASSED] - mouseOver: Object: 'Object Repository/Page_Start Page Optides/a_CompoundsRegistry' is hovered

2018-02-15 14:44:40 - [MESSAGE][PASSED] - Object: 'Object Repository/Page_Start Page Optides/a_CompoundsRegistry' is hovered

2018-02-15 14:44:40 - [TEST_STEP][PASSED] - waitForElementVisible: Object 'Object Repository/Page_Start Page Optides/a_Samples_CompReg' is visible

2018-02-15 14:44:40 - [MESSAGE][WARNING] - Timeout '0' is invalid. Using default page load timeout: '30'

2018-02-15 14:44:42 - [MESSAGE][PASSED] - Object 'Object Repository/Page_Start Page Optides/a_Samples_CompReg' is visible

2018-02-15 14:44:42 - [TEST_STEP][PASSED] - click: Object: 'Object Repository/Page_Start Page Optides/a_Samples_CompReg' is clicked on

2018-02-15 14:44:44 - [MESSAGE][PASSED] - Object: 'Object Repository/Page_Start Page Optides/a_Samples_CompReg' is clicked on

2018-02-15 14:44:44 - [TEST_STEP][PASSED] - delay: Delayed 2 second(s)

2018-02-15 14:44:46 - [MESSAGE][PASSED] - Delayed 2 second(s)

2018-02-15 14:44:46 - [TEST_STEP][PASSED] - click: Object: 'Object Repository/Page_Assay Dashboard OptidesCompoun/a_Admin' is clicked on

2018-02-15 14:44:46 - [MESSAGE][PASSED] - Object: 'Object Repository/Page_Assay Dashboard OptidesCompoun/a_Admin' is clicked on

2018-02-15 14:44:46 - [TEST_STEP][PASSED] - click: Object: 'Object Repository/Page_Assay Dashboard OptidesCompoun/span_Manage_Views' is clicked on

2018-02-15 14:44:47 - [MESSAGE][PASSED] - Object: 'Object Repository/Page_Assay Dashboard OptidesCompoun/span_Manage_Views' is clicked on

2018-02-15 14:44:47 - [TEST_STEP][PASSED] - click: Object: 'Object Repository/Page_Assay Dashboard OptidesCompoun/span_Add_Report' is clicked on

2018-02-15 14:44:48 - [MESSAGE][PASSED] - Object: 'Object Repository/Page_Assay Dashboard OptidesCompoun/span_Add_Report' is clicked on

2018-02-15 14:44:48 - [TEST_STEP][PASSED] - click: Object: 'Object Repository/Page_Assay Dashboard OptidesCompoun/span_SampleComparison' is clicked on

2018-02-15 14:44:48 - [MESSAGE][PASSED] - Object: 'Object Repository/Page_Assay Dashboard OptidesCompoun/span_SampleComparison' is clicked on

2018-02-15 14:44:48 - [TEST_STEP][PASSED] - delay: Delayed 2 second(s)

2018-02-15 14:44:50 - [MESSAGE][PASSED] - Delayed 2 second(s)

2018-02-15 14:44:50 - [TEST_STEP][PASSED] - setText: Text 'testAssayReport-' is set on object 'Object Repository/Page_Assay Dashboard OptidesCompoun/input_ReportName'

2018-02-15 14:44:51 - [MESSAGE][PASSED] - Text 'testAssayReport-' is set on object 'Object Repository/Page_Assay Dashboard OptidesCompoun/input_ReportName'

2018-02-15 14:44:51 - [TEST_STEP][PASSED] - setText: Text '{ "selectedColumns": [ {"name": "Name", "schemaName": "samples", "queryName": "Construct", "type":"VARCHAR"},{ "folderPath":"/Optides/InSilicoAssay/MolecularProperties", "schemaName": "assay.general.InSilicoAssay", "queryName": "Data", "name": "NetChargeAtpH7_4", "type": "DOUBLE", "sampleIdColumnName": "ID" },{ "folderPath":"/Optides/InSilicoAssay/MolecularProperties", "schemaName": "assay.general.InSilicoAssay", "queryName": "Data", "name": "ReducedForm_pI", "type": "DOUBLE",  "sampleIdColumnName": "ID" } ]}' is set on object 'Object Repository/Page_Assay Dashboard OptidesCompoun/textarea_JSON'

2018-02-15 14:44:54 - [MESSAGE][PASSED] - Text '{ "selectedColumns": [ {"name": "Name", "schemaName": "samples", "queryName": "Construct", "type":"VARCHAR"},{ "folderPath":"/Optides/InSilicoAssay/MolecularProperties", "schemaName": "assay.general.InSilicoAssay", "queryName": "Data", "name": "NetChargeAtpH7_4", "type": "DOUBLE", "sampleIdColumnName": "ID" },{ "folderPath":"/Optides/InSilicoAssay/MolecularProperties", "schemaName": "assay.general.InSilicoAssay", "queryName": "Data", "name": "ReducedForm_pI", "type": "DOUBLE",  "sampleIdColumnName": "ID" } ]}' is set on object 'Object Repository/Page_Assay Dashboard OptidesCompoun/textarea_JSON'

2018-02-15 14:44:54 - [TEST_STEP][PASSED] - click: Object: 'Object Repository/Page_Assay Dashboard OptidesCompoun/btn_Submit' is clicked on

2018-02-15 14:44:55 - [MESSAGE][PASSED] - Object: 'Object Repository/Page_Assay Dashboard OptidesCompoun/btn_Submit' is clicked on

2018-02-15 14:44:55 - [TEST_STEP][PASSED] - delay: Delayed 20 second(s)

2018-02-15 14:45:15 - [MESSAGE][PASSED] - Delayed 20 second(s)

2018-02-15 14:45:15 - [TEST_STEP][PASSED] - verifyTextPresent: Text 'testAssayReport-' is present on page 

2018-02-15 14:45:20 - [MESSAGE][PASSED] - Text 'testAssayReport-' is present on page 

2018-02-15 14:45:20 - [TEST_STEP][PASSED] - verifyTextPresent: Text 'Name' is present on page 

2018-02-15 14:45:26 - [MESSAGE][PASSED] - Text 'Name' is present on page 

2018-02-15 14:45:26 - [TEST_STEP][PASSED] - verifyTextPresent: Text 'NetChargeAtpH7_4' is present on page 

2018-02-15 14:45:31 - [MESSAGE][PASSED] - Text 'NetChargeAtpH7_4' is present on page 

2018-02-15 14:45:31 - [TEST_STEP][PASSED] - verifyTextPresent: Text 'ReducedForm_pI' is present on page 

2018-02-15 14:45:36 - [MESSAGE][PASSED] - Text 'ReducedForm_pI' is present on page 

2018-02-15 14:45:36 - [TEST_STEP][PASSED] - click: Object: 'Object Repository/Page_Assay Dashboard OptidesCompoun/a_Admin' is clicked on

2018-02-15 14:45:37 - [MESSAGE][PASSED] - Object: 'Object Repository/Page_Assay Dashboard OptidesCompoun/a_Admin' is clicked on

2018-02-15 14:45:37 - [TEST_STEP][PASSED] - click: Object: 'Object Repository/Page_Assay Dashboard OptidesCompoun/span_Manage_Views' is clicked on

2018-02-15 14:45:38 - [MESSAGE][PASSED] - Object: 'Object Repository/Page_Assay Dashboard OptidesCompoun/span_Manage_Views' is clicked on

2018-02-15 14:45:38 - [TEST_STEP][PASSED] - setText: Text 'testAssayReport-' is set on object 'Object Repository/Page_Assay Dashboard OptidesCompoun/input_Filter'

2018-02-15 14:45:38 - [MESSAGE][PASSED] - Text 'testAssayReport-' is set on object 'Object Repository/Page_Assay Dashboard OptidesCompoun/input_Filter'

2018-02-15 14:45:38 - [TEST_STEP][PASSED] - click: Object: 'Object Repository/Page_Assay Dashboard OptidesCompoun/span_EditPencil' is clicked on

2018-02-15 14:45:38 - [MESSAGE][PASSED] - Object: 'Object Repository/Page_Assay Dashboard OptidesCompoun/span_EditPencil' is clicked on

2018-02-15 14:45:38 - [TEST_STEP][PASSED] - click: Object: 'Object Repository/Page_Assay Dashboard OptidesCompoun/btn_Delete' is clicked on

2018-02-15 14:45:39 - [MESSAGE][PASSED] - Object: 'Object Repository/Page_Assay Dashboard OptidesCompoun/btn_Delete' is clicked on

2018-02-15 14:45:39 - [TEST_STEP][PASSED] - click: Object: 'Object Repository/Page_Assay Dashboard OptidesCompoun/btn_Yes' is clicked on

2018-02-15 14:45:39 - [MESSAGE][PASSED] - Object: 'Object Repository/Page_Assay Dashboard OptidesCompoun/btn_Yes' is clicked on

2018-02-15 14:45:39 - [TEST_STEP][PASSED] - closeBrowser: Browser is closed

2018-02-15 14:45:40 - [MESSAGE][PASSED] - Browser is closed]]></system-out>
         <system-err><![CDATA[]]></system-err>
      </testcase>
      <system-out><![CDATA[2018-02-15 14:44:24 - [TEST_SUITE][PASSED] - OptidesLabkeyTests: Test Cases/AssayReport Creation test]]></system-out>
      <system-err><![CDATA[]]></system-err>
   </testsuite>
</testsuites>
