<?xml version="1.0" encoding="UTF-8"?>
<testsuites name="OptidesLabkeyTests" time="2" tests="0" failures="1" errors="0">
   <testsuite name="OptidesLabkeyTests" tests="0" failures="1" errors="0" time="2" timestamp="2018-02-15 14:38:21" hostname="Hector - 140.107.11.14" id="Test Suites/OptidesLabkeyTests">
      <properties>
         <property name="deviceName" value=""/>
         <property name="devicePlatform" value=""/>
         <property name="logFolder" value="C:\\Users\\Hector\\Documents\\HRInternetConsulting\\Clients\\FHCRC\\Tachyon\\src\\RegressionTests\\Katalon\\OptidesTests\\Reports\\OptidesLabkeyTests\\20180215_143818"/>
         <property name="logFiles" value="C:\\Users\\Hector\\Documents\\HRInternetConsulting\\Clients\\FHCRC\\Tachyon\\src\\RegressionTests\\Katalon\\OptidesTests\\Reports\\OptidesLabkeyTests\\20180215_143818\\execution0.log"/>
         <property name="attachments" value=""/>
         <property name="hostName" value="Hector - 140.107.11.14"/>
         <property name="hostAddress" value="140.107.11.14"/>
         <property name="os" value="Windows 8.1 64bit"/>
         <property name="katalonVersion" value="5.1.0.2"/>
      </properties>
      <testcase name="Test Cases/InSilicoAssay Weekly Cron Test" classname="Test Cases/InSilicoAssay Weekly Cron Test" status="FAILED">
         <failure type="FAILED" message="Unable to open browser with url: 'https://optides-dev-lk1.fhcrc.org' (Root cause: org.openqa.selenium.WebDriverException: Cannot find firefox binary in PATH. Make sure firefox is installed. OS appears to be: WIN8_1
Build info: version: '3.7.1', revision: '8a0099a', time: '2017-11-06T21:07:36.161Z'
System info: host: 'HRPC03', ip: '140.107.11.14', os.name: 'Windows 8.1', os.arch: 'amd64', os.version: '6.3', java.version: '1.8.0_102'
Driver info: driver.version: unknown)"/>
         <system-out><![CDATA[2018-02-15 14:38:21 - [TEST_CASE][FAILED] - Test Cases/InSilicoAssay Weekly Cron Test: Test Cases/InSilicoAssay Weekly Cron Test FAILED because (of) Unable to open browser with url: 'https://optides-dev-lk1.fhcrc.org' (Root cause: org.openqa.selenium.WebDriverException: Cannot find firefox binary in PATH. Make sure firefox is installed. OS appears to be: WIN8_1
Build info: version: '3.7.1', revision: '8a0099a', time: '2017-11-06T21:07:36.161Z'
System info: host: 'HRPC03', ip: '140.107.11.14', os.name: 'Windows 8.1', os.arch: 'amd64', os.version: '6.3', java.version: '1.8.0_102'
Driver info: driver.version: unknown)

2018-02-15 14:38:22 - [TEST_STEP][FAILED] - callTestCase: Unable to call Test Case with id 'Test Cases/OpenAndLogIn' (Root cause: Call Test Case 'Test Cases/OpenAndLogIn' failed)

2018-02-15 14:38:22 - [TEST_CASE][FAILED] - Test Cases/OpenAndLogIn: Test Cases/OpenAndLogIn FAILED because (of) Unable to open browser with url: 'https://optides-dev-lk1.fhcrc.org' (Root cause: org.openqa.selenium.WebDriverException: Cannot find firefox binary in PATH. Make sure firefox is installed. OS appears to be: WIN8_1
Build info: version: '3.7.1', revision: '8a0099a', time: '2017-11-06T21:07:36.161Z'
System info: host: 'HRPC03', ip: '140.107.11.14', os.name: 'Windows 8.1', os.arch: 'amd64', os.version: '6.3', java.version: '1.8.0_102'
Driver info: driver.version: unknown)

2018-02-15 14:38:23 - [TEST_STEP][FAILED] - openBrowser: Unable to open browser with url: 'https://optides-dev-lk1.fhcrc.org' (Root cause: org.openqa.selenium.WebDriverException: Cannot find firefox binary in PATH. Make sure firefox is installed. OS appears to be: WIN8_1
Build info: version: '3.7.1', revision: '8a0099a', time: '2017-11-06T21:07:36.161Z'
System info: host: 'HRPC03', ip: '140.107.11.14', os.name: 'Windows 8.1', os.arch: 'amd64', os.version: '6.3', java.version: '1.8.0_102'
Driver info: driver.version: unknown)

2018-02-15 14:38:23 - [MESSAGE][FAILED] - Unable to open browser with url: 'https://optides-dev-lk1.fhcrc.org' (Root cause: org.openqa.selenium.WebDriverException: Cannot find firefox binary in PATH. Make sure firefox is installed. OS appears to be: WIN8_1
Build info: version: '3.7.1', revision: '8a0099a', time: '2017-11-06T21:07:36.161Z'
System info: host: 'HRPC03', ip: '140.107.11.14', os.name: 'Windows 8.1', os.arch: 'amd64', os.version: '6.3', java.version: '1.8.0_102'
Driver info: driver.version: unknown)

2018-02-15 14:38:23 - [MESSAGE][FAILED] - Unable to call Test Case with id 'Test Cases/OpenAndLogIn' (Root cause: Call Test Case 'Test Cases/OpenAndLogIn' failed)]]></system-out>
         <system-err><![CDATA[2018-02-15 14:38:21 - [TEST_CASE][FAILED] - Test Cases/InSilicoAssay Weekly Cron Test: Test Cases/InSilicoAssay Weekly Cron Test FAILED because (of) Unable to open browser with url: 'https://optides-dev-lk1.fhcrc.org' (Root cause: org.openqa.selenium.WebDriverException: Cannot find firefox binary in PATH. Make sure firefox is installed. OS appears to be: WIN8_1
Build info: version: '3.7.1', revision: '8a0099a', time: '2017-11-06T21:07:36.161Z'
System info: host: 'HRPC03', ip: '140.107.11.14', os.name: 'Windows 8.1', os.arch: 'amd64', os.version: '6.3', java.version: '1.8.0_102'
Driver info: driver.version: unknown)]]></system-err>
      </testcase>
      <system-out><![CDATA[2018-02-15 14:38:21 - [TEST_SUITE][FAILED] - OptidesLabkeyTests: Test Cases/InSilicoAssay Weekly Cron Test FAILED because (of) Unable to open browser with url: 'https://optides-dev-lk1.fhcrc.org' (Root cause: org.openqa.selenium.WebDriverException: Cannot find firefox binary in PATH. Make sure firefox is installed. OS appears to be: WIN8_1
Build info: version: '3.7.1', revision: '8a0099a', time: '2017-11-06T21:07:36.161Z'
System info: host: 'HRPC03', ip: '140.107.11.14', os.name: 'Windows 8.1', os.arch: 'amd64', os.version: '6.3', java.version: '1.8.0_102'
Driver info: driver.version: unknown)]]></system-out>
      <system-err><![CDATA[2018-02-15 14:38:21 - [TEST_SUITE][FAILED] - OptidesLabkeyTests: Test Cases/InSilicoAssay Weekly Cron Test FAILED because (of) Unable to open browser with url: 'https://optides-dev-lk1.fhcrc.org' (Root cause: org.openqa.selenium.WebDriverException: Cannot find firefox binary in PATH. Make sure firefox is installed. OS appears to be: WIN8_1
Build info: version: '3.7.1', revision: '8a0099a', time: '2017-11-06T21:07:36.161Z'
System info: host: 'HRPC03', ip: '140.107.11.14', os.name: 'Windows 8.1', os.arch: 'amd64', os.version: '6.3', java.version: '1.8.0_102'
Driver info: driver.version: unknown)]]></system-err>
   </testsuite>
</testsuites>
