<?xml version="1.0" encoding="UTF-8"?>
<testsuites name="OptidesLabkeyTests" time="290" tests="3" failures="1" errors="0">
   <testsuite name="OptidesLabkeyTests" tests="3" failures="1" errors="0" time="290" timestamp="2017-09-22 13:30:34" hostname="Hector - 140.107.11.74" id="Test Suites/OptidesLabkeyTests">
      <properties>
         <property name="deviceName" value=""/>
         <property name="devicePlatform" value=""/>
         <property name="logFolder" value="C:\\Users\\Hector\\Katalon Studio\\OptidesTests\\Reports\\OptidesLabkeyTests\\20170922_133031"/>
         <property name="logFiles" value="C:\\Users\\Hector\\Katalon Studio\\OptidesTests\\Reports\\OptidesLabkeyTests\\20170922_133031\\execution0.log"/>
         <property name="attachments" value="C:\\Users\\Hector\\Katalon Studio\\OptidesTests\\Reports\\OptidesLabkeyTests\\20170922_133031\\1506112255038.png"/>
         <property name="hostName" value="Hector - 140.107.11.74"/>
         <property name="os" value="Windows 8.1 64bit"/>
         <property name="katalonVersion" value="4.8.0.2"/>
         <property name="browser" value="Chrome 60.0.3112.113"/>
         <property name="hostAddress" value="140.107.11.74"/>
         <property name="sessionId" value="15b260c95b7f663ec6b7794d33fcd4d7"/>
         <property name="seleniumVersion" value="2.53.0"/>
         <property name="proxyInformation" value="ProxyInformation{proxyOption=NO_PROXY, proxyServerType=HTTP, password=, proxyServerAddress=, proxyServerPort=0}"/>
         <property name="platform" value="Windows 8.1"/>
      </properties>
      <testcase name="Test Cases/LSCActivityCalcTest" classname="Test Cases/LSCActivityCalcTest" status="FAILED">
         <failure type="FAILED" message="Unable to wait for object to be visible (Root cause: java.lang.IllegalArgumentException: Object is null)"/>
         <system-out><![CDATA[2017-09-22 13:30:34 - [TEST_CASE][FAILED] - Test Cases/LSCActivityCalcTest: Test Cases/LSCActivityCalcTest FAILED because (of) Unable to wait for object to be visible (Root cause: java.lang.IllegalArgumentException: Object is null)

2017-09-22 13:30:35 - [TEST_STEP][PASSED] - callTestCase: Call Test Case 'Test Cases/OpenAndLogIn' successfully

2017-09-22 13:30:35 - [TEST_CASE][PASSED] - Test Cases/OpenAndLogIn: Test Cases/OpenAndLogIn

2017-09-22 13:30:36 - [TEST_STEP][PASSED] - openBrowser: Browser is opened with url: 'https://optides-dev-lk1.fhcrc.org'

2017-09-22 13:30:42 - [MESSAGE][PASSED] - Browser is opened with url: 'https://optides-dev-lk1.fhcrc.org'

2017-09-22 13:30:42 - [TEST_STEP][PASSED] - maximizeWindow: Current window maximized

2017-09-22 13:30:43 - [MESSAGE][PASSED] - Current window maximized

2017-09-22 13:30:43 - [TEST_STEP][PASSED] - click: Object: 'Object Repository/LSC_objects/Page_Optide Dev Server home/a_SignIn' is clicked on

2017-09-22 13:30:45 - [MESSAGE][PASSED] - Object: 'Object Repository/LSC_objects/Page_Optide Dev Server home/a_SignIn' is clicked on

2017-09-22 13:30:45 - [TEST_STEP][PASSED] - setText: Text 'hramos@fhcrc.org' is set on object 'Object Repository/LSC_objects/Page_Sign In/input_email'

2017-09-22 13:30:45 - [MESSAGE][PASSED] - Text 'hramos@fhcrc.org' is set on object 'Object Repository/LSC_objects/Page_Sign In/input_email'

2017-09-22 13:30:45 - [TEST_STEP][PASSED] - setText: Text 'One1Two2' is set on object 'Object Repository/LSC_objects/Page_Sign In/input_password'

2017-09-22 13:30:45 - [MESSAGE][PASSED] - Text 'One1Two2' is set on object 'Object Repository/LSC_objects/Page_Sign In/input_password'

2017-09-22 13:30:45 - [TEST_STEP][PASSED] - click: Object: 'Object Repository/LSC_objects/Page_Sign In/span_Sign In' is clicked on

2017-09-22 13:30:45 - [MESSAGE][PASSED] - Object: 'Object Repository/LSC_objects/Page_Sign In/span_Sign In' is clicked on

2017-09-22 13:30:45 - [TEST_STEP][PASSED] - click: Object: 'Object Repository/LSC_objects/Page_Optide Dev Server home/span_Optides' is clicked on

2017-09-22 13:30:53 - [MESSAGE][PASSED] - Object: 'Object Repository/LSC_objects/Page_Optide Dev Server home/span_Optides' is clicked on

2017-09-22 13:30:53 - [MESSAGE][PASSED] - Call Test Case 'Test Cases/OpenAndLogIn' successfully

2017-09-22 13:30:53 - [TEST_STEP][PASSED] - mouseOver: Object: 'Object Repository/LSC_objects/Page_Start Page Optides/a_VIVOAssay' is hovered

2017-09-22 13:30:55 - [MESSAGE][PASSED] - Object: 'Object Repository/LSC_objects/Page_Start Page Optides/a_VIVOAssay' is hovered

2017-09-22 13:30:55 - [TEST_STEP][FAILED] - waitForElementVisible: Unable to wait for object to be visible (Root cause: java.lang.IllegalArgumentException: Object is null)

2017-09-22 13:30:55 - [MESSAGE][WARNING] - Test object with id 'Object Repository/LSC_objects/Page_Start Page Optides/a_Samples' does not exist

2017-09-22 13:30:55 - [MESSAGE][WARNING] - Test object with id 'Object Repository/' does not exist

2017-09-22 13:30:55 - [MESSAGE][FAILED] - Unable to wait for object to be visible (Root cause: java.lang.IllegalArgumentException: Object is null)
[[ATTACHMENT|C:\\Users\\Hector\\Katalon Studio\\OptidesTests\\Reports\\OptidesLabkeyTests\\20170922_133031\\1506112255038.png]]]]></system-out>
         <system-err><![CDATA[2017-09-22 13:30:34 - [TEST_CASE][FAILED] - Test Cases/LSCActivityCalcTest: Test Cases/LSCActivityCalcTest FAILED because (of) Unable to wait for object to be visible (Root cause: java.lang.IllegalArgumentException: Object is null)]]></system-err>
      </testcase>
      <testcase name="Test Cases/preTest-InsertTestConstructs" classname="Test Cases/preTest-InsertTestConstructs" status="PASSED">
         <system-out><![CDATA[2017-09-22 13:30:55 - [TEST_CASE][PASSED] - Test Cases/preTest-InsertTestConstructs: Test Cases/preTest-InsertTestConstructs

2017-09-22 13:30:55 - [TEST_STEP][PASSED] - openBrowser: Browser is opened with url: 'https://optides-dev-lk1.fhcrc.org'

2017-09-22 13:30:55 - [MESSAGE][WARNING] - A browser is already opened. Closing browser and opening a new one

2017-09-22 13:31:03 - [MESSAGE][PASSED] - Browser is opened with url: 'https://optides-dev-lk1.fhcrc.org'

2017-09-22 13:31:03 - [TEST_STEP][PASSED] - maximizeWindow: Current window maximized

2017-09-22 13:31:04 - [MESSAGE][PASSED] - Current window maximized

2017-09-22 13:31:04 - [TEST_STEP][PASSED] - click: Object: 'Object Repository/LSC_objects/Page_Optide Dev Server home/a_SignIn' is clicked on

2017-09-22 13:31:05 - [MESSAGE][PASSED] - Object: 'Object Repository/LSC_objects/Page_Optide Dev Server home/a_SignIn' is clicked on

2017-09-22 13:31:05 - [TEST_STEP][PASSED] - setText: Text 'hramos@fhcrc.org' is set on object 'Object Repository/LSC_objects/Page_Sign In/input_email'

2017-09-22 13:31:05 - [MESSAGE][PASSED] - Text 'hramos@fhcrc.org' is set on object 'Object Repository/LSC_objects/Page_Sign In/input_email'

2017-09-22 13:31:05 - [TEST_STEP][PASSED] - setText: Text 'One1Two2' is set on object 'Object Repository/LSC_objects/Page_Sign In/input_password'

2017-09-22 13:31:06 - [MESSAGE][PASSED] - Text 'One1Two2' is set on object 'Object Repository/LSC_objects/Page_Sign In/input_password'

2017-09-22 13:31:06 - [TEST_STEP][PASSED] - click: Object: 'Object Repository/LSC_objects/Page_Sign In/span_Sign In' is clicked on

2017-09-22 13:31:06 - [MESSAGE][PASSED] - Object: 'Object Repository/LSC_objects/Page_Sign In/span_Sign In' is clicked on

2017-09-22 13:31:06 - [TEST_STEP][PASSED] - click: Object: 'Object Repository/LSC_objects/Page_Optide Dev Server home/span_Optides' is clicked on

2017-09-22 13:31:11 - [MESSAGE][PASSED] - Object: 'Object Repository/LSC_objects/Page_Optide Dev Server home/span_Optides' is clicked on

2017-09-22 13:31:11 - [TEST_STEP][PASSED] - mouseOver: Object: 'Object Repository/Page_Start Page Optides/a_CompoundsRegistry' is hovered

2017-09-22 13:31:12 - [MESSAGE][PASSED] - Object: 'Object Repository/Page_Start Page Optides/a_CompoundsRegistry' is hovered

2017-09-22 13:31:12 - [TEST_STEP][PASSED] - waitForElementVisible: Object 'Object Repository/Page_Start Page Optides/a_Samples_CompReg' is visible

2017-09-22 13:31:12 - [MESSAGE][WARNING] - Timeout '0' is invalid. Using default page load timeout: '30'

2017-09-22 13:31:13 - [MESSAGE][PASSED] - Object 'Object Repository/Page_Start Page Optides/a_Samples_CompReg' is visible

2017-09-22 13:31:13 - [TEST_STEP][PASSED] - click: Object: 'Object Repository/Page_Start Page Optides/a_Samples_CompReg' is clicked on

2017-09-22 13:31:14 - [MESSAGE][PASSED] - Object: 'Object Repository/Page_Start Page Optides/a_Samples_CompReg' is clicked on

2017-09-22 13:31:14 - [TEST_STEP][PASSED] - click: Object: 'Object Repository/Page_Assay Dashboard OptidesCompoun/a_Construct' is clicked on

2017-09-22 13:31:17 - [MESSAGE][PASSED] - Object: 'Object Repository/Page_Assay Dashboard OptidesCompoun/a_Construct' is clicked on

2017-09-22 13:31:17 - [TEST_STEP][PASSED] - click: Object: 'Object Repository/Page_Sample Set Construct OptidesCo/span_Insert' is clicked on

2017-09-22 13:31:18 - [MESSAGE][PASSED] - Object: 'Object Repository/Page_Sample Set Construct OptidesCo/span_Insert' is clicked on

2017-09-22 13:31:18 - [TEST_STEP][PASSED] - click: Object: 'Object Repository/Page_Sample Set Construct OptidesCo/span_Import Bulk Data' is clicked on

2017-09-22 13:31:19 - [MESSAGE][PASSED] - Object: 'Object Repository/Page_Sample Set Construct OptidesCo/span_Import Bulk Data' is clicked on

2017-09-22 13:31:19 - [TEST_STEP][PASSED] - click: Object: 'Object Repository/Page_Import Sample Set OptidesCompo/input_insertUpdateChoice' is clicked on

2017-09-22 13:31:19 - [MESSAGE][PASSED] - Object: 'Object Repository/Page_Import Sample Set OptidesCompo/input_insertUpdateChoice' is clicked on

2017-09-22 13:31:19 - [TEST_STEP][PASSED] - setText: Text 'Name	ID	Parent ID	Alternate Name	AASeq	Vector			
TEST0000013	TEST0000013	VAR0000016	OTD-000054	GSSEKDCIKHLQRCRENKDCCSKKCSRRGTNPEKRCR	VCR020			
TEST0000026	TEST0000026	VAR0000046	OTD-000071	GSGDCLPHLKRCKADNDCCGKKCKRRGTNAEKRCR	VCR020			
TEST0000037	TEST0000037	VAR0000028	OTD-000087	GSGDCLPHLKRCKENNDCCSKKCKRRGANPEKRCR	VCR020			
TEST0001397	TEST0001397	VAR0001397	OTD-000035	GSMCMPCFTTDHQMARRCDDCCGGRGRGRCYGPQCLCR	VCR020			
TEST0001463	TEST0001463	VAR0001462	CTX_WT, OTD-000194	GSMCMPCFTTDHQMARKCDDCCGGKGRGKCYGPQCLCR	VCR020			
TEST0005460	TEST0005460	VAR0005368	OTD-000313	GSPDEYIERAKECCKKQDIQCCLRIFDESKDPNVMLICLFCW	VCR020			
TEST0005476	TEST0005476	VAR0005386	Tat_TB1G2	GSGRKKRRQRRRGGSPDEYIERAKECCKKQDIQCCLRIFDESKDPNVMLICLFCW	VCR020			
TEST0005477	TEST0005477	VAR0005387	CysTat_TB1G2	GSCYRKKRRQRRRGGSPDEYIERAKECCKKQDIQCCLRIFDESKDPNVMLICLFCW	VCR020			
TEST0005478	TEST0005478	VAR0005388	S19-Tat_TB1G2	GSPFVIGAGVLGALGTGIGGIGRKKRRQRRRGGSPDEYIERAKECCKKQDIQCCLRIFDESKDPNVMLICLFCW	VCR020			
TEST0005479	TEST0005479	VAR0005389	Pas-Tat_TB1G2	GSFFLIPKGGRKKRRQRRRGGSPDEYIERAKECCKKQDIQCCLRIFDESKDPNVMLICLFCW	VCR020			
TEST0005480	TEST0005480	VAR0005390	R8_TB1G2	GSRRRRRRRRGGSPDEYIERAKECCKKQDIQCCLRIFDESKDPNVMLICLFCW	VCR020			
TEST0005481	TEST0005481	VAR0005391	Pas-R8_TB1G2	GSFFLIPKGRRRRRRRRGGSPDEYIERAKECCKKQDIQCCLRIFDESKDPNVMLICLFCW	VCR020			
TEST0005482	TEST0005482	VAR0005392	pAntp_TB1G2	GSRQIKIWFQNRRMKWKKGGSPDEYIERAKECCKKQDIQCCLRIFDESKDPNVMLICLFCW	VCR020			
TEST0005483	TEST0005483	VAR0005393	Pas-pAntp_TB1G2	GSFFLIPKGRQIKIWFQNRRMKWKKGGSPDEYIERAKECCKKQDIQCCLRIFDESKDPNVMLICLFCW	VCR020			
TEST0005484	TEST0005484	VAR0005394	Pas-FHV_TB1G2	GSFFLIPKGRRRRNRTRRNRRRVRGGSPDEYIERAKECCKKQDIQCCLRIFDESKDPNVMLICLFCW	VCR020			
TEST0005485	TEST0005485	VAR0005395	MCa(1-9)_TB1G2	GSGDALPHLKLGGSPDEYIERAKECCKKQDIQCCLRIFDESKDPNVMLICLFCW	VCR020			
TEST0005486	TEST0005486	VAR0005396	Imp(1-9)_TB1G2	GSGDALPHLKRGGSPDEYIERAKECCKKQDIQCCLRIFDESKDPNVMLICLFCW	VCR020			
TEST0005487	TEST0005487	VAR0005397	Had(1-11)_TB1G2	GSSEKDAIKHLQRGGSPDEYIERAKECCKKQDIQCCLRIFDESKDPNVMLICLFCW	VCR020			
TEST0005488	TEST0005488	VAR0005398	Had(3-11)_TB1G2	GSKDAIKHLQRGGSPDEYIERAKECCKKQDIQCCLRIFDESKDPNVMLICLFCW	VCR020			
TEST0005489	TEST0005489	VAR0005399	ybbR_TB1G2	GSVLDSLEFIASKLGGSPDEYIERAKECCKKQDIQCCLRIFDESKDPNVMLICLFCW	VCR020			
TEST0005490	TEST0005490	VAR0005400	Q15(F2R4)_TB1G2	GSPDEYIERAKECCKKFFRRRRDIQCCLRIFDESKDPNVMLICLFCW	VCR020			
TEST0005491	TEST0005491	VAR0005401	CTX_TEAD_EYE	GSMCMPCDTTDHLMALFCDGCCGNSGRGKCYGPQCLCR	VCR020			
TEST0005492	TEST0005492	VAR0005402	B55_TB1G2	GSKAVLGATKIDLPVDINDPYDLGLLLRHLRHHSNLLANIGDPAVREQVLSAMQEEEGGSPDEYIERAKECCKKQDIQCCLRIFDESKDPNVMLICLFCW	VCR020			
TEST0005493	TEST0005493	VAR0005403	azu_TB1G2	GSLSTAADMQGVVTDGMASGLDKDYLKPDDGGSPDEYIERAKECCKKQDIQCCLRIFDESKDPNVMLICLFCW	VCR020			
TEST0005494	TEST0005494	VAR0005404	IMT-P8_TB1G2	GSRRWRRWNRFNRRRCRGGSPDEYIERAKECCKKQDIQCCLRIFDESKDPNVMLICLFCW	VCR020			
TEST0005495	TEST0005495	VAR0005405	BR2_TB1G2	GSRAGLQFPVGRLLRRLLRGGSPDEYIERAKECCKKQDIQCCLRIFDESKDPNVMLICLFCW	VCR020			
TEST0005496	TEST0005496	VAR0005406	OMOTAG1_TB1G2	GSKRAHHNALERKRRGGSPDEYIERAKECCKKQDIQCCLRIFDESKDPNVMLICLFCW	VCR020			
TEST0005497	TEST0005497	VAR0005407	OMOTAG2_TB1G2	RRMKANARERNRMGGSPDEYIERAKECCKKQDIQCCLRIFDESKDPNVMLICLFCW	VCR020			
TEST0005498	TEST0005498	VAR0005408	pVEC_TB1G2	GSLLIILRRRIRKQAHAHSKGGSPDEYIERAKECCKKQDIQCCLRIFDESKDPNVMLICLFCW	VCR020			
TEST0005499	TEST0005499	VAR0005409	SynB3_TB1G2	GSRRLSYSRRRFGGSPDEYIERAKECCKKQDIQCCLRIFDESKDPNVMLICLFCW	VCR020			
TEST0005500	TEST0005500	VAR0005410	DPV1047_TB1G2	GSVKRGLKLRHVRPRVTRMDVGGSPDEYIERAKECCKKQDIQCCLRIFDESKDPNVMLICLFCW	VCR020			
TEST0005501	TEST0005501	VAR0005411	C105Y_TB1G2	GSCSIPPEVKFNKPFVYLIGGSPDEYIERAKECCKKQDIQCCLRIFDESKDPNVMLICLFCW	VCR020			
TEST0005502	TEST0005502	VAR0005412	Transportan_TB1G2	GSGWTLNSAGYLLGKINLKALAALAKKILGGSPDEYIERAKECCKKQDIQCCLRIFDESKDPNVMLICLFCW	VCR020			
TEST0005503	TEST0005503	VAR0005413	MTS_TB1G2	GSKGEGAAVLLPVLLAAPGGGSPDEYIERAKECCKKQDIQCCLRIFDESKDPNVMLICLFCW	VCR020			
TEST0005504	TEST0005504	VAR0005414	Ctx-GS-TB1G2	GSMCMPCFTTDHQMARKCDDCCGGKGRGKCYGPQCLCRGGGSGGGSGGGSPDEYIERAKECCKKQDIQCCLRIFDESKDPNVMLICLFCW	VCR020			
TEST0005505	TEST0005505	VAR0005415	Ctx-DkTx-TB1G2	GSMCMPCFTTDHQMARKCDDCCGGKGRGKCYGPQCLCRKKYKPYVPVTTNPDEYIERAKECCKKQDIQCCLRIFDESKDPNVMLICLFCW	VCR020			
TEST0005506	TEST0005506	VAR0005416	Ctx-hIgG3-TB1G2	GSMCMPCFTTDHQMARKCDDCCGGKGRGKCYGPQCLCREPKSSDKTHTPDEYIERAKECCKKQDIQCCLRIFDESKDPNVMLICLFCW	VCR020			
TEST0005507	TEST0005507	VAR0005417	MCa-GS-TB1G2	GSGDCLPHLKLCKENKDCCSKKCKRRGTNIEKRCRGGGSGGGSGGGSPDEYIERAKECCKKQDIQCCLRIFDESKDPNVMLICLFCW	VCR020			
TEST0005508	TEST0005508	VAR0005418	MCa-DkTx-TB1G2	GSGDCLPHLKLCKENKDCCSKKCKRRGTNIEKRCRKKYKPYVPVTTNPDEYIERAKECCKKQDIQCCLRIFDESKDPNVMLICLFCW	VCR020			
TEST0005509	TEST0005509	VAR0005419	MCa-hIgG3-TB1G2	GSGDCLPHLKLCKENKDCCSKKCKRRGTNIEKRCREPKSSDKTHTPDEYIERAKECCKKQDIQCCLRIFDESKDPNVMLICLFCW	VCR020			
TEST0005510	TEST0005510	VAR0005420	Imp-GS-TB1G2	GSGDCLPHLKRCKADNDCCGKKCKRRGTNAEKRCRGGGSGGGSGGGSPDEYIERAKECCKKQDIQCCLRIFDESKDPNVMLICLFCW	VCR020			
TEST0005511	TEST0005511	VAR0005421	Imp-DkTx-TB1G2	GSGDCLPHLKRCKADNDCCGKKCKRRGTNAEKRCRKKYKPYVPVTTNPDEYIERAKECCKKQDIQCCLRIFDESKDPNVMLICLFCW	VCR020			
TEST0005512	TEST0005512	VAR0005422	Imp-hIgG3-TB1G2	GSGDCLPHLKRCKADNDCCGKKCKRRGTNAEKRCREPKSSDKTHTPDEYIERAKECCKKQDIQCCLRIFDESKDPNVMLICLFCW	VCR020			
TEST0005513	TEST0005513	VAR0005423	Hem-GS-TB1G2	GSGDCLPHLKLCKADKDCCSKKCKRRGTNPEKRCRGGGSGGGSGGGSPDEYIERAKECCKKQDIQCCLRIFDESKDPNVMLICLFCW	VCR020			
TEST0005514	TEST0005514	VAR0005424	Hem-DkTx-TB1G2	GSGDCLPHLKLCKADKDCCSKKCKRRGTNPEKRCRKKYKPYVPVTTNPDEYIERAKECCKKQDIQCCLRIFDESKDPNVMLICLFCW	VCR020			
TEST0005515	TEST0005515	VAR0005425	Hem-hIgG3-TB1G2	GSGDCLPHLKLCKADKDCCSKKCKRRGTNPEKRCREPKSSDKTHTPDEYIERAKECCKKQDIQCCLRIFDESKDPNVMLICLFCW	VCR020			
TEST0005516	TEST0005516	VAR0005426	Opi1-GS-TB1G2	GSGDCLPHLKRCKENNDCCSKKCKRRGTNPEKRCRGGGSGGGSGGGSPDEYIERAKECCKKQDIQCCLRIFDESKDPNVMLICLFCW	VCR020			
TEST0005517	TEST0005517	VAR0005427	Opi1-DkTx-TB1G2	GSGDCLPHLKRCKENNDCCSKKCKRRGTNPEKRCRKKYKPYVPVTTNPDEYIERAKECCKKQDIQCCLRIFDESKDPNVMLICLFCW	VCR020			
TEST0005518	TEST0005518	VAR0005428	Opi1-hIgG3-TB1G2	GSGDCLPHLKRCKENNDCCSKKCKRRGTNPEKRCREPKSSDKTHTPDEYIERAKECCKKQDIQCCLRIFDESKDPNVMLICLFCW	VCR020			
TEST0005519	TEST0005519	VAR0005429	Opi2-GS-TB1G2	GSGDCLPHLKRCKENNDCCSKKCKRRGANPEKRCRGGGSGGGSGGGSPDEYIERAKECCKKQDIQCCLRIFDESKDPNVMLICLFCW	VCR020			
TEST0005520	TEST0005520	VAR0005430	Opi2-DkTx-TB1G2	GSGDCLPHLKRCKENNDCCSKKCKRRGANPEKRCRKKYKPYVPVTTNPDEYIERAKECCKKQDIQCCLRIFDESKDPNVMLICLFCW	VCR020			
TEST0005521	TEST0005521	VAR0005431	Opi2-hIgG3-TB1G2	GSGDCLPHLKRCKENNDCCSKKCKRRGANPEKRCREPKSSDKTHTPDEYIERAKECCKKQDIQCCLRIFDESKDPNVMLICLFCW	VCR020			
TEST0005522	TEST0005522	VAR0005432	Had-GS-TB1G2	GSSEKDCIKHLQRCRENKDCCSKKCSRRGTNPEKRCRGGGSGGGSGGGSPDEYIERAKECCKKQDIQCCLRIFDESKDPNVMLICLFCW	VCR020			
TEST0005523	TEST0005523	VAR0005433	Had-DkTx-TB1G2	GSSEKDCIKHLQRCRENKDCCSKKCSRRGTNPEKRCRKKYKPYVPVTTNPDEYIERAKECCKKQDIQCCLRIFDESKDPNVMLICLFCW	VCR020			
TEST0005524	TEST0005524	VAR0005434	Had-hIgG3-TB1G2	GSSEKDCIKHLQRCRENKDCCSKKCSRRGTNPEKRCREPKSSDKTHTPDEYIERAKECCKKQDIQCCLRIFDESKDPNVMLICLFCW	VCR020			
TEST0005525	TEST0005525	VAR0005435	MK(62-104)-GS-TB1G2	GSCKYKFENWGACDGGTGTKVRQGTLKKARYNAQCQETIRVTKPCGGGSGGGSGGGSPDEYIERAKECCKKQDIQCCLRIFDESKDPNVMLICLFCW	VCR020			
TEST0005526	TEST0005526	VAR0005436	MK(62-104)-DkTx-TB1G2	GSCKYKFENWGACDGGTGTKVRQGTLKKARYNAQCQETIRVTKPCKKYKPYVPVTTNPDEYIERAKECCKKQDIQCCLRIFDESKDPNVMLICLFCW	VCR020			
TEST0005527	TEST0005527	VAR0005437	MK(62-104)-hIgG3-TB1G2	GSCKYKFENWGACDGGTGTKVRQGTLKKARYNAQCQETIRVTKPCEPKSSDKTHTPDEYIERAKECCKKQDIQCCLRIFDESKDPNVMLICLFCW	VCR020			
TEST0005528	TEST0005528	VAR0005438	MCOTI-GS-TB1G2	GSSGSDGGVCPKILKKCRRDSDCPGACICRGNGYCGGGGSGGGSGGGSPDEYIERAKECCKKQDIQCCLRIFDESKDPNVMLICLFCW	VCR020			
TEST0005529	TEST0005529	VAR0005439	MCOTI-DkTx-TB1G2	GSSGSDGGVCPKILKKCRRDSDCPGACICRGNGYCGKKYKPYVPVTTNPDEYIERAKECCKKQDIQCCLRIFDESKDPNVMLICLFCW	VCR020			
TEST0005530	TEST0005530	VAR0005440	MCOTI-hIgG3-TB1G2	GSSGSDGGVCPKILKKCRRDSDCPGACICRGNGYCGEPKSSDKTHTPDEYIERAKECCKKQDIQCCLRIFDESKDPNVMLICLFCW	VCR020			
TEST0005531	TEST0005531	VAR0005441	CTXgraft01	GSMCMPCFSDDLFMRARCAKCCGGAGRGRCYGPQCLCR	VCR020			
TEST0005532	TEST0005532	VAR0005442	CTXgraft02	GSMCMPCFSSDLFMRAKCQKCCGGAGRGKCYGPQCLCR	VCR020			
TEST0005533	TEST0005533	VAR0005443	CTXgraft03	GSMCMPCFLFDSQMARRCDDCCGGRGRGECRGPQCLCR	VCR020			
TEST0005534	TEST0005534	VAR0005444	CTXgraft04	GSMCMPCFLFDSQMARKCDDCCGGKGRGKCDGPQCLCR	VCR020			
TEST0005535	TEST0005535	VAR0005445	CTXgraft05	GSMCMPCFTTDHQMARRCDDCCLFDGFGRCYGPQCLCV	VCR020			
TEST0005536	TEST0005536	VAR0005446	CTXgraft06	GSMCMPCFTTDHQMARKCDDCCLFIGWGKCYGPQCLCK	VCR020			
TEST0005537	TEST0005537	VAR0005447	CTXgraft07	GSMCEPCTTLFTDEANSCDACCGGRGRGRCYGPQCLCR	VCR020			
TEST0005538	TEST0005538	VAR0005448	CTXgraft08	GSMCTPCWTLFQSIADLCDACCGGKGRGKCYGPQCLCR	VCR020			
TEST0005539	TEST0005539	VAR0005449	CTXgraft09	GSMCMPCFTTDHQMARRCDDCCGGALFGRCYGPQCLCI	VCR020			
TEST0005540	TEST0005540	VAR0005450	CTXgraft10	GSMCMPCFTTDHQMARKCDDCCGGALFGKCYGPQCLCI	VCR020			
TEST0005541	TEST0005541	VAR0005451	CTXgraft11	GSMCMPCFTTDLTMQLFCEACCGGSGRGRCYGPQCLCR	VCR020			
TEST0005542	TEST0005542	VAR0005452	CTXgraft12	GSMCMPCFTTDLTMQLFCEACCGGSGRGKCYGPQCLCR	VCR020			
TEST0005543	TEST0005543	VAR0005453	CTXgraft13	GSMCVPCYTMLQDVAYLCWWCCGGKGRGKCYGPQCLCR	VCR020			
TEST0005544	TEST0005544	VAR0005454	CTXgraft14	GSMCYPCFTTDHTMAMLCWQCCGGEGRGKCYGPQCLCR	VCR020			
TEST0005545	TEST0005545	VAR0005455	CTXgraft15	GSMCSPCFTTDHTMAMLCQQCCGGYGRGRCYGPQCLCR	VCR020			
TEST0005546	TEST0005546	VAR0005456	MCOTIgraft01	GSSGNLGGVCPKILKKCRNETDCPGACICFENGYCG	VCR020			
TEST0005547	TEST0005547	VAR0005457	MCOTIgraft02	GSSGSDGGVCPKILKKCRRDSDCPGACICRLFGYCG	VCR020			
TEST0005548	TEST0005548	VAR0005458	MCOTIgraft03	GSSGLFGGVCPKILKKCRTENDCPGACQCRGNGYCG	VCR020			
TEST0005549	TEST0005549	VAR0005459	MCOTIgraft04	GSSGTDLFWCPKILKKCRRDSDCPGACICRGNGYCG	VCR020			
TEST0005550	TEST0005550	VAR0005460	MCOTIgraft05	GSSGSDGGVCPLFIQKCRRDSDCPGACICRGNGYCG	VCR020			
TEST0005551	TEST0005551	VAR0005461	MCOTIgraft06	GSSGSDGGVCPKILKECLFNSDCPGACICRGNGYCG	VCR020			
TEST0005552	TEST0005552	VAR0005462	MCOTIgraft07	GSSGSDGGVCPMLFSRCRRDSDCPGACICRGNGFCG	VCR020			
TEST0005553	TEST0005553	VAR0005463	MCOTI	SGSDGGVCPKILKKCRRDSDCPGACICRGNGYCG	VCR020			
TEST0005554	TEST0005554	VAR0005464	Opi2	GDCLPHLKLCKENKDCCSKKCKRRGTNIEKRCR	VCR020			
TEST0005555	TEST0005555	VAR0005465	Hem	GDCLPHLKLCKADKDCCSKKCKRRGTNPEKRCR	VCR020			
TEST0005556	TEST0005556	VAR0005466	Mca	GDCLPHLKRCKENNDCCSKKCKRRGTNPEKRCR	VCR020			
TEST0005557	TEST0005557	VAR0005467	MK	CKYKFENWGACDGGTGTKVRQGTLKKARYNAQCQETIRVTKPC	VCR020			
TEST0005645	TEST0005645	VAR0005468	hLF_TB1G2	GSKCFQWQRNMRKVRGPPVSCIKRGGSPDEYIERAKECCKKQDIQCCLRIFDESKDPNVMLICLFCW	VCR020			
TEST0005647	TEST0005647	VAR0005469	PFVYLI_TB1G2	GSPFVYLIGGSPDEYIERAKECCKKQDIQCCLRIFDESKDPNVMLICLFCW	VCR020			
' is set on object 'Object Repository/Page_Import Sample Set OptidesCompo/textarea_data'

2017-09-22 13:32:47 - [MESSAGE][PASSED] - Text 'Name	ID	Parent ID	Alternate Name	AASeq	Vector			
TEST0000013	TEST0000013	VAR0000016	OTD-000054	GSSEKDCIKHLQRCRENKDCCSKKCSRRGTNPEKRCR	VCR020			
TEST0000026	TEST0000026	VAR0000046	OTD-000071	GSGDCLPHLKRCKADNDCCGKKCKRRGTNAEKRCR	VCR020			
TEST0000037	TEST0000037	VAR0000028	OTD-000087	GSGDCLPHLKRCKENNDCCSKKCKRRGANPEKRCR	VCR020			
TEST0001397	TEST0001397	VAR0001397	OTD-000035	GSMCMPCFTTDHQMARRCDDCCGGRGRGRCYGPQCLCR	VCR020			
TEST0001463	TEST0001463	VAR0001462	CTX_WT, OTD-000194	GSMCMPCFTTDHQMARKCDDCCGGKGRGKCYGPQCLCR	VCR020			
TEST0005460	TEST0005460	VAR0005368	OTD-000313	GSPDEYIERAKECCKKQDIQCCLRIFDESKDPNVMLICLFCW	VCR020			
TEST0005476	TEST0005476	VAR0005386	Tat_TB1G2	GSGRKKRRQRRRGGSPDEYIERAKECCKKQDIQCCLRIFDESKDPNVMLICLFCW	VCR020			
TEST0005477	TEST0005477	VAR0005387	CysTat_TB1G2	GSCYRKKRRQRRRGGSPDEYIERAKECCKKQDIQCCLRIFDESKDPNVMLICLFCW	VCR020			
TEST0005478	TEST0005478	VAR0005388	S19-Tat_TB1G2	GSPFVIGAGVLGALGTGIGGIGRKKRRQRRRGGSPDEYIERAKECCKKQDIQCCLRIFDESKDPNVMLICLFCW	VCR020			
TEST0005479	TEST0005479	VAR0005389	Pas-Tat_TB1G2	GSFFLIPKGGRKKRRQRRRGGSPDEYIERAKECCKKQDIQCCLRIFDESKDPNVMLICLFCW	VCR020			
TEST0005480	TEST0005480	VAR0005390	R8_TB1G2	GSRRRRRRRRGGSPDEYIERAKECCKKQDIQCCLRIFDESKDPNVMLICLFCW	VCR020			
TEST0005481	TEST0005481	VAR0005391	Pas-R8_TB1G2	GSFFLIPKGRRRRRRRRGGSPDEYIERAKECCKKQDIQCCLRIFDESKDPNVMLICLFCW	VCR020			
TEST0005482	TEST0005482	VAR0005392	pAntp_TB1G2	GSRQIKIWFQNRRMKWKKGGSPDEYIERAKECCKKQDIQCCLRIFDESKDPNVMLICLFCW	VCR020			
TEST0005483	TEST0005483	VAR0005393	Pas-pAntp_TB1G2	GSFFLIPKGRQIKIWFQNRRMKWKKGGSPDEYIERAKECCKKQDIQCCLRIFDESKDPNVMLICLFCW	VCR020			
TEST0005484	TEST0005484	VAR0005394	Pas-FHV_TB1G2	GSFFLIPKGRRRRNRTRRNRRRVRGGSPDEYIERAKECCKKQDIQCCLRIFDESKDPNVMLICLFCW	VCR020			
TEST0005485	TEST0005485	VAR0005395	MCa(1-9)_TB1G2	GSGDALPHLKLGGSPDEYIERAKECCKKQDIQCCLRIFDESKDPNVMLICLFCW	VCR020			
TEST0005486	TEST0005486	VAR0005396	Imp(1-9)_TB1G2	GSGDALPHLKRGGSPDEYIERAKECCKKQDIQCCLRIFDESKDPNVMLICLFCW	VCR020			
TEST0005487	TEST0005487	VAR0005397	Had(1-11)_TB1G2	GSSEKDAIKHLQRGGSPDEYIERAKECCKKQDIQCCLRIFDESKDPNVMLICLFCW	VCR020			
TEST0005488	TEST0005488	VAR0005398	Had(3-11)_TB1G2	GSKDAIKHLQRGGSPDEYIERAKECCKKQDIQCCLRIFDESKDPNVMLICLFCW	VCR020			
TEST0005489	TEST0005489	VAR0005399	ybbR_TB1G2	GSVLDSLEFIASKLGGSPDEYIERAKECCKKQDIQCCLRIFDESKDPNVMLICLFCW	VCR020			
TEST0005490	TEST0005490	VAR0005400	Q15(F2R4)_TB1G2	GSPDEYIERAKECCKKFFRRRRDIQCCLRIFDESKDPNVMLICLFCW	VCR020			
TEST0005491	TEST0005491	VAR0005401	CTX_TEAD_EYE	GSMCMPCDTTDHLMALFCDGCCGNSGRGKCYGPQCLCR	VCR020			
TEST0005492	TEST0005492	VAR0005402	B55_TB1G2	GSKAVLGATKIDLPVDINDPYDLGLLLRHLRHHSNLLANIGDPAVREQVLSAMQEEEGGSPDEYIERAKECCKKQDIQCCLRIFDESKDPNVMLICLFCW	VCR020			
TEST0005493	TEST0005493	VAR0005403	azu_TB1G2	GSLSTAADMQGVVTDGMASGLDKDYLKPDDGGSPDEYIERAKECCKKQDIQCCLRIFDESKDPNVMLICLFCW	VCR020			
TEST0005494	TEST0005494	VAR0005404	IMT-P8_TB1G2	GSRRWRRWNRFNRRRCRGGSPDEYIERAKECCKKQDIQCCLRIFDESKDPNVMLICLFCW	VCR020			
TEST0005495	TEST0005495	VAR0005405	BR2_TB1G2	GSRAGLQFPVGRLLRRLLRGGSPDEYIERAKECCKKQDIQCCLRIFDESKDPNVMLICLFCW	VCR020			
TEST0005496	TEST0005496	VAR0005406	OMOTAG1_TB1G2	GSKRAHHNALERKRRGGSPDEYIERAKECCKKQDIQCCLRIFDESKDPNVMLICLFCW	VCR020			
TEST0005497	TEST0005497	VAR0005407	OMOTAG2_TB1G2	RRMKANARERNRMGGSPDEYIERAKECCKKQDIQCCLRIFDESKDPNVMLICLFCW	VCR020			
TEST0005498	TEST0005498	VAR0005408	pVEC_TB1G2	GSLLIILRRRIRKQAHAHSKGGSPDEYIERAKECCKKQDIQCCLRIFDESKDPNVMLICLFCW	VCR020			
TEST0005499	TEST0005499	VAR0005409	SynB3_TB1G2	GSRRLSYSRRRFGGSPDEYIERAKECCKKQDIQCCLRIFDESKDPNVMLICLFCW	VCR020			
TEST0005500	TEST0005500	VAR0005410	DPV1047_TB1G2	GSVKRGLKLRHVRPRVTRMDVGGSPDEYIERAKECCKKQDIQCCLRIFDESKDPNVMLICLFCW	VCR020			
TEST0005501	TEST0005501	VAR0005411	C105Y_TB1G2	GSCSIPPEVKFNKPFVYLIGGSPDEYIERAKECCKKQDIQCCLRIFDESKDPNVMLICLFCW	VCR020			
TEST0005502	TEST0005502	VAR0005412	Transportan_TB1G2	GSGWTLNSAGYLLGKINLKALAALAKKILGGSPDEYIERAKECCKKQDIQCCLRIFDESKDPNVMLICLFCW	VCR020			
TEST0005503	TEST0005503	VAR0005413	MTS_TB1G2	GSKGEGAAVLLPVLLAAPGGGSPDEYIERAKECCKKQDIQCCLRIFDESKDPNVMLICLFCW	VCR020			
TEST0005504	TEST0005504	VAR0005414	Ctx-GS-TB1G2	GSMCMPCFTTDHQMARKCDDCCGGKGRGKCYGPQCLCRGGGSGGGSGGGSPDEYIERAKECCKKQDIQCCLRIFDESKDPNVMLICLFCW	VCR020			
TEST0005505	TEST0005505	VAR0005415	Ctx-DkTx-TB1G2	GSMCMPCFTTDHQMARKCDDCCGGKGRGKCYGPQCLCRKKYKPYVPVTTNPDEYIERAKECCKKQDIQCCLRIFDESKDPNVMLICLFCW	VCR020			
TEST0005506	TEST0005506	VAR0005416	Ctx-hIgG3-TB1G2	GSMCMPCFTTDHQMARKCDDCCGGKGRGKCYGPQCLCREPKSSDKTHTPDEYIERAKECCKKQDIQCCLRIFDESKDPNVMLICLFCW	VCR020			
TEST0005507	TEST0005507	VAR0005417	MCa-GS-TB1G2	GSGDCLPHLKLCKENKDCCSKKCKRRGTNIEKRCRGGGSGGGSGGGSPDEYIERAKECCKKQDIQCCLRIFDESKDPNVMLICLFCW	VCR020			
TEST0005508	TEST0005508	VAR0005418	MCa-DkTx-TB1G2	GSGDCLPHLKLCKENKDCCSKKCKRRGTNIEKRCRKKYKPYVPVTTNPDEYIERAKECCKKQDIQCCLRIFDESKDPNVMLICLFCW	VCR020			
TEST0005509	TEST0005509	VAR0005419	MCa-hIgG3-TB1G2	GSGDCLPHLKLCKENKDCCSKKCKRRGTNIEKRCREPKSSDKTHTPDEYIERAKECCKKQDIQCCLRIFDESKDPNVMLICLFCW	VCR020			
TEST0005510	TEST0005510	VAR0005420	Imp-GS-TB1G2	GSGDCLPHLKRCKADNDCCGKKCKRRGTNAEKRCRGGGSGGGSGGGSPDEYIERAKECCKKQDIQCCLRIFDESKDPNVMLICLFCW	VCR020			
TEST0005511	TEST0005511	VAR0005421	Imp-DkTx-TB1G2	GSGDCLPHLKRCKADNDCCGKKCKRRGTNAEKRCRKKYKPYVPVTTNPDEYIERAKECCKKQDIQCCLRIFDESKDPNVMLICLFCW	VCR020			
TEST0005512	TEST0005512	VAR0005422	Imp-hIgG3-TB1G2	GSGDCLPHLKRCKADNDCCGKKCKRRGTNAEKRCREPKSSDKTHTPDEYIERAKECCKKQDIQCCLRIFDESKDPNVMLICLFCW	VCR020			
TEST0005513	TEST0005513	VAR0005423	Hem-GS-TB1G2	GSGDCLPHLKLCKADKDCCSKKCKRRGTNPEKRCRGGGSGGGSGGGSPDEYIERAKECCKKQDIQCCLRIFDESKDPNVMLICLFCW	VCR020			
TEST0005514	TEST0005514	VAR0005424	Hem-DkTx-TB1G2	GSGDCLPHLKLCKADKDCCSKKCKRRGTNPEKRCRKKYKPYVPVTTNPDEYIERAKECCKKQDIQCCLRIFDESKDPNVMLICLFCW	VCR020			
TEST0005515	TEST0005515	VAR0005425	Hem-hIgG3-TB1G2	GSGDCLPHLKLCKADKDCCSKKCKRRGTNPEKRCREPKSSDKTHTPDEYIERAKECCKKQDIQCCLRIFDESKDPNVMLICLFCW	VCR020			
TEST0005516	TEST0005516	VAR0005426	Opi1-GS-TB1G2	GSGDCLPHLKRCKENNDCCSKKCKRRGTNPEKRCRGGGSGGGSGGGSPDEYIERAKECCKKQDIQCCLRIFDESKDPNVMLICLFCW	VCR020			
TEST0005517	TEST0005517	VAR0005427	Opi1-DkTx-TB1G2	GSGDCLPHLKRCKENNDCCSKKCKRRGTNPEKRCRKKYKPYVPVTTNPDEYIERAKECCKKQDIQCCLRIFDESKDPNVMLICLFCW	VCR020			
TEST0005518	TEST0005518	VAR0005428	Opi1-hIgG3-TB1G2	GSGDCLPHLKRCKENNDCCSKKCKRRGTNPEKRCREPKSSDKTHTPDEYIERAKECCKKQDIQCCLRIFDESKDPNVMLICLFCW	VCR020			
TEST0005519	TEST0005519	VAR0005429	Opi2-GS-TB1G2	GSGDCLPHLKRCKENNDCCSKKCKRRGANPEKRCRGGGSGGGSGGGSPDEYIERAKECCKKQDIQCCLRIFDESKDPNVMLICLFCW	VCR020			
TEST0005520	TEST0005520	VAR0005430	Opi2-DkTx-TB1G2	GSGDCLPHLKRCKENNDCCSKKCKRRGANPEKRCRKKYKPYVPVTTNPDEYIERAKECCKKQDIQCCLRIFDESKDPNVMLICLFCW	VCR020			
TEST0005521	TEST0005521	VAR0005431	Opi2-hIgG3-TB1G2	GSGDCLPHLKRCKENNDCCSKKCKRRGANPEKRCREPKSSDKTHTPDEYIERAKECCKKQDIQCCLRIFDESKDPNVMLICLFCW	VCR020			
TEST0005522	TEST0005522	VAR0005432	Had-GS-TB1G2	GSSEKDCIKHLQRCRENKDCCSKKCSRRGTNPEKRCRGGGSGGGSGGGSPDEYIERAKECCKKQDIQCCLRIFDESKDPNVMLICLFCW	VCR020			
TEST0005523	TEST0005523	VAR0005433	Had-DkTx-TB1G2	GSSEKDCIKHLQRCRENKDCCSKKCSRRGTNPEKRCRKKYKPYVPVTTNPDEYIERAKECCKKQDIQCCLRIFDESKDPNVMLICLFCW	VCR020			
TEST0005524	TEST0005524	VAR0005434	Had-hIgG3-TB1G2	GSSEKDCIKHLQRCRENKDCCSKKCSRRGTNPEKRCREPKSSDKTHTPDEYIERAKECCKKQDIQCCLRIFDESKDPNVMLICLFCW	VCR020			
TEST0005525	TEST0005525	VAR0005435	MK(62-104)-GS-TB1G2	GSCKYKFENWGACDGGTGTKVRQGTLKKARYNAQCQETIRVTKPCGGGSGGGSGGGSPDEYIERAKECCKKQDIQCCLRIFDESKDPNVMLICLFCW	VCR020			
TEST0005526	TEST0005526	VAR0005436	MK(62-104)-DkTx-TB1G2	GSCKYKFENWGACDGGTGTKVRQGTLKKARYNAQCQETIRVTKPCKKYKPYVPVTTNPDEYIERAKECCKKQDIQCCLRIFDESKDPNVMLICLFCW	VCR020			
TEST0005527	TEST0005527	VAR0005437	MK(62-104)-hIgG3-TB1G2	GSCKYKFENWGACDGGTGTKVRQGTLKKARYNAQCQETIRVTKPCEPKSSDKTHTPDEYIERAKECCKKQDIQCCLRIFDESKDPNVMLICLFCW	VCR020			
TEST0005528	TEST0005528	VAR0005438	MCOTI-GS-TB1G2	GSSGSDGGVCPKILKKCRRDSDCPGACICRGNGYCGGGGSGGGSGGGSPDEYIERAKECCKKQDIQCCLRIFDESKDPNVMLICLFCW	VCR020			
TEST0005529	TEST0005529	VAR0005439	MCOTI-DkTx-TB1G2	GSSGSDGGVCPKILKKCRRDSDCPGACICRGNGYCGKKYKPYVPVTTNPDEYIERAKECCKKQDIQCCLRIFDESKDPNVMLICLFCW	VCR020			
TEST0005530	TEST0005530	VAR0005440	MCOTI-hIgG3-TB1G2	GSSGSDGGVCPKILKKCRRDSDCPGACICRGNGYCGEPKSSDKTHTPDEYIERAKECCKKQDIQCCLRIFDESKDPNVMLICLFCW	VCR020			
TEST0005531	TEST0005531	VAR0005441	CTXgraft01	GSMCMPCFSDDLFMRARCAKCCGGAGRGRCYGPQCLCR	VCR020			
TEST0005532	TEST0005532	VAR0005442	CTXgraft02	GSMCMPCFSSDLFMRAKCQKCCGGAGRGKCYGPQCLCR	VCR020			
TEST0005533	TEST0005533	VAR0005443	CTXgraft03	GSMCMPCFLFDSQMARRCDDCCGGRGRGECRGPQCLCR	VCR020			
TEST0005534	TEST0005534	VAR0005444	CTXgraft04	GSMCMPCFLFDSQMARKCDDCCGGKGRGKCDGPQCLCR	VCR020			
TEST0005535	TEST0005535	VAR0005445	CTXgraft05	GSMCMPCFTTDHQMARRCDDCCLFDGFGRCYGPQCLCV	VCR020			
TEST0005536	TEST0005536	VAR0005446	CTXgraft06	GSMCMPCFTTDHQMARKCDDCCLFIGWGKCYGPQCLCK	VCR020			
TEST0005537	TEST0005537	VAR0005447	CTXgraft07	GSMCEPCTTLFTDEANSCDACCGGRGRGRCYGPQCLCR	VCR020			
TEST0005538	TEST0005538	VAR0005448	CTXgraft08	GSMCTPCWTLFQSIADLCDACCGGKGRGKCYGPQCLCR	VCR020			
TEST0005539	TEST0005539	VAR0005449	CTXgraft09	GSMCMPCFTTDHQMARRCDDCCGGALFGRCYGPQCLCI	VCR020			
TEST0005540	TEST0005540	VAR0005450	CTXgraft10	GSMCMPCFTTDHQMARKCDDCCGGALFGKCYGPQCLCI	VCR020			
TEST0005541	TEST0005541	VAR0005451	CTXgraft11	GSMCMPCFTTDLTMQLFCEACCGGSGRGRCYGPQCLCR	VCR020			
TEST0005542	TEST0005542	VAR0005452	CTXgraft12	GSMCMPCFTTDLTMQLFCEACCGGSGRGKCYGPQCLCR	VCR020			
TEST0005543	TEST0005543	VAR0005453	CTXgraft13	GSMCVPCYTMLQDVAYLCWWCCGGKGRGKCYGPQCLCR	VCR020			
TEST0005544	TEST0005544	VAR0005454	CTXgraft14	GSMCYPCFTTDHTMAMLCWQCCGGEGRGKCYGPQCLCR	VCR020			
TEST0005545	TEST0005545	VAR0005455	CTXgraft15	GSMCSPCFTTDHTMAMLCQQCCGGYGRGRCYGPQCLCR	VCR020			
TEST0005546	TEST0005546	VAR0005456	MCOTIgraft01	GSSGNLGGVCPKILKKCRNETDCPGACICFENGYCG	VCR020			
TEST0005547	TEST0005547	VAR0005457	MCOTIgraft02	GSSGSDGGVCPKILKKCRRDSDCPGACICRLFGYCG	VCR020			
TEST0005548	TEST0005548	VAR0005458	MCOTIgraft03	GSSGLFGGVCPKILKKCRTENDCPGACQCRGNGYCG	VCR020			
TEST0005549	TEST0005549	VAR0005459	MCOTIgraft04	GSSGTDLFWCPKILKKCRRDSDCPGACICRGNGYCG	VCR020			
TEST0005550	TEST0005550	VAR0005460	MCOTIgraft05	GSSGSDGGVCPLFIQKCRRDSDCPGACICRGNGYCG	VCR020			
TEST0005551	TEST0005551	VAR0005461	MCOTIgraft06	GSSGSDGGVCPKILKECLFNSDCPGACICRGNGYCG	VCR020			
TEST0005552	TEST0005552	VAR0005462	MCOTIgraft07	GSSGSDGGVCPMLFSRCRRDSDCPGACICRGNGFCG	VCR020			
TEST0005553	TEST0005553	VAR0005463	MCOTI	SGSDGGVCPKILKKCRRDSDCPGACICRGNGYCG	VCR020			
TEST0005554	TEST0005554	VAR0005464	Opi2	GDCLPHLKLCKENKDCCSKKCKRRGTNIEKRCR	VCR020			
TEST0005555	TEST0005555	VAR0005465	Hem	GDCLPHLKLCKADKDCCSKKCKRRGTNPEKRCR	VCR020			
TEST0005556	TEST0005556	VAR0005466	Mca	GDCLPHLKRCKENNDCCSKKCKRRGTNPEKRCR	VCR020			
TEST0005557	TEST0005557	VAR0005467	MK	CKYKFENWGACDGGTGTKVRQGTLKKARYNAQCQETIRVTKPC	VCR020			
TEST0005645	TEST0005645	VAR0005468	hLF_TB1G2	GSKCFQWQRNMRKVRGPPVSCIKRGGSPDEYIERAKECCKKQDIQCCLRIFDESKDPNVMLICLFCW	VCR020			
TEST0005647	TEST0005647	VAR0005469	PFVYLI_TB1G2	GSPFVYLIGGSPDEYIERAKECCKKQDIQCCLRIFDESKDPNVMLICLFCW	VCR020			
' is set on object 'Object Repository/Page_Import Sample Set OptidesCompo/textarea_data'

2017-09-22 13:32:47 - [TEST_STEP][PASSED] - click: Object: 'Object Repository/Page_Import Sample Set OptidesCompo/span_Submit' is clicked on

2017-09-22 13:33:00 - [MESSAGE][PASSED] - Object: 'Object Repository/Page_Import Sample Set OptidesCompo/span_Submit' is clicked on

2017-09-22 13:33:00 - [TEST_STEP][PASSED] - closeBrowser: Browser is closed

2017-09-22 13:33:01 - [MESSAGE][PASSED] - Browser is closed]]></system-out>
         <system-err><![CDATA[]]></system-err>
      </testcase>
      <testcase name="Test Cases/HT_DNA OrderGeneratorTest" classname="Test Cases/HT_DNA OrderGeneratorTest" status="PASSED">
         <system-out><![CDATA[2017-09-22 13:33:01 - [TEST_CASE][PASSED] - Test Cases/HT_DNA OrderGeneratorTest: Test Cases/HT_DNA OrderGeneratorTest

2017-09-22 13:33:02 - [TEST_STEP][PASSED] - callTestCase: Call Test Case 'Test Cases/OpenAndLogIn' successfully

2017-09-22 13:33:02 - [TEST_CASE][PASSED] - Test Cases/OpenAndLogIn: Test Cases/OpenAndLogIn

2017-09-22 13:33:02 - [TEST_STEP][PASSED] - openBrowser: Browser is opened with url: 'https://optides-dev-lk1.fhcrc.org'

2017-09-22 13:33:08 - [MESSAGE][PASSED] - Browser is opened with url: 'https://optides-dev-lk1.fhcrc.org'

2017-09-22 13:33:08 - [TEST_STEP][PASSED] - maximizeWindow: Current window maximized

2017-09-22 13:33:09 - [MESSAGE][PASSED] - Current window maximized

2017-09-22 13:33:09 - [TEST_STEP][PASSED] - click: Object: 'Object Repository/LSC_objects/Page_Optide Dev Server home/a_SignIn' is clicked on

2017-09-22 13:33:10 - [MESSAGE][PASSED] - Object: 'Object Repository/LSC_objects/Page_Optide Dev Server home/a_SignIn' is clicked on

2017-09-22 13:33:10 - [TEST_STEP][PASSED] - setText: Text 'hramos@fhcrc.org' is set on object 'Object Repository/LSC_objects/Page_Sign In/input_email'

2017-09-22 13:33:11 - [MESSAGE][PASSED] - Text 'hramos@fhcrc.org' is set on object 'Object Repository/LSC_objects/Page_Sign In/input_email'

2017-09-22 13:33:11 - [TEST_STEP][PASSED] - setText: Text 'One1Two2' is set on object 'Object Repository/LSC_objects/Page_Sign In/input_password'

2017-09-22 13:33:11 - [MESSAGE][PASSED] - Text 'One1Two2' is set on object 'Object Repository/LSC_objects/Page_Sign In/input_password'

2017-09-22 13:33:11 - [TEST_STEP][PASSED] - click: Object: 'Object Repository/LSC_objects/Page_Sign In/span_Sign In' is clicked on

2017-09-22 13:33:11 - [MESSAGE][PASSED] - Object: 'Object Repository/LSC_objects/Page_Sign In/span_Sign In' is clicked on

2017-09-22 13:33:11 - [TEST_STEP][PASSED] - click: Object: 'Object Repository/LSC_objects/Page_Optide Dev Server home/span_Optides' is clicked on

2017-09-22 13:33:16 - [MESSAGE][PASSED] - Object: 'Object Repository/LSC_objects/Page_Optide Dev Server home/span_Optides' is clicked on

2017-09-22 13:33:16 - [MESSAGE][PASSED] - Call Test Case 'Test Cases/OpenAndLogIn' successfully

2017-09-22 13:33:16 - [TEST_STEP][PASSED] - mouseOver: Object: 'Object Repository/Page_Start Page Optides/a_CompoundsRegistry' is hovered

2017-09-22 13:33:17 - [MESSAGE][PASSED] - Object: 'Object Repository/Page_Start Page Optides/a_CompoundsRegistry' is hovered

2017-09-22 13:33:17 - [TEST_STEP][PASSED] - waitForElementVisible: Object 'Object Repository/Page_Start Page Optides/a_Samples_CompReg' is visible

2017-09-22 13:33:17 - [MESSAGE][WARNING] - Timeout '0' is invalid. Using default page load timeout: '30'

2017-09-22 13:33:18 - [MESSAGE][PASSED] - Object 'Object Repository/Page_Start Page Optides/a_Samples_CompReg' is visible

2017-09-22 13:33:18 - [TEST_STEP][PASSED] - click: Object: 'Object Repository/Page_Start Page Optides/a_Samples_CompReg' is clicked on

2017-09-22 13:33:19 - [MESSAGE][PASSED] - Object: 'Object Repository/Page_Start Page Optides/a_Samples_CompReg' is clicked on

2017-09-22 13:33:19 - [TEST_STEP][PASSED] - click: Object: 'Object Repository/Page_Assay Dashboard OptidesCompoun/span_ht_dna_generateOrder4Kata' is clicked on

2017-09-22 13:33:25 - [MESSAGE][PASSED] - Object: 'Object Repository/Page_Assay Dashboard OptidesCompoun/span_ht_dna_generateOrder4Kata' is clicked on

2017-09-22 13:33:25 - [TEST_STEP][PASSED] - click: Object: 'Object Repository/Page_Assay Dashboard OptidesCompoun/span_Import Data' is clicked on

2017-09-22 13:33:26 - [MESSAGE][PASSED] - Object: 'Object Repository/Page_Assay Dashboard OptidesCompoun/span_Import Data' is clicked on

2017-09-22 13:33:26 - [TEST_STEP][PASSED] - click: Object: 'Object Repository/Page_Assay Dashboard OptidesCompoun/label_Upload HT Order Form int' is clicked on

2017-09-22 13:33:26 - [MESSAGE][PASSED] - Object: 'Object Repository/Page_Assay Dashboard OptidesCompoun/label_Upload HT Order Form int' is clicked on

2017-09-22 13:33:26 - [TEST_STEP][PASSED] - click: Object: 'Object Repository/Page_Assay Dashboard OptidesCompoun/button_Import' is clicked on

2017-09-22 13:33:27 - [MESSAGE][PASSED] - Object: 'Object Repository/Page_Assay Dashboard OptidesCompoun/button_Import' is clicked on

2017-09-22 13:33:27 - [TEST_STEP][PASSED] - setText: Text 'GS' is set on object 'Object Repository/Page_Upload a spreadsheet of orders/input_linker_seq_txt'

2017-09-22 13:33:27 - [MESSAGE][PASSED] - Text 'GS' is set on object 'Object Repository/Page_Upload a spreadsheet of orders/input_linker_seq_txt'

2017-09-22 13:33:27 - [TEST_STEP][PASSED] - selectOptionByValue: All options with value 'GenScript' are selected in object 'Object Repository/Page_Upload a spreadsheet of orders/select_vendor_name_lst'  using regular expression

2017-09-22 13:33:27 - [MESSAGE][PASSED] - All options with value 'GenScript' are selected in object 'Object Repository/Page_Upload a spreadsheet of orders/select_vendor_name_lst'  using regular expression

2017-09-22 13:33:27 - [TEST_STEP][PASSED] - click: Object: 'Object Repository/Page_Upload a spreadsheet of orders/span_Generate HT Order Form' is clicked on

2017-09-22 13:33:28 - [MESSAGE][PASSED] - Object: 'Object Repository/Page_Upload a spreadsheet of orders/span_Generate HT Order Form' is clicked on

2017-09-22 13:33:28 - [TEST_STEP][PASSED] - Statement - pipelineStatus = com.kms.katalon.core.webui.keyword.WebUiBuiltInKeywords.getAttribute(com.kms.katalon.core.testobject.ObjectRepository.findTestObject(Page_Data Pipeline - CompoundsRegistry/a_PipelineStatus), "text"): Attribute 'text' of object 'Object Repository/Page_Data Pipeline - CompoundsRegistry/a_PipelineStatus' is: 'ht_order_generator RUNNING'

2017-09-22 13:33:28 - [MESSAGE][PASSED] - Attribute 'text' of object 'Object Repository/Page_Data Pipeline - CompoundsRegistry/a_PipelineStatus' is: 'ht_order_generator RUNNING'

2017-09-22 13:33:28 - [TEST_STEP][PASSED] - Statement - While (pipelineStatus == "ht_order_generator RUNNING" || pipelineStatus == "ht_order_generator WAITING"): Attribute 'text' of object 'Object Repository/Page_Data Pipeline - CompoundsRegistry/a_PipelineStatus' is: 'COMPLETE'

2017-09-22 13:33:28 - [TEST_STEP][PASSED] - delay: Delayed 10 second(s)

2017-09-22 13:33:38 - [MESSAGE][PASSED] - Delayed 10 second(s)

2017-09-22 13:33:38 - [TEST_STEP][PASSED] - Statement - pipelineStatus = com.kms.katalon.core.webui.keyword.WebUiBuiltInKeywords.getAttribute(com.kms.katalon.core.testobject.ObjectRepository.findTestObject(Page_Data Pipeline - CompoundsRegistry/a_PipelineStatus), "text"): Attribute 'text' of object 'Object Repository/Page_Data Pipeline - CompoundsRegistry/a_PipelineStatus' is: 'ht_order_generator RUNNING'

2017-09-22 13:33:39 - [MESSAGE][PASSED] - Attribute 'text' of object 'Object Repository/Page_Data Pipeline - CompoundsRegistry/a_PipelineStatus' is: 'ht_order_generator RUNNING'

2017-09-22 13:33:39 - [TEST_STEP][PASSED] - delay: Delayed 10 second(s)

2017-09-22 13:33:49 - [MESSAGE][PASSED] - Delayed 10 second(s)

2017-09-22 13:33:49 - [TEST_STEP][PASSED] - Statement - pipelineStatus = com.kms.katalon.core.webui.keyword.WebUiBuiltInKeywords.getAttribute(com.kms.katalon.core.testobject.ObjectRepository.findTestObject(Page_Data Pipeline - CompoundsRegistry/a_PipelineStatus), "text"): Attribute 'text' of object 'Object Repository/Page_Data Pipeline - CompoundsRegistry/a_PipelineStatus' is: 'COMPLETE'

2017-09-22 13:33:49 - [MESSAGE][PASSED] - Attribute 'text' of object 'Object Repository/Page_Data Pipeline - CompoundsRegistry/a_PipelineStatus' is: 'COMPLETE'

2017-09-22 13:33:49 - [TEST_STEP][PASSED] - Statement - assert pipelineStatus == "COMPLETE": null

2017-09-22 13:33:49 - [TEST_STEP][PASSED] - closeBrowser: Browser is closed

2017-09-22 13:33:50 - [MESSAGE][PASSED] - Browser is closed]]></system-out>
         <system-err><![CDATA[]]></system-err>
      </testcase>
      <testcase name="Test Cases/postTest-RemoveTestConstructs" classname="Test Cases/postTest-RemoveTestConstructs" status="PASSED">
         <system-out><![CDATA[2017-09-22 13:33:50 - [TEST_CASE][PASSED] - Test Cases/postTest-RemoveTestConstructs: Test Cases/postTest-RemoveTestConstructs

2017-09-22 13:33:50 - [TEST_STEP][PASSED] - openBrowser: Browser is opened with url: 'https://optides-dev-lk1.fhcrc.org'

2017-09-22 13:33:55 - [MESSAGE][PASSED] - Browser is opened with url: 'https://optides-dev-lk1.fhcrc.org'

2017-09-22 13:33:55 - [TEST_STEP][PASSED] - maximizeWindow: Current window maximized

2017-09-22 13:33:57 - [MESSAGE][PASSED] - Current window maximized

2017-09-22 13:33:57 - [TEST_STEP][PASSED] - click: Object: 'Object Repository/LSC_objects/Page_Optide Dev Server home/a_SignIn' is clicked on

2017-09-22 13:33:58 - [MESSAGE][PASSED] - Object: 'Object Repository/LSC_objects/Page_Optide Dev Server home/a_SignIn' is clicked on

2017-09-22 13:33:58 - [TEST_STEP][PASSED] - setText: Text 'hramos@fhcrc.org' is set on object 'Object Repository/LSC_objects/Page_Sign In/input_email'

2017-09-22 13:33:58 - [MESSAGE][PASSED] - Text 'hramos@fhcrc.org' is set on object 'Object Repository/LSC_objects/Page_Sign In/input_email'

2017-09-22 13:33:58 - [TEST_STEP][PASSED] - setText: Text 'One1Two2' is set on object 'Object Repository/LSC_objects/Page_Sign In/input_password'

2017-09-22 13:33:58 - [MESSAGE][PASSED] - Text 'One1Two2' is set on object 'Object Repository/LSC_objects/Page_Sign In/input_password'

2017-09-22 13:33:58 - [TEST_STEP][PASSED] - click: Object: 'Object Repository/LSC_objects/Page_Sign In/span_Sign In' is clicked on

2017-09-22 13:33:58 - [MESSAGE][PASSED] - Object: 'Object Repository/LSC_objects/Page_Sign In/span_Sign In' is clicked on

2017-09-22 13:33:58 - [TEST_STEP][PASSED] - click: Object: 'Object Repository/LSC_objects/Page_Optide Dev Server home/span_Optides' is clicked on

2017-09-22 13:34:02 - [MESSAGE][PASSED] - Object: 'Object Repository/LSC_objects/Page_Optide Dev Server home/span_Optides' is clicked on

2017-09-22 13:34:02 - [TEST_STEP][PASSED] - mouseOver: Object: 'Object Repository/Page_Start Page Optides/a_CompoundsRegistry' is hovered

2017-09-22 13:34:03 - [MESSAGE][PASSED] - Object: 'Object Repository/Page_Start Page Optides/a_CompoundsRegistry' is hovered

2017-09-22 13:34:03 - [TEST_STEP][PASSED] - waitForElementVisible: Object 'Object Repository/Page_Start Page Optides/a_Samples_CompReg' is visible

2017-09-22 13:34:03 - [MESSAGE][WARNING] - Timeout '0' is invalid. Using default page load timeout: '30'

2017-09-22 13:34:04 - [MESSAGE][PASSED] - Object 'Object Repository/Page_Start Page Optides/a_Samples_CompReg' is visible

2017-09-22 13:34:04 - [TEST_STEP][PASSED] - click: Object: 'Object Repository/Page_Start Page Optides/a_Samples_CompReg' is clicked on

2017-09-22 13:34:06 - [MESSAGE][PASSED] - Object: 'Object Repository/Page_Start Page Optides/a_Samples_CompReg' is clicked on

2017-09-22 13:34:06 - [TEST_STEP][PASSED] - click: Object: 'Object Repository/Page_Assay Dashboard OptidesCompoun/a_Construct' is clicked on

2017-09-22 13:34:09 - [MESSAGE][PASSED] - Object: 'Object Repository/Page_Assay Dashboard OptidesCompoun/a_Construct' is clicked on

2017-09-22 13:34:09 - [TEST_STEP][PASSED] - click: Object: 'Object Repository/Page_Sample Set Construct OptidesCo/div_ID' is clicked on

2017-09-22 13:34:09 - [MESSAGE][PASSED] - Object: 'Object Repository/Page_Sample Set Construct OptidesCo/div_ID' is clicked on

2017-09-22 13:34:09 - [TEST_STEP][PASSED] - click: Object: 'Object Repository/Page_Sample Set Construct OptidesCo/span_Filter...' is clicked on

2017-09-22 13:34:10 - [MESSAGE][PASSED] - Object: 'Object Repository/Page_Sample Set Construct OptidesCo/span_Filter...' is clicked on

2017-09-22 13:34:10 - [TEST_STEP][PASSED] - setText: Text 'TEST' is set on object 'Object Repository/Page_Sample Set Construct OptidesCo/input_value_1'

2017-09-22 13:34:12 - [MESSAGE][PASSED] - Text 'TEST' is set on object 'Object Repository/Page_Sample Set Construct OptidesCo/input_value_1'

2017-09-22 13:34:12 - [TEST_STEP][PASSED] - click: Object: 'Object Repository/Page_Sample Set Construct OptidesCo/button_OK' is clicked on

2017-09-22 13:34:13 - [MESSAGE][PASSED] - Object: 'Object Repository/Page_Sample Set Construct OptidesCo/button_OK' is clicked on

2017-09-22 13:34:13 - [TEST_STEP][PASSED] - click: Object: 'Object Repository/Page_Sample Set Construct OptidesCo/input_.toggle' is clicked on

2017-09-22 13:34:14 - [MESSAGE][PASSED] - Object: 'Object Repository/Page_Sample Set Construct OptidesCo/input_.toggle' is clicked on

2017-09-22 13:34:14 - [TEST_STEP][PASSED] - click: Object: 'Object Repository/Page_Sample Set Construct OptidesCo/span_Delete' is clicked on

2017-09-22 13:34:15 - [MESSAGE][PASSED] - Object: 'Object Repository/Page_Sample Set Construct OptidesCo/span_Delete' is clicked on

2017-09-22 13:34:15 - [TEST_STEP][PASSED] - click: Object: 'Object Repository/Page_Confirm Deletion OptidesCompou/span_Confirm Delete' is clicked on

2017-09-22 13:35:23 - [MESSAGE][PASSED] - Object: 'Object Repository/Page_Confirm Deletion OptidesCompou/span_Confirm Delete' is clicked on

2017-09-22 13:35:23 - [TEST_STEP][PASSED] - closeBrowser: Browser is closed

2017-09-22 13:35:24 - [MESSAGE][PASSED] - Browser is closed]]></system-out>
         <system-err><![CDATA[]]></system-err>
      </testcase>
      <system-out><![CDATA[2017-09-22 13:30:34 - [TEST_SUITE][FAILED] - OptidesLabkeyTests: Test Cases/LSCActivityCalcTest FAILED because (of) Unable to wait for object to be visible (Root cause: java.lang.IllegalArgumentException: Object is null)]]></system-out>
      <system-err><![CDATA[2017-09-22 13:30:34 - [TEST_SUITE][FAILED] - OptidesLabkeyTests: Test Cases/LSCActivityCalcTest FAILED because (of) Unable to wait for object to be visible (Root cause: java.lang.IllegalArgumentException: Object is null)]]></system-err>
   </testsuite>
</testsuites>
