<?xml version="1.0" encoding="UTF-8"?>
<testsuites name="OptidesLabkeyTests" time="45" tests="1" failures="0" errors="0">
   <testsuite name="OptidesLabkeyTests" tests="1" failures="0" errors="0" time="45" timestamp="2018-02-15 15:29:23" hostname="Hector - 140.107.11.14" id="Test Suites/OptidesLabkeyTests">
      <properties>
         <property name="deviceName" value=""/>
         <property name="devicePlatform" value=""/>
         <property name="logFolder" value="C:\\Users\\Hector\\Documents\\HRInternetConsulting\\Clients\\FHCRC\\Tachyon\\src\\RegressionTests\\Katalon\\OptidesTests\\Reports\\OptidesLabkeyTests\\20180215_152921"/>
         <property name="logFiles" value="C:\\Users\\Hector\\Documents\\HRInternetConsulting\\Clients\\FHCRC\\Tachyon\\src\\RegressionTests\\Katalon\\OptidesTests\\Reports\\OptidesLabkeyTests\\20180215_152921\\execution0.log"/>
         <property name="attachments" value=""/>
         <property name="hostName" value="Hector - 140.107.11.14"/>
         <property name="os" value="Windows 8.1 64bit"/>
         <property name="katalonVersion" value="5.1.0.2"/>
         <property name="browser" value="Chrome 64.0.3282.167"/>
         <property name="hostAddress" value="140.107.11.14"/>
         <property name="sessionId" value="91432e3e9f1f373097f05ccaa9b2d5a2"/>
         <property name="seleniumVersion" value="3.7.1"/>
         <property name="proxyInformation" value="ProxyInformation{proxyOption=NO_PROXY, proxyServerType=HTTP, password=, proxyServerAddress=, proxyServerPort=0}"/>
         <property name="platform" value="Windows 8.1"/>
      </properties>
      <testcase name="Test Cases/HPLC Image Assay Pipeline" classname="Test Cases/HPLC Image Assay Pipeline" status="PASSED">
         <system-out><![CDATA[2018-02-15 15:29:24 - [TEST_CASE][PASSED] - Test Cases/HPLC Image Assay Pipeline: Test Cases/HPLC Image Assay Pipeline

2018-02-15 15:29:25 - [TEST_STEP][PASSED] - callTestCase: Call Test Case 'Test Cases/OpenAndLogIn' successfully

2018-02-15 15:29:25 - [TEST_CASE][PASSED] - Test Cases/OpenAndLogIn: Test Cases/OpenAndLogIn

2018-02-15 15:29:25 - [TEST_STEP][PASSED] - openBrowser: Browser is opened with url: 'https://optides-dev-lk1.fhcrc.org'

2018-02-15 15:29:31 - [MESSAGE][PASSED] - Browser is opened with url: 'https://optides-dev-lk1.fhcrc.org'

2018-02-15 15:29:31 - [TEST_STEP][PASSED] - setViewPortSize: Viewport is set to new size with width = 2000 and height = 1500

2018-02-15 15:29:32 - [MESSAGE][PASSED] - Viewport is set to new size with width = 2000 and height = 1500

2018-02-15 15:29:32 - [TEST_STEP][PASSED] - click: Object: 'Object Repository/LSC_objects/Page_Optide Dev Server home/a_SignIn' is clicked on

2018-02-15 15:29:33 - [MESSAGE][PASSED] - Object: 'Object Repository/LSC_objects/Page_Optide Dev Server home/a_SignIn' is clicked on

2018-02-15 15:29:33 - [TEST_STEP][PASSED] - setText: Text 'hramos@fhcrc.org' is set on object 'Object Repository/LSC_objects/Page_Sign In/input_email'

2018-02-15 15:29:34 - [MESSAGE][PASSED] - Text 'hramos@fhcrc.org' is set on object 'Object Repository/LSC_objects/Page_Sign In/input_email'

2018-02-15 15:29:34 - [TEST_STEP][PASSED] - setText: Text 'One1Two2' is set on object 'Object Repository/LSC_objects/Page_Sign In/input_password'

2018-02-15 15:29:34 - [MESSAGE][PASSED] - Text 'One1Two2' is set on object 'Object Repository/LSC_objects/Page_Sign In/input_password'

2018-02-15 15:29:34 - [TEST_STEP][PASSED] - click: Object: 'Object Repository/LSC_objects/Page_Sign In/span_Sign In' is clicked on

2018-02-15 15:29:34 - [MESSAGE][PASSED] - Object: 'Object Repository/LSC_objects/Page_Sign In/span_Sign In' is clicked on

2018-02-15 15:29:34 - [TEST_STEP][PASSED] - click: Object: 'Object Repository/LSC_objects/Page_Optide Dev Server home/span_Optides' is clicked on

2018-02-15 15:29:37 - [MESSAGE][PASSED] - Object: 'Object Repository/LSC_objects/Page_Optide Dev Server home/span_Optides' is clicked on

2018-02-15 15:29:37 - [MESSAGE][PASSED] - Call Test Case 'Test Cases/OpenAndLogIn' successfully

2018-02-15 15:29:37 - [TEST_STEP][PASSED] - mouseOver: Object: 'Object Repository/Page_Start Page Optides/menu_HTProduction' is hovered

2018-02-15 15:29:39 - [MESSAGE][PASSED] - Object: 'Object Repository/Page_Start Page Optides/menu_HTProduction' is hovered

2018-02-15 15:29:39 - [TEST_STEP][PASSED] - waitForElementVisible: Object 'Object Repository/Page_Start Page Optides/a_Assays' is visible

2018-02-15 15:29:39 - [MESSAGE][WARNING] - Timeout '0' is invalid. Using default page load timeout: '30'

2018-02-15 15:29:41 - [MESSAGE][PASSED] - Object 'Object Repository/Page_Start Page Optides/a_Assays' is visible

2018-02-15 15:29:41 - [TEST_STEP][PASSED] - click: Object: 'Object Repository/Page_Start Page Optides/a_Assays' is clicked on

2018-02-15 15:29:43 - [MESSAGE][PASSED] - Object: 'Object Repository/Page_Start Page Optides/a_Assays' is clicked on

2018-02-15 15:29:43 - [TEST_STEP][PASSED] - refresh: Refresh successfully

2018-02-15 15:29:45 - [MESSAGE][PASSED] - Refresh successfully

2018-02-15 15:29:45 - [TEST_STEP][PASSED] - delay: Delayed 3 second(s)

2018-02-15 15:29:48 - [MESSAGE][PASSED] - Delayed 3 second(s)

2018-02-15 15:29:48 - [TEST_STEP][PASSED] - doubleClick: Object: 'Object Repository/Page_Assay Dashboard HTProduction/file_HPLC_Assay_Images' is double clicked on

2018-02-15 15:29:48 - [MESSAGE][PASSED] - Object: 'Object Repository/Page_Assay Dashboard HTProduction/file_HPLC_Assay_Images' is double clicked on

2018-02-15 15:29:48 - [TEST_STEP][PASSED] - waitForElementPresent: Object 'Object Repository/Page_Assay Dashboard HTProduction/file_HT0102' is present

2018-02-15 15:29:48 - [MESSAGE][WARNING] - Timeout '0' is invalid. Using default page load timeout: '30'

2018-02-15 15:29:49 - [MESSAGE][PASSED] - Object 'Object Repository/Page_Assay Dashboard HTProduction/file_HT0102' is present

2018-02-15 15:29:49 - [TEST_STEP][PASSED] - doubleClick: Object: 'Object Repository/Page_Assay Dashboard HTProduction/file_HT0102' is double clicked on

2018-02-15 15:29:49 - [MESSAGE][PASSED] - Object: 'Object Repository/Page_Assay Dashboard HTProduction/file_HT0102' is double clicked on

2018-02-15 15:29:49 - [TEST_STEP][PASSED] - waitForElementPresent: Object 'Object Repository/Page_Assay Dashboard HTProduction/file_HT01021A01_Perfect_etc' is present

2018-02-15 15:29:49 - [MESSAGE][WARNING] - Timeout '0' is invalid. Using default page load timeout: '30'

2018-02-15 15:29:50 - [MESSAGE][PASSED] - Object 'Object Repository/Page_Assay Dashboard HTProduction/file_HT01021A01_Perfect_etc' is present

2018-02-15 15:29:50 - [TEST_STEP][PASSED] - click: Object: 'Object Repository/Page_Assay Dashboard HTProduction/file_HT01021A01_Perfect_etc' is clicked on

2018-02-15 15:29:50 - [MESSAGE][PASSED] - Object: 'Object Repository/Page_Assay Dashboard HTProduction/file_HT01021A01_Perfect_etc' is clicked on

2018-02-15 15:29:50 - [TEST_STEP][PASSED] - click: Object: 'Object Repository/Page_Assay Dashboard HTProduction/file_HT01021A02_Complex_etc' is clicked on

2018-02-15 15:29:50 - [MESSAGE][PASSED] - Object: 'Object Repository/Page_Assay Dashboard HTProduction/file_HT01021A02_Complex_etc' is clicked on

2018-02-15 15:29:50 - [TEST_STEP][PASSED] - click: Object: 'Object Repository/Page_Assay Dashboard HTProduction/file_HT01021A03_Simple_etc' is clicked on

2018-02-15 15:29:50 - [MESSAGE][PASSED] - Object: 'Object Repository/Page_Assay Dashboard HTProduction/file_HT01021A03_Simple_etc' is clicked on

2018-02-15 15:29:50 - [TEST_STEP][PASSED] - click: Object: 'Object Repository/Page_Assay Dashboard HTProduction/file_HT01021A04_Perfect_523.58_6.53.jpg' is clicked on

2018-02-15 15:29:50 - [MESSAGE][PASSED] - Object: 'Object Repository/Page_Assay Dashboard HTProduction/file_HT01021A04_Perfect_523.58_6.53.jpg' is clicked on

2018-02-15 15:29:50 - [TEST_STEP][PASSED] - click: Object: 'Object Repository/Page_Assay Dashboard HTProduction/file_HT01021A05' is clicked on

2018-02-15 15:29:51 - [MESSAGE][PASSED] - Object: 'Object Repository/Page_Assay Dashboard HTProduction/file_HT01021A05' is clicked on

2018-02-15 15:29:51 - [TEST_STEP][PASSED] - click: Object: 'Object Repository/Page_Assay Dashboard OptidesCompoun/span_Import Data' is clicked on

2018-02-15 15:29:52 - [MESSAGE][PASSED] - Object: 'Object Repository/Page_Assay Dashboard OptidesCompoun/span_Import Data' is clicked on

2018-02-15 15:29:52 - [TEST_STEP][PASSED] - click: Object: 'Object Repository/Page_Assay Dashboard HTProduction/radioBtn_Update HPLC Assay' is clicked on

2018-02-15 15:29:52 - [MESSAGE][PASSED] - Object: 'Object Repository/Page_Assay Dashboard HTProduction/radioBtn_Update HPLC Assay' is clicked on

2018-02-15 15:29:52 - [TEST_STEP][PASSED] - click: Object: 'Object Repository/Page_Assay Dashboard OptidesCompoun/button_Import' is clicked on

2018-02-15 15:29:54 - [MESSAGE][PASSED] - Object: 'Object Repository/Page_Assay Dashboard OptidesCompoun/button_Import' is clicked on

2018-02-15 15:29:54 - [TEST_STEP][PASSED] - waitForElementVisible: Object 'Object Repository/Page_Upload_HT_Delivery_Info/a_submitButton' is visible

2018-02-15 15:29:54 - [MESSAGE][WARNING] - Timeout '0' is invalid. Using default page load timeout: '30'

2018-02-15 15:29:54 - [MESSAGE][PASSED] - Object 'Object Repository/Page_Upload_HT_Delivery_Info/a_submitButton' is visible

2018-02-15 15:29:54 - [TEST_STEP][PASSED] - Statement - If (com.kms.katalon.core.webui.keyword.WebUiBuiltInKeywords.verifyElementVisible(com.kms.katalon.core.testobject.ObjectRepository.findTestObject(input_ProtocolName), CONTINUE_ON_FAILURE)): Text 'TEST -Assay Image Import01' is set on object 'Object Repository/input_ProtocolName'

2018-02-15 15:29:54 - [MESSAGE][PASSED] - Object 'Object Repository/input_ProtocolName' is visible

2018-02-15 15:29:54 - [TEST_STEP][PASSED] - setText: Text 'TEST -Assay Image Import01' is set on object 'Object Repository/input_ProtocolName'

2018-02-15 15:29:55 - [MESSAGE][PASSED] - Text 'TEST -Assay Image Import01' is set on object 'Object Repository/input_ProtocolName'

2018-02-15 15:29:55 - [TEST_STEP][PASSED] - click: Object: 'Object Repository/Page_Upload_HT_Delivery_Info/a_submitButton' is clicked on

2018-02-15 15:29:55 - [MESSAGE][PASSED] - Object: 'Object Repository/Page_Upload_HT_Delivery_Info/a_submitButton' is clicked on

2018-02-15 15:29:55 - [TEST_STEP][PASSED] - delay: Delayed 2 second(s)

2018-02-15 15:29:57 - [MESSAGE][PASSED] - Delayed 2 second(s)

2018-02-15 15:29:57 - [TEST_STEP][PASSED] - Statement - url = com.kms.katalon.core.webui.keyword.WebUiBuiltInKeywords.getUrl(): Current window's url is: 'https://optides-dev-lk1.fhcrc.org/project/Optides/HTProduction/Assays/begin.view?'

2018-02-15 15:29:57 - [MESSAGE][PASSED] - Current window's url is: 'https://optides-dev-lk1.fhcrc.org/project/Optides/HTProduction/Assays/begin.view?'

2018-02-15 15:29:57 - [TEST_STEP][PASSED] - navigateToUrl: Navigate to 'https://optides-dev-lk1.fhcrc.org/project/Optides/HTProduction/Assays/begin.view?pageId=Pipeline' successfully

2018-02-15 15:29:57 - [MESSAGE][PASSED] - Navigate to 'https://optides-dev-lk1.fhcrc.org/project/Optides/HTProduction/Assays/begin.view?pageId=Pipeline' successfully

2018-02-15 15:29:57 - [TEST_STEP][PASSED] - click: Object: 'Object Repository/Page_Data Pipeline - CompoundsRegistry/a_All' is clicked on

2018-02-15 15:29:58 - [MESSAGE][PASSED] - Object: 'Object Repository/Page_Data Pipeline - CompoundsRegistry/a_All' is clicked on

2018-02-15 15:29:58 - [TEST_STEP][PASSED] - Statement - pipelineStatus = com.kms.katalon.core.webui.keyword.WebUiBuiltInKeywords.getAttribute(com.kms.katalon.core.testobject.ObjectRepository.findTestObject(Page_Data Pipeline - CompoundsRegistry/a_PipelineStatus), "text"): Attribute 'text' of object 'Object Repository/Page_Data Pipeline - CompoundsRegistry/a_PipelineStatus' is: 'COMPLETE'

2018-02-15 15:29:59 - [MESSAGE][PASSED] - Attribute 'text' of object 'Object Repository/Page_Data Pipeline - CompoundsRegistry/a_PipelineStatus' is: 'COMPLETE'

2018-02-15 15:29:59 - [TEST_STEP][PASSED] - Statement - While (pipelineStatus == "insert_jpegs RUNNING" || pipelineStatus == "insert_jpegs WAITING"): null

2018-02-15 15:29:59 - [TEST_STEP][PASSED] - Statement - assert pipelineStatus == "COMPLETE": null

2018-02-15 15:29:59 - [TEST_STEP][PASSED] - click: Object: 'Object Repository/Page_Data Pipeline - CompoundsRegistry/input_Toggle' is clicked on

2018-02-15 15:29:59 - [MESSAGE][PASSED] - Object: 'Object Repository/Page_Data Pipeline - CompoundsRegistry/input_Toggle' is clicked on

2018-02-15 15:29:59 - [TEST_STEP][PASSED] - click: Object: 'Object Repository/Page_Data Pipeline - CompoundsRegistry/btn_Delete' is clicked on

2018-02-15 15:30:00 - [MESSAGE][PASSED] - Object: 'Object Repository/Page_Data Pipeline - CompoundsRegistry/btn_Delete' is clicked on

2018-02-15 15:30:00 - [TEST_STEP][PASSED] - click: Object: 'Object Repository/Page_Data Pipeline - CompoundsRegistry/btn_ConfirmDelete' is clicked on

2018-02-15 15:30:01 - [MESSAGE][PASSED] - Object: 'Object Repository/Page_Data Pipeline - CompoundsRegistry/btn_ConfirmDelete' is clicked on

2018-02-15 15:30:01 - [TEST_STEP][PASSED] - click: Object: 'Object Repository/Page_Assay Dashboard HTProduction/link_Assays' is clicked on

2018-02-15 15:30:02 - [MESSAGE][PASSED] - Object: 'Object Repository/Page_Assay Dashboard HTProduction/link_Assays' is clicked on

2018-02-15 15:30:02 - [TEST_STEP][PASSED] - click: Object: 'Object Repository/Page_Assay Dashboard HTProduction/link_HPLC Assays' is clicked on

2018-02-15 15:30:04 - [MESSAGE][PASSED] - Object: 'Object Repository/Page_Assay Dashboard HTProduction/link_HPLC Assays' is clicked on

2018-02-15 15:30:04 - [TEST_STEP][PASSED] - click: Object: 'Object Repository/Page_Assay Dashboard HTProduction/chkbx_HPLC_HT0102' is clicked on

2018-02-15 15:30:04 - [MESSAGE][PASSED] - Object: 'Object Repository/Page_Assay Dashboard HTProduction/chkbx_HPLC_HT0102' is clicked on

2018-02-15 15:30:04 - [TEST_STEP][PASSED] - click: Object: 'Object Repository/Page_Assay Dashboard HTProduction/btn_Delete' is clicked on

2018-02-15 15:30:06 - [MESSAGE][PASSED] - Object: 'Object Repository/Page_Assay Dashboard HTProduction/btn_Delete' is clicked on

2018-02-15 15:30:06 - [TEST_STEP][PASSED] - click: Object: 'Object Repository/Page_Assay Dashboard HTProduction/btn_ConfirmDelete' is clicked on

2018-02-15 15:30:08 - [MESSAGE][PASSED] - Object: 'Object Repository/Page_Assay Dashboard HTProduction/btn_ConfirmDelete' is clicked on

2018-02-15 15:30:08 - [TEST_STEP][PASSED] - closeBrowser: Browser is closed

2018-02-15 15:30:09 - [MESSAGE][PASSED] - Browser is closed]]></system-out>
         <system-err><![CDATA[]]></system-err>
      </testcase>
      <system-out><![CDATA[2018-02-15 15:29:23 - [TEST_SUITE][PASSED] - OptidesLabkeyTests: Test Cases/HPLC Image Assay Pipeline]]></system-out>
      <system-err><![CDATA[]]></system-err>
   </testsuite>
</testsuites>
