<?xml version="1.0" encoding="UTF-8"?>
<testsuites name="OptidesLabkeyTests" time="59" tests="1" failures="0" errors="0">
   <testsuite name="OptidesLabkeyTests" tests="1" failures="0" errors="0" time="59" timestamp="2018-03-27 14:27:51" hostname="Hector - 140.107.11.187" id="Test Suites/OptidesLabkeyTests">
      <properties>
         <property name="deviceName" value=""/>
         <property name="devicePlatform" value=""/>
         <property name="logFolder" value="C:\\Users\\Hector\\Documents\\HRInternetConsulting\\Clients\\FHCRC\\Tachyon\\src\\RegressionTests\\Katalon\\OptidesTests\\Reports\\OptidesLabkeyTests\\20180327_142749"/>
         <property name="logFiles" value="C:\\Users\\Hector\\Documents\\HRInternetConsulting\\Clients\\FHCRC\\Tachyon\\src\\RegressionTests\\Katalon\\OptidesTests\\Reports\\OptidesLabkeyTests\\20180327_142749\\execution0.log"/>
         <property name="attachments" value=""/>
         <property name="hostName" value="Hector - 140.107.11.187"/>
         <property name="os" value="Windows 8.1 64bit"/>
         <property name="katalonVersion" value="5.3.1.1"/>
         <property name="browser" value="Chrome 65.0.3325.181"/>
         <property name="hostAddress" value="140.107.11.187"/>
         <property name="sessionId" value="475623168cc569c127b8b8b8a0082a8c"/>
         <property name="seleniumVersion" value="3.7.1"/>
         <property name="proxyInformation" value="ProxyInformation{proxyOption=NO_PROXY, proxyServerType=HTTP, password=, proxyServerAddress=, proxyServerPort=0}"/>
         <property name="platform" value="Windows 8.1"/>
      </properties>
      <testcase name="Test Cases/Insert Constructs via Pipeline Test" classname="Test Cases/Insert Constructs via Pipeline Test" status="PASSED">
         <system-out><![CDATA[2018-03-27 14:27:51 - [TEST_CASE][PASSED] - Test Cases/Insert Constructs via Pipeline Test: Test Cases/Insert Constructs via Pipeline Test

2018-03-27 14:27:52 - [TEST_STEP][PASSED] - callTestCase: Call Test Case 'Test Cases/OpenAndLogIn' successfully

2018-03-27 14:27:52 - [TEST_CASE][PASSED] - Test Cases/OpenAndLogIn: Test Cases/OpenAndLogIn

2018-03-27 14:27:52 - [TEST_STEP][PASSED] - openBrowser: Browser is opened with url: 'https://optides-stage.fhcrc.org'

2018-03-27 14:27:58 - [MESSAGE][PASSED] - Browser is opened with url: 'https://optides-stage.fhcrc.org'

2018-03-27 14:27:58 - [TEST_STEP][PASSED] - setViewPortSize: Viewport is set to new size with width = 2000 and height = 1500

2018-03-27 14:27:59 - [MESSAGE][PASSED] - Viewport is set to new size with width = 2000 and height = 1500

2018-03-27 14:27:59 - [TEST_STEP][PASSED] - click: Object: 'Object Repository/LSC_objects/Page_Optide Dev Server home/a_SignIn' is clicked on

2018-03-27 14:28:00 - [MESSAGE][PASSED] - Object: 'Object Repository/LSC_objects/Page_Optide Dev Server home/a_SignIn' is clicked on

2018-03-27 14:28:00 - [TEST_STEP][PASSED] - setText: Text 'hramos@fhcrc.org' is set on object 'Object Repository/LSC_objects/Page_Sign In/input_email'

2018-03-27 14:28:01 - [MESSAGE][PASSED] - Text 'hramos@fhcrc.org' is set on object 'Object Repository/LSC_objects/Page_Sign In/input_email'

2018-03-27 14:28:01 - [TEST_STEP][PASSED] - setText: Text 'One1Two2' is set on object 'Object Repository/LSC_objects/Page_Sign In/input_password'

2018-03-27 14:28:01 - [MESSAGE][PASSED] - Text 'One1Two2' is set on object 'Object Repository/LSC_objects/Page_Sign In/input_password'

2018-03-27 14:28:01 - [TEST_STEP][PASSED] - click: Object: 'Object Repository/LSC_objects/Page_Sign In/span_Sign In' is clicked on

2018-03-27 14:28:01 - [MESSAGE][PASSED] - Object: 'Object Repository/LSC_objects/Page_Sign In/span_Sign In' is clicked on

2018-03-27 14:28:01 - [TEST_STEP][PASSED] - click: Object: 'Object Repository/LSC_objects/Page_Optide Dev Server home/span_Optides' is clicked on

2018-03-27 14:28:03 - [MESSAGE][PASSED] - Object: 'Object Repository/LSC_objects/Page_Optide Dev Server home/span_Optides' is clicked on

2018-03-27 14:28:03 - [MESSAGE][PASSED] - Call Test Case 'Test Cases/OpenAndLogIn' successfully

2018-03-27 14:28:03 - [TEST_STEP][PASSED] - mouseOver: Object: 'Object Repository/Page_Start Page Optides/a_CompoundsRegistry' is hovered

2018-03-27 14:28:04 - [MESSAGE][PASSED] - Object: 'Object Repository/Page_Start Page Optides/a_CompoundsRegistry' is hovered

2018-03-27 14:28:04 - [TEST_STEP][PASSED] - waitForElementVisible: Object 'Object Repository/Page_Start Page Optides/a_Samples_CompReg' is visible

2018-03-27 14:28:04 - [MESSAGE][WARNING] - Timeout '0' is invalid. Using default page load timeout: '30'

2018-03-27 14:28:05 - [MESSAGE][PASSED] - Object 'Object Repository/Page_Start Page Optides/a_Samples_CompReg' is visible

2018-03-27 14:28:05 - [TEST_STEP][PASSED] - click: Object: 'Object Repository/Page_Start Page Optides/a_Samples_CompReg' is clicked on

2018-03-27 14:28:06 - [MESSAGE][PASSED] - Object: 'Object Repository/Page_Start Page Optides/a_Samples_CompReg' is clicked on

2018-03-27 14:28:06 - [TEST_STEP][PASSED] - click: Object: 'Object Repository/Page_Assay Dashboard OptidesCompoun/a_Files' is clicked on

2018-03-27 14:28:07 - [MESSAGE][PASSED] - Object: 'Object Repository/Page_Assay Dashboard OptidesCompoun/a_Files' is clicked on

2018-03-27 14:28:07 - [TEST_STEP][PASSED] - delay: Delayed 2 second(s)

2018-03-27 14:28:09 - [MESSAGE][PASSED] - Delayed 2 second(s)

2018-03-27 14:28:09 - [TEST_STEP][PASSED] - click: Object: 'Object Repository/Page_Assay Dashboard OptidesCompoun/file_TESTinsertConstructsThroughPipeline.xml' is clicked on

2018-03-27 14:28:15 - [MESSAGE][PASSED] - Object: 'Object Repository/Page_Assay Dashboard OptidesCompoun/file_TESTinsertConstructsThroughPipeline.xml' is clicked on

2018-03-27 14:28:15 - [TEST_STEP][PASSED] - click: Object: 'Object Repository/Page_Assay Dashboard OptidesCompoun/span_Import Data' is clicked on

2018-03-27 14:28:16 - [MESSAGE][PASSED] - Object: 'Object Repository/Page_Assay Dashboard OptidesCompoun/span_Import Data' is clicked on

2018-03-27 14:28:16 - [TEST_STEP][PASSED] - click: Object: 'Object Repository/Page_Assay Dashboard OptidesCompoun/label_Insert New Construct Seq' is clicked on

2018-03-27 14:28:16 - [MESSAGE][PASSED] - Object: 'Object Repository/Page_Assay Dashboard OptidesCompoun/label_Insert New Construct Seq' is clicked on

2018-03-27 14:28:16 - [TEST_STEP][PASSED] - click: Object: 'Object Repository/Page_Assay Dashboard OptidesCompoun/button_Import' is clicked on

2018-03-27 14:28:16 - [MESSAGE][PASSED] - Object: 'Object Repository/Page_Assay Dashboard OptidesCompoun/button_Import' is clicked on

2018-03-27 14:28:16 - [TEST_STEP][PASSED] - waitForElementVisible: Object 'Object Repository/Page_Upload_HT_Delivery_Info/a_submitButton' is visible

2018-03-27 14:28:16 - [MESSAGE][WARNING] - Timeout '0' is invalid. Using default page load timeout: '30'

2018-03-27 14:28:17 - [MESSAGE][PASSED] - Object 'Object Repository/Page_Upload_HT_Delivery_Info/a_submitButton' is visible

2018-03-27 14:28:17 - [TEST_STEP][PASSED] - delay: Delayed 2 second(s)

2018-03-27 14:28:19 - [MESSAGE][PASSED] - Delayed 2 second(s)

2018-03-27 14:28:19 - [TEST_STEP][PASSED] - Statement - If (com.kms.katalon.core.webui.keyword.WebUiBuiltInKeywords.verifyElementVisible(com.kms.katalon.core.testobject.ObjectRepository.findTestObject(input_ProtocolName), CONTINUE_ON_FAILURE)): Text 'TEST - Constructs insert via Pipeline' is set on object 'Object Repository/input_ProtocolName'

2018-03-27 14:28:19 - [MESSAGE][PASSED] - Object 'Object Repository/input_ProtocolName' is visible

2018-03-27 14:28:19 - [TEST_STEP][PASSED] - setText: Text 'TEST - Constructs insert via Pipeline' is set on object 'Object Repository/input_ProtocolName'

2018-03-27 14:28:19 - [MESSAGE][PASSED] - Text 'TEST - Constructs insert via Pipeline' is set on object 'Object Repository/input_ProtocolName'

2018-03-27 14:28:19 - [TEST_STEP][PASSED] - click: Object: 'Object Repository/Page_Upload_HT_Delivery_Info/a_submitButton' is clicked on

2018-03-27 14:28:19 - [MESSAGE][PASSED] - Object: 'Object Repository/Page_Upload_HT_Delivery_Info/a_submitButton' is clicked on

2018-03-27 14:28:19 - [TEST_STEP][PASSED] - delay: Delayed 2 second(s)

2018-03-27 14:28:21 - [MESSAGE][PASSED] - Delayed 2 second(s)

2018-03-27 14:28:21 - [TEST_STEP][PASSED] - Statement - url = com.kms.katalon.core.webui.keyword.WebUiBuiltInKeywords.getUrl(): Current window's url is: 'https://optides-stage.fhcrc.org/project/Optides/CompoundsRegistry/Samples/begin.view?'

2018-03-27 14:28:21 - [MESSAGE][PASSED] - Current window's url is: 'https://optides-stage.fhcrc.org/project/Optides/CompoundsRegistry/Samples/begin.view?'

2018-03-27 14:28:21 - [TEST_STEP][PASSED] - navigateToUrl: Navigate to 'https://optides-stage.fhcrc.org/project/Optides/CompoundsRegistry/Samples/begin.view?pageId=Pipeline' successfully

2018-03-27 14:28:22 - [MESSAGE][PASSED] - Navigate to 'https://optides-stage.fhcrc.org/project/Optides/CompoundsRegistry/Samples/begin.view?pageId=Pipeline' successfully

2018-03-27 14:28:22 - [TEST_STEP][PASSED] - click: Object: 'Object Repository/Page_Data Pipeline - CompoundsRegistry/a_All' is clicked on

2018-03-27 14:28:22 - [MESSAGE][PASSED] - Object: 'Object Repository/Page_Data Pipeline - CompoundsRegistry/a_All' is clicked on

2018-03-27 14:28:22 - [TEST_STEP][PASSED] - Statement - pipelineStatus = com.kms.katalon.core.webui.keyword.WebUiBuiltInKeywords.getAttribute(com.kms.katalon.core.testobject.ObjectRepository.findTestObject(Page_Data Pipeline - CompoundsRegistry/a_PipelineStatus), "text"): Attribute 'text' of object 'Object Repository/Page_Data Pipeline - CompoundsRegistry/a_PipelineStatus' is: 'insert_constructs RUNNING'

2018-03-27 14:28:22 - [MESSAGE][PASSED] - Attribute 'text' of object 'Object Repository/Page_Data Pipeline - CompoundsRegistry/a_PipelineStatus' is: 'insert_constructs RUNNING'

2018-03-27 14:28:22 - [TEST_STEP][PASSED] - Statement - While (pipelineStatus == "insert_constructs RUNNING" || pipelineStatus == "insert_constructs WAITING"): Attribute 'text' of object 'Object Repository/Page_Data Pipeline - CompoundsRegistry/a_PipelineStatus' is: 'COMPLETE'

2018-03-27 14:28:22 - [TEST_STEP][PASSED] - delay: Delayed 10 second(s)

2018-03-27 14:28:32 - [MESSAGE][PASSED] - Delayed 10 second(s)

2018-03-27 14:28:32 - [TEST_STEP][PASSED] - Statement - pipelineStatus = com.kms.katalon.core.webui.keyword.WebUiBuiltInKeywords.getAttribute(com.kms.katalon.core.testobject.ObjectRepository.findTestObject(Page_Data Pipeline - CompoundsRegistry/a_PipelineStatus), "text"): Attribute 'text' of object 'Object Repository/Page_Data Pipeline - CompoundsRegistry/a_PipelineStatus' is: 'insert_constructs RUNNING'

2018-03-27 14:28:33 - [MESSAGE][PASSED] - Attribute 'text' of object 'Object Repository/Page_Data Pipeline - CompoundsRegistry/a_PipelineStatus' is: 'insert_constructs RUNNING'

2018-03-27 14:28:33 - [TEST_STEP][PASSED] - delay: Delayed 10 second(s)

2018-03-27 14:28:43 - [MESSAGE][PASSED] - Delayed 10 second(s)

2018-03-27 14:28:43 - [TEST_STEP][PASSED] - Statement - pipelineStatus = com.kms.katalon.core.webui.keyword.WebUiBuiltInKeywords.getAttribute(com.kms.katalon.core.testobject.ObjectRepository.findTestObject(Page_Data Pipeline - CompoundsRegistry/a_PipelineStatus), "text"): Attribute 'text' of object 'Object Repository/Page_Data Pipeline - CompoundsRegistry/a_PipelineStatus' is: 'COMPLETE'

2018-03-27 14:28:43 - [MESSAGE][PASSED] - Attribute 'text' of object 'Object Repository/Page_Data Pipeline - CompoundsRegistry/a_PipelineStatus' is: 'COMPLETE'

2018-03-27 14:28:43 - [TEST_STEP][PASSED] - Statement - assert pipelineStatus == "COMPLETE": null

2018-03-27 14:28:43 - [TEST_STEP][PASSED] - click: Object: 'Object Repository/Page_Data Pipeline - CompoundsRegistry/input_Toggle' is clicked on

2018-03-27 14:28:43 - [MESSAGE][PASSED] - Object: 'Object Repository/Page_Data Pipeline - CompoundsRegistry/input_Toggle' is clicked on

2018-03-27 14:28:43 - [TEST_STEP][PASSED] - click: Object: 'Object Repository/Page_Data Pipeline - CompoundsRegistry/btn_Delete' is clicked on

2018-03-27 14:28:49 - [MESSAGE][PASSED] - Object: 'Object Repository/Page_Data Pipeline - CompoundsRegistry/btn_Delete' is clicked on

2018-03-27 14:28:49 - [TEST_STEP][PASSED] - click: Object: 'Object Repository/Page_Data Pipeline - CompoundsRegistry/btn_ConfirmDelete' is clicked on

2018-03-27 14:28:49 - [MESSAGE][PASSED] - Object: 'Object Repository/Page_Data Pipeline - CompoundsRegistry/btn_ConfirmDelete' is clicked on

2018-03-27 14:28:49 - [TEST_STEP][PASSED] - closeBrowser: Browser is closed

2018-03-27 14:28:50 - [MESSAGE][PASSED] - Browser is closed]]></system-out>
         <system-err><![CDATA[]]></system-err>
      </testcase>
      <system-out><![CDATA[2018-03-27 14:27:51 - [TEST_SUITE][PASSED] - OptidesLabkeyTests: Test Cases/Insert Constructs via Pipeline Test]]></system-out>
      <system-err><![CDATA[]]></system-err>
   </testsuite>
</testsuites>
