<?xml version="1.0" encoding="UTF-8"?>
<testsuites name="OptidesLabkeyTests" time="200" tests="1" failures="0" errors="0">
   <testsuite name="OptidesLabkeyTests" tests="1" failures="0" errors="0" time="200" timestamp="2018-02-15 15:37:14" hostname="Hector - 140.107.11.14" id="Test Suites/OptidesLabkeyTests">
      <properties>
         <property name="deviceName" value=""/>
         <property name="devicePlatform" value=""/>
         <property name="logFolder" value="C:\\Users\\Hector\\Documents\\HRInternetConsulting\\Clients\\FHCRC\\Tachyon\\src\\RegressionTests\\Katalon\\OptidesTests\\Reports\\OptidesLabkeyTests\\20180215_153712"/>
         <property name="logFiles" value="C:\\Users\\Hector\\Documents\\HRInternetConsulting\\Clients\\FHCRC\\Tachyon\\src\\RegressionTests\\Katalon\\OptidesTests\\Reports\\OptidesLabkeyTests\\20180215_153712\\execution0.log"/>
         <property name="attachments" value=""/>
         <property name="hostName" value="Hector - 140.107.11.14"/>
         <property name="os" value="Windows 8.1 64bit"/>
         <property name="katalonVersion" value="5.1.0.2"/>
         <property name="browser" value="Chrome 64.0.3282.167"/>
         <property name="hostAddress" value="140.107.11.14"/>
         <property name="sessionId" value="9b2012d0d9d1ca0ac2126552e5e4f979"/>
         <property name="seleniumVersion" value="3.7.1"/>
         <property name="proxyInformation" value="ProxyInformation{proxyOption=NO_PROXY, proxyServerType=HTTP, password=, proxyServerAddress=, proxyServerPort=0}"/>
         <property name="platform" value="Windows 8.1"/>
      </properties>
      <testcase name="Test Cases/postTest-RemoveTestConstructs" classname="Test Cases/postTest-RemoveTestConstructs" status="PASSED">
         <system-out><![CDATA[2018-02-15 15:37:15 - [TEST_CASE][PASSED] - Test Cases/postTest-RemoveTestConstructs: Test Cases/postTest-RemoveTestConstructs

2018-02-15 15:37:16 - [TEST_STEP][PASSED] - callTestCase: Call Test Case 'Test Cases/OpenAndLogIn' successfully

2018-02-15 15:37:16 - [TEST_CASE][PASSED] - Test Cases/OpenAndLogIn: Test Cases/OpenAndLogIn

2018-02-15 15:37:16 - [TEST_STEP][PASSED] - openBrowser: Browser is opened with url: 'https://optides-dev-lk1.fhcrc.org'

2018-02-15 15:37:24 - [MESSAGE][PASSED] - Browser is opened with url: 'https://optides-dev-lk1.fhcrc.org'

2018-02-15 15:37:24 - [TEST_STEP][PASSED] - setViewPortSize: Viewport is set to new size with width = 2000 and height = 1500

2018-02-15 15:37:25 - [MESSAGE][PASSED] - Viewport is set to new size with width = 2000 and height = 1500

2018-02-15 15:37:25 - [TEST_STEP][PASSED] - click: Object: 'Object Repository/LSC_objects/Page_Optide Dev Server home/a_SignIn' is clicked on

2018-02-15 15:37:26 - [MESSAGE][PASSED] - Object: 'Object Repository/LSC_objects/Page_Optide Dev Server home/a_SignIn' is clicked on

2018-02-15 15:37:26 - [TEST_STEP][PASSED] - setText: Text 'hramos@fhcrc.org' is set on object 'Object Repository/LSC_objects/Page_Sign In/input_email'

2018-02-15 15:37:26 - [MESSAGE][PASSED] - Text 'hramos@fhcrc.org' is set on object 'Object Repository/LSC_objects/Page_Sign In/input_email'

2018-02-15 15:37:26 - [TEST_STEP][PASSED] - setText: Text 'One1Two2' is set on object 'Object Repository/LSC_objects/Page_Sign In/input_password'

2018-02-15 15:37:26 - [MESSAGE][PASSED] - Text 'One1Two2' is set on object 'Object Repository/LSC_objects/Page_Sign In/input_password'

2018-02-15 15:37:26 - [TEST_STEP][PASSED] - click: Object: 'Object Repository/LSC_objects/Page_Sign In/span_Sign In' is clicked on

2018-02-15 15:37:26 - [MESSAGE][PASSED] - Object: 'Object Repository/LSC_objects/Page_Sign In/span_Sign In' is clicked on

2018-02-15 15:37:26 - [TEST_STEP][PASSED] - click: Object: 'Object Repository/LSC_objects/Page_Optide Dev Server home/span_Optides' is clicked on

2018-02-15 15:37:30 - [MESSAGE][PASSED] - Object: 'Object Repository/LSC_objects/Page_Optide Dev Server home/span_Optides' is clicked on

2018-02-15 15:37:30 - [MESSAGE][PASSED] - Call Test Case 'Test Cases/OpenAndLogIn' successfully

2018-02-15 15:37:30 - [TEST_STEP][PASSED] - mouseOver: Object: 'Object Repository/Page_Start Page Optides/a_CompoundsRegistry' is hovered

2018-02-15 15:37:31 - [MESSAGE][PASSED] - Object: 'Object Repository/Page_Start Page Optides/a_CompoundsRegistry' is hovered

2018-02-15 15:37:31 - [TEST_STEP][PASSED] - waitForElementVisible: Object 'Object Repository/Page_Start Page Optides/a_Samples_CompReg' is visible

2018-02-15 15:37:31 - [MESSAGE][WARNING] - Timeout '0' is invalid. Using default page load timeout: '30'

2018-02-15 15:37:34 - [MESSAGE][PASSED] - Object 'Object Repository/Page_Start Page Optides/a_Samples_CompReg' is visible

2018-02-15 15:37:34 - [TEST_STEP][PASSED] - click: Object: 'Object Repository/Page_Start Page Optides/a_Samples_CompReg' is clicked on

2018-02-15 15:37:36 - [MESSAGE][PASSED] - Object: 'Object Repository/Page_Start Page Optides/a_Samples_CompReg' is clicked on

2018-02-15 15:37:36 - [TEST_STEP][PASSED] - click: Object: 'Object Repository/Page_Assay Dashboard OptidesCompoun/a_HT_DNA' is clicked on

2018-02-15 15:37:38 - [MESSAGE][PASSED] - Object: 'Object Repository/Page_Assay Dashboard OptidesCompoun/a_HT_DNA' is clicked on

2018-02-15 15:37:38 - [TEST_STEP][PASSED] - executeJavaScript: Execute JavaScript 'LABKEY.DataRegions['Material']._openFilter('ConstructID')' successfully

2018-02-15 15:37:38 - [MESSAGE][PASSED] - Execute JavaScript 'LABKEY.DataRegions['Material']._openFilter('ConstructID')' successfully

2018-02-15 15:37:38 - [TEST_STEP][PASSED] - setText: Text 'TST' is set on object 'Object Repository/Page_Sample Set Construct OptidesCo/input_value_1'

2018-02-15 15:37:40 - [MESSAGE][PASSED] - Text 'TST' is set on object 'Object Repository/Page_Sample Set Construct OptidesCo/input_value_1'

2018-02-15 15:37:40 - [TEST_STEP][PASSED] - click: Object: 'Object Repository/Page_Sample Set Construct OptidesCo/button_OK' is clicked on

2018-02-15 15:37:41 - [MESSAGE][PASSED] - Object: 'Object Repository/Page_Sample Set Construct OptidesCo/button_OK' is clicked on

2018-02-15 15:37:41 - [TEST_STEP][PASSED] - click: Object: 'Object Repository/Page_Sample Set Construct OptidesCo/input_.toggle' is clicked on

2018-02-15 15:37:42 - [MESSAGE][PASSED] - Object: 'Object Repository/Page_Sample Set Construct OptidesCo/input_.toggle' is clicked on

2018-02-15 15:37:42 - [TEST_STEP][PASSED] - click: Object: 'Object Repository/Page_Sample Set Construct OptidesCo/span_Delete' is clicked on

2018-02-15 15:37:44 - [MESSAGE][PASSED] - Object: 'Object Repository/Page_Sample Set Construct OptidesCo/span_Delete' is clicked on

2018-02-15 15:37:44 - [TEST_STEP][PASSED] - click: Object: 'Object Repository/Page_Confirm Deletion OptidesCompou/span_Confirm Delete' is clicked on

2018-02-15 15:38:06 - [MESSAGE][PASSED] - Object: 'Object Repository/Page_Confirm Deletion OptidesCompou/span_Confirm Delete' is clicked on

2018-02-15 15:38:06 - [TEST_STEP][PASSED] - mouseOver: Object: 'Object Repository/Page_Start Page Optides/a_CompoundsRegistry' is hovered

2018-02-15 15:38:06 - [MESSAGE][PASSED] - Object: 'Object Repository/Page_Start Page Optides/a_CompoundsRegistry' is hovered

2018-02-15 15:38:06 - [TEST_STEP][PASSED] - waitForElementVisible: Object 'Object Repository/Page_Start Page Optides/a_Samples_CompReg' is visible

2018-02-15 15:38:06 - [MESSAGE][WARNING] - Timeout '0' is invalid. Using default page load timeout: '30'

2018-02-15 15:38:07 - [MESSAGE][PASSED] - Object 'Object Repository/Page_Start Page Optides/a_Samples_CompReg' is visible

2018-02-15 15:38:07 - [TEST_STEP][PASSED] - click: Object: 'Object Repository/Page_Start Page Optides/a_Samples_CompReg' is clicked on

2018-02-15 15:38:09 - [MESSAGE][PASSED] - Object: 'Object Repository/Page_Start Page Optides/a_Samples_CompReg' is clicked on

2018-02-15 15:38:09 - [TEST_STEP][PASSED] - click: Object: 'Object Repository/Page_Assay Dashboard OptidesCompoun/a_Construct' is clicked on

2018-02-15 15:38:11 - [MESSAGE][PASSED] - Object: 'Object Repository/Page_Assay Dashboard OptidesCompoun/a_Construct' is clicked on

2018-02-15 15:38:11 - [TEST_STEP][PASSED] - executeJavaScript: Execute JavaScript 'LABKEY.DataRegions['Material']._openFilter('Name')' successfully

2018-02-15 15:38:11 - [MESSAGE][PASSED] - Execute JavaScript 'LABKEY.DataRegions['Material']._openFilter('Name')' successfully

2018-02-15 15:38:11 - [TEST_STEP][PASSED] - setText: Text 'TST' is set on object 'Object Repository/Page_Sample Set Construct OptidesCo/input_value_1'

2018-02-15 15:38:13 - [MESSAGE][PASSED] - Text 'TST' is set on object 'Object Repository/Page_Sample Set Construct OptidesCo/input_value_1'

2018-02-15 15:38:13 - [TEST_STEP][PASSED] - click: Object: 'Object Repository/Page_Sample Set Construct OptidesCo/button_OK' is clicked on

2018-02-15 15:38:14 - [MESSAGE][PASSED] - Object: 'Object Repository/Page_Sample Set Construct OptidesCo/button_OK' is clicked on

2018-02-15 15:38:14 - [TEST_STEP][PASSED] - click: Object: 'Object Repository/Page_Sample Set Construct OptidesCo/input_.toggle' is clicked on

2018-02-15 15:38:15 - [MESSAGE][PASSED] - Object: 'Object Repository/Page_Sample Set Construct OptidesCo/input_.toggle' is clicked on

2018-02-15 15:38:15 - [TEST_STEP][PASSED] - click: Object: 'Object Repository/Page_Sample Set Construct OptidesCo/span_Delete' is clicked on

2018-02-15 15:38:17 - [MESSAGE][PASSED] - Object: 'Object Repository/Page_Sample Set Construct OptidesCo/span_Delete' is clicked on

2018-02-15 15:38:17 - [TEST_STEP][PASSED] - click: Object: 'Object Repository/Page_Confirm Deletion OptidesCompou/span_Confirm Delete' is clicked on

2018-02-15 15:39:17 - [MESSAGE][PASSED] - Object: 'Object Repository/Page_Confirm Deletion OptidesCompou/span_Confirm Delete' is clicked on

2018-02-15 15:39:17 - [TEST_STEP][PASSED] - mouseOver: Object: 'Object Repository/Page_Start Page Optides/a_CompoundsRegistry' is hovered

2018-02-15 15:39:18 - [MESSAGE][PASSED] - Object: 'Object Repository/Page_Start Page Optides/a_CompoundsRegistry' is hovered

2018-02-15 15:39:18 - [TEST_STEP][PASSED] - waitForElementVisible: Object 'Object Repository/Page_Start Page Optides/a_Samples_CompReg' is visible

2018-02-15 15:39:18 - [MESSAGE][WARNING] - Timeout '0' is invalid. Using default page load timeout: '30'

2018-02-15 15:39:19 - [MESSAGE][PASSED] - Object 'Object Repository/Page_Start Page Optides/a_Samples_CompReg' is visible

2018-02-15 15:39:19 - [TEST_STEP][PASSED] - click: Object: 'Object Repository/Page_Start Page Optides/a_Samples_CompReg' is clicked on

2018-02-15 15:39:20 - [MESSAGE][PASSED] - Object: 'Object Repository/Page_Start Page Optides/a_Samples_CompReg' is clicked on

2018-02-15 15:39:20 - [TEST_STEP][PASSED] - click: Object: 'Object Repository/Page_Assay Dashboard OptidesCompoun/a_Construct' is clicked on

2018-02-15 15:39:22 - [MESSAGE][PASSED] - Object: 'Object Repository/Page_Assay Dashboard OptidesCompoun/a_Construct' is clicked on

2018-02-15 15:39:22 - [TEST_STEP][PASSED] - executeJavaScript: Execute JavaScript 'LABKEY.DataRegions['Material']._openFilter('AASeq')' successfully

2018-02-15 15:39:22 - [MESSAGE][PASSED] - Execute JavaScript 'LABKEY.DataRegions['Material']._openFilter('AASeq')' successfully

2018-02-15 15:39:22 - [TEST_STEP][PASSED] - setText: Text 'TTEESSTT' is set on object 'Object Repository/Page_Sample Set Construct OptidesCo/input_value_1'

2018-02-15 15:39:24 - [MESSAGE][PASSED] - Text 'TTEESSTT' is set on object 'Object Repository/Page_Sample Set Construct OptidesCo/input_value_1'

2018-02-15 15:39:24 - [TEST_STEP][PASSED] - click: Object: 'Object Repository/Page_Sample Set Construct OptidesCo/button_OK' is clicked on

2018-02-15 15:39:25 - [MESSAGE][PASSED] - Object: 'Object Repository/Page_Sample Set Construct OptidesCo/button_OK' is clicked on

2018-02-15 15:39:25 - [TEST_STEP][PASSED] - click: Object: 'Object Repository/Page_Sample Set Construct OptidesCo/input_.toggle' is clicked on

2018-02-15 15:39:26 - [MESSAGE][PASSED] - Object: 'Object Repository/Page_Sample Set Construct OptidesCo/input_.toggle' is clicked on

2018-02-15 15:39:26 - [TEST_STEP][PASSED] - click: Object: 'Object Repository/Page_Sample Set Construct OptidesCo/span_Delete' is clicked on

2018-02-15 15:39:28 - [MESSAGE][PASSED] - Object: 'Object Repository/Page_Sample Set Construct OptidesCo/span_Delete' is clicked on

2018-02-15 15:39:28 - [TEST_STEP][PASSED] - click: Object: 'Object Repository/Page_Confirm Deletion OptidesCompou/span_Confirm Delete' is clicked on

2018-02-15 15:39:51 - [MESSAGE][PASSED] - Object: 'Object Repository/Page_Confirm Deletion OptidesCompou/span_Confirm Delete' is clicked on

2018-02-15 15:39:51 - [TEST_STEP][PASSED] - click: Object: 'Object Repository/Page_Sample Set Construct OptidesCo/a_Sample Sets' is clicked on

2018-02-15 15:39:52 - [MESSAGE][PASSED] - Object: 'Object Repository/Page_Sample Set Construct OptidesCo/a_Sample Sets' is clicked on

2018-02-15 15:39:52 - [TEST_STEP][PASSED] - click: Object: 'Object Repository/Page_Assay Dashboard OptidesCompoun/a_Variant' is clicked on

2018-02-15 15:39:53 - [MESSAGE][PASSED] - Object: 'Object Repository/Page_Assay Dashboard OptidesCompoun/a_Variant' is clicked on

2018-02-15 15:39:53 - [TEST_STEP][PASSED] - executeJavaScript: Execute JavaScript 'LABKEY.DataRegions['Material']._openFilter('AASeq')' successfully

2018-02-15 15:39:53 - [MESSAGE][PASSED] - Execute JavaScript 'LABKEY.DataRegions['Material']._openFilter('AASeq')' successfully

2018-02-15 15:39:53 - [TEST_STEP][PASSED] - setText: Text 'TTEESSTT' is set on object 'Object Repository/Page_Sample Set Construct OptidesCo/input_value_1'

2018-02-15 15:39:55 - [MESSAGE][PASSED] - Text 'TTEESSTT' is set on object 'Object Repository/Page_Sample Set Construct OptidesCo/input_value_1'

2018-02-15 15:39:55 - [TEST_STEP][PASSED] - click: Object: 'Object Repository/Page_Sample Set Construct OptidesCo/button_OK' is clicked on

2018-02-15 15:39:56 - [MESSAGE][PASSED] - Object: 'Object Repository/Page_Sample Set Construct OptidesCo/button_OK' is clicked on

2018-02-15 15:39:56 - [TEST_STEP][PASSED] - click: Object: 'Object Repository/Page_Sample Set Construct OptidesCo/input_.toggle' is clicked on

2018-02-15 15:39:56 - [MESSAGE][PASSED] - Object: 'Object Repository/Page_Sample Set Construct OptidesCo/input_.toggle' is clicked on

2018-02-15 15:39:56 - [TEST_STEP][PASSED] - click: Object: 'Object Repository/Page_Sample Set Construct OptidesCo/span_Delete' is clicked on

2018-02-15 15:39:58 - [MESSAGE][PASSED] - Object: 'Object Repository/Page_Sample Set Construct OptidesCo/span_Delete' is clicked on

2018-02-15 15:39:58 - [TEST_STEP][PASSED] - click: Object: 'Object Repository/Page_Confirm Deletion OptidesCompou/span_Confirm Delete' is clicked on

2018-02-15 15:40:21 - [MESSAGE][PASSED] - Object: 'Object Repository/Page_Confirm Deletion OptidesCompou/span_Confirm Delete' is clicked on

2018-02-15 15:40:21 - [TEST_STEP][PASSED] - click: Object: 'Object Repository/Page_Sample Set Construct OptidesCo/a_Sample Sets' is clicked on

2018-02-15 15:40:21 - [MESSAGE][PASSED] - Object: 'Object Repository/Page_Sample Set Construct OptidesCo/a_Sample Sets' is clicked on

2018-02-15 15:40:21 - [TEST_STEP][PASSED] - click: Object: 'Object Repository/Page_Assay Dashboard OptidesCompoun/a_Homologue' is clicked on

2018-02-15 15:40:22 - [MESSAGE][PASSED] - Object: 'Object Repository/Page_Assay Dashboard OptidesCompoun/a_Homologue' is clicked on

2018-02-15 15:40:22 - [TEST_STEP][PASSED] - executeJavaScript: Execute JavaScript 'LABKEY.DataRegions['Material']._openFilter('AASeq')' successfully

2018-02-15 15:40:22 - [MESSAGE][PASSED] - Execute JavaScript 'LABKEY.DataRegions['Material']._openFilter('AASeq')' successfully

2018-02-15 15:40:22 - [TEST_STEP][PASSED] - setText: Text 'TTEESSTT' is set on object 'Object Repository/Page_Sample Set Construct OptidesCo/input_value_1'

2018-02-15 15:40:24 - [MESSAGE][PASSED] - Text 'TTEESSTT' is set on object 'Object Repository/Page_Sample Set Construct OptidesCo/input_value_1'

2018-02-15 15:40:24 - [TEST_STEP][PASSED] - click: Object: 'Object Repository/Page_Sample Set Construct OptidesCo/button_OK' is clicked on

2018-02-15 15:40:26 - [MESSAGE][PASSED] - Object: 'Object Repository/Page_Sample Set Construct OptidesCo/button_OK' is clicked on

2018-02-15 15:40:26 - [TEST_STEP][PASSED] - click: Object: 'Object Repository/Page_Sample Set Construct OptidesCo/input_.toggle' is clicked on

2018-02-15 15:40:26 - [MESSAGE][PASSED] - Object: 'Object Repository/Page_Sample Set Construct OptidesCo/input_.toggle' is clicked on

2018-02-15 15:40:26 - [TEST_STEP][PASSED] - click: Object: 'Object Repository/Page_Sample Set Construct OptidesCo/span_Delete' is clicked on

2018-02-15 15:40:27 - [MESSAGE][PASSED] - Object: 'Object Repository/Page_Sample Set Construct OptidesCo/span_Delete' is clicked on

2018-02-15 15:40:27 - [TEST_STEP][PASSED] - click: Object: 'Object Repository/Page_Confirm Deletion OptidesCompou/span_Confirm Delete' is clicked on

2018-02-15 15:40:27 - [MESSAGE][PASSED] - Object: 'Object Repository/Page_Confirm Deletion OptidesCompou/span_Confirm Delete' is clicked on

2018-02-15 15:40:27 - [TEST_STEP][PASSED] - click: Object: 'Object Repository/Page_Sample Set Construct OptidesCo/a_Sample Sets' is clicked on

2018-02-15 15:40:28 - [MESSAGE][PASSED] - Object: 'Object Repository/Page_Sample Set Construct OptidesCo/a_Sample Sets' is clicked on

2018-02-15 15:40:28 - [TEST_STEP][PASSED] - click: Object: 'Object Repository/Page_Assay Dashboard OptidesCompoun/a_CHEMProduction' is clicked on

2018-02-15 15:40:30 - [MESSAGE][PASSED] - Object: 'Object Repository/Page_Assay Dashboard OptidesCompoun/a_CHEMProduction' is clicked on

2018-02-15 15:40:30 - [TEST_STEP][PASSED] - executeJavaScript: Execute JavaScript 'LABKEY.DataRegions['Material']._openFilter('ReceivedBy')' successfully

2018-02-15 15:40:30 - [MESSAGE][PASSED] - Execute JavaScript 'LABKEY.DataRegions['Material']._openFilter('ReceivedBy')' successfully

2018-02-15 15:40:30 - [TEST_STEP][PASSED] - click: Object: 'Object Repository/Page_CHEMProduction SampleSet/a_All' is clicked on

2018-02-15 15:40:30 - [MESSAGE][PASSED] - Object: 'Object Repository/Page_CHEMProduction SampleSet/a_All' is clicked on

2018-02-15 15:40:30 - [TEST_STEP][PASSED] - click: Object: 'Object Repository/Page_CHEMProduction SampleSet/a_TESTTEST' is clicked on

2018-02-15 15:40:30 - [MESSAGE][PASSED] - Object: 'Object Repository/Page_CHEMProduction SampleSet/a_TESTTEST' is clicked on

2018-02-15 15:40:30 - [TEST_STEP][PASSED] - click: Object: 'Object Repository/Page_Sample Set Construct OptidesCo/button_OK' is clicked on

2018-02-15 15:40:31 - [MESSAGE][PASSED] - Object: 'Object Repository/Page_Sample Set Construct OptidesCo/button_OK' is clicked on

2018-02-15 15:40:31 - [TEST_STEP][PASSED] - click: Object: 'Object Repository/Page_Sample Set Construct OptidesCo/input_.toggle' is clicked on

2018-02-15 15:40:32 - [MESSAGE][PASSED] - Object: 'Object Repository/Page_Sample Set Construct OptidesCo/input_.toggle' is clicked on

2018-02-15 15:40:32 - [TEST_STEP][PASSED] - click: Object: 'Object Repository/Page_Sample Set Construct OptidesCo/span_Delete' is clicked on

2018-02-15 15:40:33 - [MESSAGE][PASSED] - Object: 'Object Repository/Page_Sample Set Construct OptidesCo/span_Delete' is clicked on

2018-02-15 15:40:33 - [TEST_STEP][PASSED] - click: Object: 'Object Repository/Page_Confirm Deletion OptidesCompou/span_Confirm Delete' is clicked on

2018-02-15 15:40:34 - [MESSAGE][PASSED] - Object: 'Object Repository/Page_Confirm Deletion OptidesCompou/span_Confirm Delete' is clicked on

2018-02-15 15:40:34 - [TEST_STEP][PASSED] - closeBrowser: Browser is closed

2018-02-15 15:40:35 - [MESSAGE][PASSED] - Browser is closed]]></system-out>
         <system-err><![CDATA[]]></system-err>
      </testcase>
      <system-out><![CDATA[2018-02-15 15:37:14 - [TEST_SUITE][PASSED] - OptidesLabkeyTests: Test Cases/postTest-RemoveTestConstructs]]></system-out>
      <system-err><![CDATA[]]></system-err>
   </testsuite>
</testsuites>
