<?xml version="1.0" encoding="UTF-8"?>
<testsuites name="OptidesLabkeyTests" time="163" tests="1" failures="0" errors="0">
   <testsuite name="OptidesLabkeyTests" tests="1" failures="0" errors="0" time="163" timestamp="2018-03-27 14:33:16" hostname="Hector - 140.107.11.187" id="Test Suites/OptidesLabkeyTests">
      <properties>
         <property name="deviceName" value=""/>
         <property name="devicePlatform" value=""/>
         <property name="logFolder" value="C:\\Users\\Hector\\Documents\\HRInternetConsulting\\Clients\\FHCRC\\Tachyon\\src\\RegressionTests\\Katalon\\OptidesTests\\Reports\\OptidesLabkeyTests\\20180327_143314"/>
         <property name="logFiles" value="C:\\Users\\Hector\\Documents\\HRInternetConsulting\\Clients\\FHCRC\\Tachyon\\src\\RegressionTests\\Katalon\\OptidesTests\\Reports\\OptidesLabkeyTests\\20180327_143314\\execution0.log"/>
         <property name="attachments" value=""/>
         <property name="hostName" value="Hector - 140.107.11.187"/>
         <property name="os" value="Windows 8.1 64bit"/>
         <property name="katalonVersion" value="5.3.1.1"/>
         <property name="browser" value="Chrome 65.0.3325.181"/>
         <property name="hostAddress" value="140.107.11.187"/>
         <property name="sessionId" value="3803c7eb30d715f30e85bcd068a723ce"/>
         <property name="seleniumVersion" value="3.7.1"/>
         <property name="proxyInformation" value="ProxyInformation{proxyOption=NO_PROXY, proxyServerType=HTTP, password=, proxyServerAddress=, proxyServerPort=0}"/>
         <property name="platform" value="Windows 8.1"/>
      </properties>
      <testcase name="Test Cases/postTest-RemoveTestConstructs" classname="Test Cases/postTest-RemoveTestConstructs" status="PASSED">
         <system-out><![CDATA[2018-03-27 14:33:16 - [TEST_CASE][PASSED] - Test Cases/postTest-RemoveTestConstructs: Test Cases/postTest-RemoveTestConstructs

2018-03-27 14:33:17 - [TEST_STEP][PASSED] - callTestCase: Call Test Case 'Test Cases/OpenAndLogIn' successfully

2018-03-27 14:33:17 - [TEST_CASE][PASSED] - Test Cases/OpenAndLogIn: Test Cases/OpenAndLogIn

2018-03-27 14:33:17 - [TEST_STEP][PASSED] - openBrowser: Browser is opened with url: 'https://optides-stage.fhcrc.org'

2018-03-27 14:33:21 - [MESSAGE][PASSED] - Browser is opened with url: 'https://optides-stage.fhcrc.org'

2018-03-27 14:33:21 - [TEST_STEP][PASSED] - setViewPortSize: Viewport is set to new size with width = 2000 and height = 1500

2018-03-27 14:33:22 - [MESSAGE][PASSED] - Viewport is set to new size with width = 2000 and height = 1500

2018-03-27 14:33:22 - [TEST_STEP][PASSED] - click: Object: 'Object Repository/LSC_objects/Page_Optide Dev Server home/a_SignIn' is clicked on

2018-03-27 14:33:24 - [MESSAGE][PASSED] - Object: 'Object Repository/LSC_objects/Page_Optide Dev Server home/a_SignIn' is clicked on

2018-03-27 14:33:24 - [TEST_STEP][PASSED] - setText: Text 'hramos@fhcrc.org' is set on object 'Object Repository/LSC_objects/Page_Sign In/input_email'

2018-03-27 14:33:24 - [MESSAGE][PASSED] - Text 'hramos@fhcrc.org' is set on object 'Object Repository/LSC_objects/Page_Sign In/input_email'

2018-03-27 14:33:24 - [TEST_STEP][PASSED] - setText: Text 'One1Two2' is set on object 'Object Repository/LSC_objects/Page_Sign In/input_password'

2018-03-27 14:33:24 - [MESSAGE][PASSED] - Text 'One1Two2' is set on object 'Object Repository/LSC_objects/Page_Sign In/input_password'

2018-03-27 14:33:24 - [TEST_STEP][PASSED] - click: Object: 'Object Repository/LSC_objects/Page_Sign In/span_Sign In' is clicked on

2018-03-27 14:33:24 - [MESSAGE][PASSED] - Object: 'Object Repository/LSC_objects/Page_Sign In/span_Sign In' is clicked on

2018-03-27 14:33:24 - [TEST_STEP][PASSED] - click: Object: 'Object Repository/LSC_objects/Page_Optide Dev Server home/span_Optides' is clicked on

2018-03-27 14:33:26 - [MESSAGE][PASSED] - Object: 'Object Repository/LSC_objects/Page_Optide Dev Server home/span_Optides' is clicked on

2018-03-27 14:33:26 - [MESSAGE][PASSED] - Call Test Case 'Test Cases/OpenAndLogIn' successfully

2018-03-27 14:33:26 - [TEST_STEP][PASSED] - mouseOver: Object: 'Object Repository/Page_Start Page Optides/a_CompoundsRegistry' is hovered

2018-03-27 14:33:27 - [MESSAGE][PASSED] - Object: 'Object Repository/Page_Start Page Optides/a_CompoundsRegistry' is hovered

2018-03-27 14:33:27 - [TEST_STEP][PASSED] - waitForElementVisible: Object 'Object Repository/Page_Start Page Optides/a_Samples_CompReg' is visible

2018-03-27 14:33:27 - [MESSAGE][WARNING] - Timeout '0' is invalid. Using default page load timeout: '30'

2018-03-27 14:33:28 - [MESSAGE][PASSED] - Object 'Object Repository/Page_Start Page Optides/a_Samples_CompReg' is visible

2018-03-27 14:33:28 - [TEST_STEP][PASSED] - click: Object: 'Object Repository/Page_Start Page Optides/a_Samples_CompReg' is clicked on

2018-03-27 14:33:29 - [MESSAGE][PASSED] - Object: 'Object Repository/Page_Start Page Optides/a_Samples_CompReg' is clicked on

2018-03-27 14:33:29 - [TEST_STEP][PASSED] - click: Object: 'Object Repository/Page_Assay Dashboard OptidesCompoun/a_HT_DNA' is clicked on

2018-03-27 14:33:30 - [MESSAGE][PASSED] - Object: 'Object Repository/Page_Assay Dashboard OptidesCompoun/a_HT_DNA' is clicked on

2018-03-27 14:33:30 - [TEST_STEP][PASSED] - executeJavaScript: Execute JavaScript 'LABKEY.DataRegions['Material']._openFilter('ConstructID')' successfully

2018-03-27 14:33:30 - [MESSAGE][PASSED] - Execute JavaScript 'LABKEY.DataRegions['Material']._openFilter('ConstructID')' successfully

2018-03-27 14:33:30 - [TEST_STEP][PASSED] - setText: Text 'TST' is set on object 'Object Repository/Page_Sample Set Construct OptidesCo/input_value_1'

2018-03-27 14:33:31 - [MESSAGE][PASSED] - Text 'TST' is set on object 'Object Repository/Page_Sample Set Construct OptidesCo/input_value_1'

2018-03-27 14:33:31 - [TEST_STEP][PASSED] - click: Object: 'Object Repository/Page_Sample Set Construct OptidesCo/button_OK' is clicked on

2018-03-27 14:33:32 - [MESSAGE][PASSED] - Object: 'Object Repository/Page_Sample Set Construct OptidesCo/button_OK' is clicked on

2018-03-27 14:33:32 - [TEST_STEP][PASSED] - click: Object: 'Object Repository/Page_Sample Set Construct OptidesCo/input_.toggle' is clicked on

2018-03-27 14:33:32 - [MESSAGE][PASSED] - Object: 'Object Repository/Page_Sample Set Construct OptidesCo/input_.toggle' is clicked on

2018-03-27 14:33:32 - [TEST_STEP][PASSED] - click: Object: 'Object Repository/Page_Sample Set Construct OptidesCo/span_Delete' is clicked on

2018-03-27 14:33:32 - [MESSAGE][PASSED] - Object: 'Object Repository/Page_Sample Set Construct OptidesCo/span_Delete' is clicked on

2018-03-27 14:33:32 - [TEST_STEP][PASSED] - click: Object: 'Object Repository/Page_Confirm Deletion OptidesCompou/span_Confirm Delete' is clicked on

2018-03-27 14:34:00 - [MESSAGE][PASSED] - Object: 'Object Repository/Page_Confirm Deletion OptidesCompou/span_Confirm Delete' is clicked on

2018-03-27 14:34:00 - [TEST_STEP][PASSED] - mouseOver: Object: 'Object Repository/Page_Start Page Optides/a_CompoundsRegistry' is hovered

2018-03-27 14:34:00 - [MESSAGE][PASSED] - Object: 'Object Repository/Page_Start Page Optides/a_CompoundsRegistry' is hovered

2018-03-27 14:34:00 - [TEST_STEP][PASSED] - waitForElementVisible: Object 'Object Repository/Page_Start Page Optides/a_Samples_CompReg' is visible

2018-03-27 14:34:00 - [MESSAGE][WARNING] - Timeout '0' is invalid. Using default page load timeout: '30'

2018-03-27 14:34:01 - [MESSAGE][PASSED] - Object 'Object Repository/Page_Start Page Optides/a_Samples_CompReg' is visible

2018-03-27 14:34:01 - [TEST_STEP][PASSED] - click: Object: 'Object Repository/Page_Start Page Optides/a_Samples_CompReg' is clicked on

2018-03-27 14:34:02 - [MESSAGE][PASSED] - Object: 'Object Repository/Page_Start Page Optides/a_Samples_CompReg' is clicked on

2018-03-27 14:34:02 - [TEST_STEP][PASSED] - click: Object: 'Object Repository/Page_Assay Dashboard OptidesCompoun/a_Construct' is clicked on

2018-03-27 14:34:03 - [MESSAGE][PASSED] - Object: 'Object Repository/Page_Assay Dashboard OptidesCompoun/a_Construct' is clicked on

2018-03-27 14:34:03 - [TEST_STEP][PASSED] - executeJavaScript: Execute JavaScript 'LABKEY.DataRegions['Material']._openFilter('Name')' successfully

2018-03-27 14:34:03 - [MESSAGE][PASSED] - Execute JavaScript 'LABKEY.DataRegions['Material']._openFilter('Name')' successfully

2018-03-27 14:34:03 - [TEST_STEP][PASSED] - setText: Text 'TST' is set on object 'Object Repository/Page_Sample Set Construct OptidesCo/input_value_1'

2018-03-27 14:34:04 - [MESSAGE][PASSED] - Text 'TST' is set on object 'Object Repository/Page_Sample Set Construct OptidesCo/input_value_1'

2018-03-27 14:34:04 - [TEST_STEP][PASSED] - click: Object: 'Object Repository/Page_Sample Set Construct OptidesCo/button_OK' is clicked on

2018-03-27 14:34:05 - [MESSAGE][PASSED] - Object: 'Object Repository/Page_Sample Set Construct OptidesCo/button_OK' is clicked on

2018-03-27 14:34:05 - [TEST_STEP][PASSED] - click: Object: 'Object Repository/Page_Sample Set Construct OptidesCo/input_.toggle' is clicked on

2018-03-27 14:34:05 - [MESSAGE][PASSED] - Object: 'Object Repository/Page_Sample Set Construct OptidesCo/input_.toggle' is clicked on

2018-03-27 14:34:05 - [TEST_STEP][PASSED] - click: Object: 'Object Repository/Page_Sample Set Construct OptidesCo/span_Delete' is clicked on

2018-03-27 14:34:05 - [MESSAGE][PASSED] - Object: 'Object Repository/Page_Sample Set Construct OptidesCo/span_Delete' is clicked on

2018-03-27 14:34:05 - [TEST_STEP][PASSED] - click: Object: 'Object Repository/Page_Confirm Deletion OptidesCompou/span_Confirm Delete' is clicked on

2018-03-27 14:34:35 - [MESSAGE][PASSED] - Object: 'Object Repository/Page_Confirm Deletion OptidesCompou/span_Confirm Delete' is clicked on

2018-03-27 14:34:35 - [TEST_STEP][PASSED] - mouseOver: Object: 'Object Repository/Page_Start Page Optides/a_CompoundsRegistry' is hovered

2018-03-27 14:34:35 - [MESSAGE][PASSED] - Object: 'Object Repository/Page_Start Page Optides/a_CompoundsRegistry' is hovered

2018-03-27 14:34:35 - [TEST_STEP][PASSED] - waitForElementVisible: Object 'Object Repository/Page_Start Page Optides/a_Samples_CompReg' is visible

2018-03-27 14:34:35 - [MESSAGE][WARNING] - Timeout '0' is invalid. Using default page load timeout: '30'

2018-03-27 14:34:36 - [MESSAGE][PASSED] - Object 'Object Repository/Page_Start Page Optides/a_Samples_CompReg' is visible

2018-03-27 14:34:36 - [TEST_STEP][PASSED] - click: Object: 'Object Repository/Page_Start Page Optides/a_Samples_CompReg' is clicked on

2018-03-27 14:34:37 - [MESSAGE][PASSED] - Object: 'Object Repository/Page_Start Page Optides/a_Samples_CompReg' is clicked on

2018-03-27 14:34:37 - [TEST_STEP][PASSED] - click: Object: 'Object Repository/Page_Assay Dashboard OptidesCompoun/a_Construct' is clicked on

2018-03-27 14:34:39 - [MESSAGE][PASSED] - Object: 'Object Repository/Page_Assay Dashboard OptidesCompoun/a_Construct' is clicked on

2018-03-27 14:34:39 - [TEST_STEP][PASSED] - executeJavaScript: Execute JavaScript 'LABKEY.DataRegions['Material']._openFilter('AASeq')' successfully

2018-03-27 14:34:39 - [MESSAGE][PASSED] - Execute JavaScript 'LABKEY.DataRegions['Material']._openFilter('AASeq')' successfully

2018-03-27 14:34:39 - [TEST_STEP][PASSED] - setText: Text 'TTEESSTT' is set on object 'Object Repository/Page_Sample Set Construct OptidesCo/input_value_1'

2018-03-27 14:34:40 - [MESSAGE][PASSED] - Text 'TTEESSTT' is set on object 'Object Repository/Page_Sample Set Construct OptidesCo/input_value_1'

2018-03-27 14:34:40 - [TEST_STEP][PASSED] - click: Object: 'Object Repository/Page_Sample Set Construct OptidesCo/button_OK' is clicked on

2018-03-27 14:34:41 - [MESSAGE][PASSED] - Object: 'Object Repository/Page_Sample Set Construct OptidesCo/button_OK' is clicked on

2018-03-27 14:34:41 - [TEST_STEP][PASSED] - click: Object: 'Object Repository/Page_Sample Set Construct OptidesCo/input_.toggle' is clicked on

2018-03-27 14:34:41 - [MESSAGE][PASSED] - Object: 'Object Repository/Page_Sample Set Construct OptidesCo/input_.toggle' is clicked on

2018-03-27 14:34:41 - [TEST_STEP][PASSED] - click: Object: 'Object Repository/Page_Sample Set Construct OptidesCo/span_Delete' is clicked on

2018-03-27 14:34:42 - [MESSAGE][PASSED] - Object: 'Object Repository/Page_Sample Set Construct OptidesCo/span_Delete' is clicked on

2018-03-27 14:34:42 - [TEST_STEP][PASSED] - click: Object: 'Object Repository/Page_Confirm Deletion OptidesCompou/span_Confirm Delete' is clicked on

2018-03-27 14:35:14 - [MESSAGE][PASSED] - Object: 'Object Repository/Page_Confirm Deletion OptidesCompou/span_Confirm Delete' is clicked on

2018-03-27 14:35:14 - [TEST_STEP][PASSED] - click: Object: 'Object Repository/Page_Sample Set Construct OptidesCo/a_Sample Sets' is clicked on

2018-03-27 14:35:14 - [MESSAGE][PASSED] - Object: 'Object Repository/Page_Sample Set Construct OptidesCo/a_Sample Sets' is clicked on

2018-03-27 14:35:14 - [TEST_STEP][PASSED] - click: Object: 'Object Repository/Page_Assay Dashboard OptidesCompoun/a_Variant' is clicked on

2018-03-27 14:35:15 - [MESSAGE][PASSED] - Object: 'Object Repository/Page_Assay Dashboard OptidesCompoun/a_Variant' is clicked on

2018-03-27 14:35:15 - [TEST_STEP][PASSED] - executeJavaScript: Execute JavaScript 'LABKEY.DataRegions['Material']._openFilter('AASeq')' successfully

2018-03-27 14:35:15 - [MESSAGE][PASSED] - Execute JavaScript 'LABKEY.DataRegions['Material']._openFilter('AASeq')' successfully

2018-03-27 14:35:15 - [TEST_STEP][PASSED] - setText: Text 'TTEESSTT' is set on object 'Object Repository/Page_Sample Set Construct OptidesCo/input_value_1'

2018-03-27 14:35:16 - [MESSAGE][PASSED] - Text 'TTEESSTT' is set on object 'Object Repository/Page_Sample Set Construct OptidesCo/input_value_1'

2018-03-27 14:35:16 - [TEST_STEP][PASSED] - click: Object: 'Object Repository/Page_Sample Set Construct OptidesCo/button_OK' is clicked on

2018-03-27 14:35:17 - [MESSAGE][PASSED] - Object: 'Object Repository/Page_Sample Set Construct OptidesCo/button_OK' is clicked on

2018-03-27 14:35:17 - [TEST_STEP][PASSED] - click: Object: 'Object Repository/Page_Sample Set Construct OptidesCo/input_.toggle' is clicked on

2018-03-27 14:35:17 - [MESSAGE][PASSED] - Object: 'Object Repository/Page_Sample Set Construct OptidesCo/input_.toggle' is clicked on

2018-03-27 14:35:17 - [TEST_STEP][PASSED] - click: Object: 'Object Repository/Page_Sample Set Construct OptidesCo/span_Delete' is clicked on

2018-03-27 14:35:18 - [MESSAGE][PASSED] - Object: 'Object Repository/Page_Sample Set Construct OptidesCo/span_Delete' is clicked on

2018-03-27 14:35:18 - [TEST_STEP][PASSED] - click: Object: 'Object Repository/Page_Confirm Deletion OptidesCompou/span_Confirm Delete' is clicked on

2018-03-27 14:35:49 - [MESSAGE][PASSED] - Object: 'Object Repository/Page_Confirm Deletion OptidesCompou/span_Confirm Delete' is clicked on

2018-03-27 14:35:49 - [TEST_STEP][PASSED] - click: Object: 'Object Repository/Page_Sample Set Construct OptidesCo/a_Sample Sets' is clicked on

2018-03-27 14:35:49 - [MESSAGE][PASSED] - Object: 'Object Repository/Page_Sample Set Construct OptidesCo/a_Sample Sets' is clicked on

2018-03-27 14:35:49 - [TEST_STEP][PASSED] - click: Object: 'Object Repository/Page_Assay Dashboard OptidesCompoun/a_Homologue' is clicked on

2018-03-27 14:35:50 - [MESSAGE][PASSED] - Object: 'Object Repository/Page_Assay Dashboard OptidesCompoun/a_Homologue' is clicked on

2018-03-27 14:35:50 - [TEST_STEP][PASSED] - executeJavaScript: Execute JavaScript 'LABKEY.DataRegions['Material']._openFilter('AASeq')' successfully

2018-03-27 14:35:50 - [MESSAGE][PASSED] - Execute JavaScript 'LABKEY.DataRegions['Material']._openFilter('AASeq')' successfully

2018-03-27 14:35:50 - [TEST_STEP][PASSED] - setText: Text 'TTEESSTT' is set on object 'Object Repository/Page_Sample Set Construct OptidesCo/input_value_1'

2018-03-27 14:35:51 - [MESSAGE][PASSED] - Text 'TTEESSTT' is set on object 'Object Repository/Page_Sample Set Construct OptidesCo/input_value_1'

2018-03-27 14:35:51 - [TEST_STEP][PASSED] - click: Object: 'Object Repository/Page_Sample Set Construct OptidesCo/button_OK' is clicked on

2018-03-27 14:35:52 - [MESSAGE][PASSED] - Object: 'Object Repository/Page_Sample Set Construct OptidesCo/button_OK' is clicked on

2018-03-27 14:35:52 - [TEST_STEP][PASSED] - click: Object: 'Object Repository/Page_Sample Set Construct OptidesCo/input_.toggle' is clicked on

2018-03-27 14:35:52 - [MESSAGE][PASSED] - Object: 'Object Repository/Page_Sample Set Construct OptidesCo/input_.toggle' is clicked on

2018-03-27 14:35:52 - [TEST_STEP][PASSED] - click: Object: 'Object Repository/Page_Sample Set Construct OptidesCo/span_Delete' is clicked on

2018-03-27 14:35:52 - [MESSAGE][PASSED] - Object: 'Object Repository/Page_Sample Set Construct OptidesCo/span_Delete' is clicked on

2018-03-27 14:35:52 - [TEST_STEP][PASSED] - click: Object: 'Object Repository/Page_Confirm Deletion OptidesCompou/span_Confirm Delete' is clicked on

2018-03-27 14:35:54 - [MESSAGE][PASSED] - Object: 'Object Repository/Page_Confirm Deletion OptidesCompou/span_Confirm Delete' is clicked on

2018-03-27 14:35:54 - [TEST_STEP][PASSED] - click: Object: 'Object Repository/Page_Sample Set Construct OptidesCo/a_Sample Sets' is clicked on

2018-03-27 14:35:54 - [MESSAGE][PASSED] - Object: 'Object Repository/Page_Sample Set Construct OptidesCo/a_Sample Sets' is clicked on

2018-03-27 14:35:54 - [TEST_STEP][PASSED] - click: Object: 'Object Repository/Page_Assay Dashboard OptidesCompoun/a_CHEMProduction' is clicked on

2018-03-27 14:35:56 - [MESSAGE][PASSED] - Object: 'Object Repository/Page_Assay Dashboard OptidesCompoun/a_CHEMProduction' is clicked on

2018-03-27 14:35:56 - [TEST_STEP][PASSED] - executeJavaScript: Execute JavaScript 'LABKEY.DataRegions['Material']._openFilter('ReceivedBy')' successfully

2018-03-27 14:35:56 - [MESSAGE][PASSED] - Execute JavaScript 'LABKEY.DataRegions['Material']._openFilter('ReceivedBy')' successfully

2018-03-27 14:35:56 - [TEST_STEP][PASSED] - click: Object: 'Object Repository/Page_CHEMProduction SampleSet/a_All' is clicked on

2018-03-27 14:35:57 - [MESSAGE][PASSED] - Object: 'Object Repository/Page_CHEMProduction SampleSet/a_All' is clicked on

2018-03-27 14:35:57 - [TEST_STEP][PASSED] - click: Object: 'Object Repository/Page_CHEMProduction SampleSet/a_TESTTEST' is clicked on

2018-03-27 14:35:57 - [MESSAGE][PASSED] - Object: 'Object Repository/Page_CHEMProduction SampleSet/a_TESTTEST' is clicked on

2018-03-27 14:35:57 - [TEST_STEP][PASSED] - click: Object: 'Object Repository/Page_Sample Set Construct OptidesCo/button_OK' is clicked on

2018-03-27 14:35:58 - [MESSAGE][PASSED] - Object: 'Object Repository/Page_Sample Set Construct OptidesCo/button_OK' is clicked on

2018-03-27 14:35:58 - [TEST_STEP][PASSED] - click: Object: 'Object Repository/Page_Sample Set Construct OptidesCo/input_.toggle' is clicked on

2018-03-27 14:35:58 - [MESSAGE][PASSED] - Object: 'Object Repository/Page_Sample Set Construct OptidesCo/input_.toggle' is clicked on

2018-03-27 14:35:58 - [TEST_STEP][PASSED] - click: Object: 'Object Repository/Page_Sample Set Construct OptidesCo/span_Delete' is clicked on

2018-03-27 14:35:58 - [MESSAGE][PASSED] - Object: 'Object Repository/Page_Sample Set Construct OptidesCo/span_Delete' is clicked on

2018-03-27 14:35:58 - [TEST_STEP][PASSED] - click: Object: 'Object Repository/Page_Confirm Deletion OptidesCompou/span_Confirm Delete' is clicked on

2018-03-27 14:35:59 - [MESSAGE][PASSED] - Object: 'Object Repository/Page_Confirm Deletion OptidesCompou/span_Confirm Delete' is clicked on

2018-03-27 14:35:59 - [TEST_STEP][PASSED] - closeBrowser: Browser is closed

2018-03-27 14:36:00 - [MESSAGE][PASSED] - Browser is closed]]></system-out>
         <system-err><![CDATA[]]></system-err>
      </testcase>
      <system-out><![CDATA[2018-03-27 14:33:16 - [TEST_SUITE][PASSED] - OptidesLabkeyTests: Test Cases/postTest-RemoveTestConstructs]]></system-out>
      <system-err><![CDATA[]]></system-err>
   </testsuite>
</testsuites>
