<?xml version="1.0" encoding="UTF-8"?>
<testsuites name="OptidesLabkeyTests" time="48" tests="1" failures="0" errors="0">
   <testsuite name="OptidesLabkeyTests" tests="1" failures="0" errors="0" time="48" timestamp="2018-02-15 14:54:47" hostname="Hector - 140.107.11.14" id="Test Suites/OptidesLabkeyTests">
      <properties>
         <property name="deviceName" value=""/>
         <property name="devicePlatform" value=""/>
         <property name="logFolder" value="C:\\Users\\Hector\\Documents\\HRInternetConsulting\\Clients\\FHCRC\\Tachyon\\src\\RegressionTests\\Katalon\\OptidesTests\\Reports\\OptidesLabkeyTests\\20180215_145445"/>
         <property name="logFiles" value="C:\\Users\\Hector\\Documents\\HRInternetConsulting\\Clients\\FHCRC\\Tachyon\\src\\RegressionTests\\Katalon\\OptidesTests\\Reports\\OptidesLabkeyTests\\20180215_145445\\execution0.log"/>
         <property name="attachments" value=""/>
         <property name="hostName" value="Hector - 140.107.11.14"/>
         <property name="os" value="Windows 8.1 64bit"/>
         <property name="katalonVersion" value="5.1.0.2"/>
         <property name="browser" value="Chrome 64.0.3282.167"/>
         <property name="hostAddress" value="140.107.11.14"/>
         <property name="sessionId" value="bb4818e95966effb3960c3c63bdff109"/>
         <property name="seleniumVersion" value="3.7.1"/>
         <property name="proxyInformation" value="ProxyInformation{proxyOption=NO_PROXY, proxyServerType=HTTP, password=, proxyServerAddress=, proxyServerPort=0}"/>
         <property name="platform" value="Windows 8.1"/>
      </properties>
      <testcase name="Test Cases/HT_DNA OrderGeneratorTest" classname="Test Cases/HT_DNA OrderGeneratorTest" status="PASSED">
         <system-out><![CDATA[2018-02-15 14:54:47 - [TEST_CASE][PASSED] - Test Cases/HT_DNA OrderGeneratorTest: Test Cases/HT_DNA OrderGeneratorTest

2018-02-15 14:54:48 - [TEST_STEP][PASSED] - callTestCase: Call Test Case 'Test Cases/OpenAndLogIn' successfully

2018-02-15 14:54:48 - [TEST_CASE][PASSED] - Test Cases/OpenAndLogIn: Test Cases/OpenAndLogIn

2018-02-15 14:54:49 - [TEST_STEP][PASSED] - openBrowser: Browser is opened with url: 'https://optides-dev-lk1.fhcrc.org'

2018-02-15 14:54:55 - [MESSAGE][PASSED] - Browser is opened with url: 'https://optides-dev-lk1.fhcrc.org'

2018-02-15 14:54:55 - [TEST_STEP][PASSED] - setViewPortSize: Viewport is set to new size with width = 2000 and height = 1500

2018-02-15 14:54:56 - [MESSAGE][PASSED] - Viewport is set to new size with width = 2000 and height = 1500

2018-02-15 14:54:56 - [TEST_STEP][PASSED] - click: Object: 'Object Repository/LSC_objects/Page_Optide Dev Server home/a_SignIn' is clicked on

2018-02-15 14:54:57 - [MESSAGE][PASSED] - Object: 'Object Repository/LSC_objects/Page_Optide Dev Server home/a_SignIn' is clicked on

2018-02-15 14:54:57 - [TEST_STEP][PASSED] - setText: Text 'hramos@fhcrc.org' is set on object 'Object Repository/LSC_objects/Page_Sign In/input_email'

2018-02-15 14:54:57 - [MESSAGE][PASSED] - Text 'hramos@fhcrc.org' is set on object 'Object Repository/LSC_objects/Page_Sign In/input_email'

2018-02-15 14:54:57 - [TEST_STEP][PASSED] - setText: Text 'One1Two2' is set on object 'Object Repository/LSC_objects/Page_Sign In/input_password'

2018-02-15 14:54:57 - [MESSAGE][PASSED] - Text 'One1Two2' is set on object 'Object Repository/LSC_objects/Page_Sign In/input_password'

2018-02-15 14:54:57 - [TEST_STEP][PASSED] - click: Object: 'Object Repository/LSC_objects/Page_Sign In/span_Sign In' is clicked on

2018-02-15 14:54:57 - [MESSAGE][PASSED] - Object: 'Object Repository/LSC_objects/Page_Sign In/span_Sign In' is clicked on

2018-02-15 14:54:57 - [TEST_STEP][PASSED] - click: Object: 'Object Repository/LSC_objects/Page_Optide Dev Server home/span_Optides' is clicked on

2018-02-15 14:55:01 - [MESSAGE][PASSED] - Object: 'Object Repository/LSC_objects/Page_Optide Dev Server home/span_Optides' is clicked on

2018-02-15 14:55:01 - [MESSAGE][PASSED] - Call Test Case 'Test Cases/OpenAndLogIn' successfully

2018-02-15 14:55:01 - [TEST_STEP][PASSED] - mouseOver: Object: 'Object Repository/Page_Start Page Optides/a_CompoundsRegistry' is hovered

2018-02-15 14:55:03 - [MESSAGE][PASSED] - Object: 'Object Repository/Page_Start Page Optides/a_CompoundsRegistry' is hovered

2018-02-15 14:55:03 - [TEST_STEP][PASSED] - waitForElementVisible: Object 'Object Repository/Page_Start Page Optides/a_Samples_CompReg' is visible

2018-02-15 14:55:03 - [MESSAGE][WARNING] - Timeout '0' is invalid. Using default page load timeout: '30'

2018-02-15 14:55:05 - [MESSAGE][PASSED] - Object 'Object Repository/Page_Start Page Optides/a_Samples_CompReg' is visible

2018-02-15 14:55:05 - [TEST_STEP][PASSED] - click: Object: 'Object Repository/Page_Start Page Optides/a_Samples_CompReg' is clicked on

2018-02-15 14:55:07 - [MESSAGE][PASSED] - Object: 'Object Repository/Page_Start Page Optides/a_Samples_CompReg' is clicked on

2018-02-15 14:55:07 - [TEST_STEP][PASSED] - click: Object: 'Object Repository/Page_Assay Dashboard OptidesCompoun/span_ht_dna_generateOrder4Kata' is clicked on

2018-02-15 14:55:10 - [MESSAGE][PASSED] - Object: 'Object Repository/Page_Assay Dashboard OptidesCompoun/span_ht_dna_generateOrder4Kata' is clicked on

2018-02-15 14:55:10 - [TEST_STEP][PASSED] - click: Object: 'Object Repository/Page_Assay Dashboard OptidesCompoun/span_Import Data' is clicked on

2018-02-15 14:55:11 - [MESSAGE][PASSED] - Object: 'Object Repository/Page_Assay Dashboard OptidesCompoun/span_Import Data' is clicked on

2018-02-15 14:55:11 - [TEST_STEP][PASSED] - click: Object: 'Object Repository/Page_Assay Dashboard OptidesCompoun/radioBtn_Upload HT Order Form' is clicked on

2018-02-15 14:55:11 - [MESSAGE][PASSED] - Object: 'Object Repository/Page_Assay Dashboard OptidesCompoun/radioBtn_Upload HT Order Form' is clicked on

2018-02-15 14:55:11 - [TEST_STEP][PASSED] - click: Object: 'Object Repository/Page_Assay Dashboard OptidesCompoun/button_Import' is clicked on

2018-02-15 14:55:12 - [MESSAGE][PASSED] - Object: 'Object Repository/Page_Assay Dashboard OptidesCompoun/button_Import' is clicked on

2018-02-15 14:55:12 - [TEST_STEP][PASSED] - setText: Text 'TEST_HT_DNA_OrderGenerator 01' is set on object 'Object Repository/Page_Data Pipeline - CompoundsRegistry/input_Name'

2018-02-15 14:55:12 - [MESSAGE][PASSED] - Text 'TEST_HT_DNA_OrderGenerator 01' is set on object 'Object Repository/Page_Data Pipeline - CompoundsRegistry/input_Name'

2018-02-15 14:55:12 - [TEST_STEP][PASSED] - setText: Text 'GS' is set on object 'Object Repository/Page_Upload a spreadsheet of orders/input_linker_seq_txt'

2018-02-15 14:55:12 - [MESSAGE][PASSED] - Text 'GS' is set on object 'Object Repository/Page_Upload a spreadsheet of orders/input_linker_seq_txt'

2018-02-15 14:55:12 - [TEST_STEP][PASSED] - selectOptionByValue: All options with value 'GenScript' are selected in object 'Object Repository/Page_Upload a spreadsheet of orders/select_vendor_name_lst'  using regular expression

2018-02-15 14:55:13 - [MESSAGE][PASSED] - All options with value 'GenScript' are selected in object 'Object Repository/Page_Upload a spreadsheet of orders/select_vendor_name_lst'  using regular expression

2018-02-15 14:55:13 - [TEST_STEP][PASSED] - click: Object: 'Object Repository/Page_Upload a spreadsheet of orders/span_Generate HT Order Form' is clicked on

2018-02-15 14:55:13 - [MESSAGE][PASSED] - Object: 'Object Repository/Page_Upload a spreadsheet of orders/span_Generate HT Order Form' is clicked on

2018-02-15 14:55:13 - [TEST_STEP][PASSED] - Statement - pipelineStatus = com.kms.katalon.core.webui.keyword.WebUiBuiltInKeywords.getAttribute(com.kms.katalon.core.testobject.ObjectRepository.findTestObject(Page_Data Pipeline - CompoundsRegistry/a_PipelineStatus), "text"): Attribute 'text' of object 'Object Repository/Page_Data Pipeline - CompoundsRegistry/a_PipelineStatus' is: 'ht_order_generator RUNNING'

2018-02-15 14:55:14 - [MESSAGE][PASSED] - Attribute 'text' of object 'Object Repository/Page_Data Pipeline - CompoundsRegistry/a_PipelineStatus' is: 'ht_order_generator RUNNING'

2018-02-15 14:55:14 - [TEST_STEP][PASSED] - Statement - out.println(pipelineStatus): null

2018-02-15 14:55:14 - [TEST_STEP][PASSED] - Statement - While (pipelineStatus == "ht_order_generator RUNNING" || pipelineStatus == "ht_order_generator WAITING"): Attribute 'text' of object 'Object Repository/Page_Data Pipeline - CompoundsRegistry/a_PipelineStatus' is: 'COMPLETE'

2018-02-15 14:55:14 - [TEST_STEP][PASSED] - delay: Delayed 10 second(s)

2018-02-15 14:55:24 - [MESSAGE][PASSED] - Delayed 10 second(s)

2018-02-15 14:55:24 - [TEST_STEP][PASSED] - Statement - pipelineStatus = com.kms.katalon.core.webui.keyword.WebUiBuiltInKeywords.getAttribute(com.kms.katalon.core.testobject.ObjectRepository.findTestObject(Page_Data Pipeline - CompoundsRegistry/a_PipelineStatus), "text"): Attribute 'text' of object 'Object Repository/Page_Data Pipeline - CompoundsRegistry/a_PipelineStatus' is: 'ht_order_generator RUNNING'

2018-02-15 14:55:24 - [MESSAGE][PASSED] - Attribute 'text' of object 'Object Repository/Page_Data Pipeline - CompoundsRegistry/a_PipelineStatus' is: 'ht_order_generator RUNNING'

2018-02-15 14:55:24 - [TEST_STEP][PASSED] - delay: Delayed 10 second(s)

2018-02-15 14:55:34 - [MESSAGE][PASSED] - Delayed 10 second(s)

2018-02-15 14:55:34 - [TEST_STEP][PASSED] - Statement - pipelineStatus = com.kms.katalon.core.webui.keyword.WebUiBuiltInKeywords.getAttribute(com.kms.katalon.core.testobject.ObjectRepository.findTestObject(Page_Data Pipeline - CompoundsRegistry/a_PipelineStatus), "text"): Attribute 'text' of object 'Object Repository/Page_Data Pipeline - CompoundsRegistry/a_PipelineStatus' is: 'COMPLETE'

2018-02-15 14:55:34 - [MESSAGE][PASSED] - Attribute 'text' of object 'Object Repository/Page_Data Pipeline - CompoundsRegistry/a_PipelineStatus' is: 'COMPLETE'

2018-02-15 14:55:34 - [TEST_STEP][PASSED] - Statement - assert pipelineStatus == "COMPLETE": null

2018-02-15 14:55:34 - [TEST_STEP][PASSED] - closeBrowser: Browser is closed

2018-02-15 14:55:35 - [MESSAGE][PASSED] - Browser is closed]]></system-out>
         <system-err><![CDATA[]]></system-err>
      </testcase>
      <system-out><![CDATA[2018-02-15 14:54:47 - [TEST_SUITE][PASSED] - OptidesLabkeyTests: Test Cases/HT_DNA OrderGeneratorTest]]></system-out>
      <system-err><![CDATA[]]></system-err>
   </testsuite>
</testsuites>
