<?xml version="1.0" encoding="UTF-8"?>
<testsuites name="OptidesLabkeyTests" time="177" tests="0" failures="1" errors="0">
   <testsuite name="OptidesLabkeyTests" tests="0" failures="1" errors="0" time="177" timestamp="2018-03-28 10:55:02" hostname="Hector - 140.107.10.36" id="Test Suites/OptidesLabkeyTests">
      <properties>
         <property name="deviceName" value=""/>
         <property name="devicePlatform" value=""/>
         <property name="logFolder" value="C:\\Users\\Hector\\Documents\\HRInternetConsulting\\Clients\\FHCRC\\Tachyon\\src\\RegressionTests\\Katalon\\OptidesTests\\Reports\\OptidesLabkeyTests\\20180328_105500"/>
         <property name="logFiles" value="C:\\Users\\Hector\\Documents\\HRInternetConsulting\\Clients\\FHCRC\\Tachyon\\src\\RegressionTests\\Katalon\\OptidesTests\\Reports\\OptidesLabkeyTests\\20180328_105500\\execution0.log"/>
         <property name="attachments" value="C:\\Users\\Hector\\Documents\\HRInternetConsulting\\Clients\\FHCRC\\Tachyon\\src\\RegressionTests\\Katalon\\OptidesTests\\Reports\\OptidesLabkeyTests\\20180328_105500\\1522259879109.png"/>
         <property name="hostName" value="Hector - 140.107.10.36"/>
         <property name="os" value="Windows 8.1 64bit"/>
         <property name="katalonVersion" value="5.3.1.1"/>
         <property name="browser" value="Chrome 65.0.3325.181"/>
         <property name="hostAddress" value="140.107.10.36"/>
         <property name="sessionId" value="bb8bab71b6ae8d1708e2ced54261fe0a"/>
         <property name="seleniumVersion" value="3.7.1"/>
         <property name="proxyInformation" value="ProxyInformation{proxyOption=NO_PROXY, proxyServerType=HTTP, password=, proxyServerAddress=, proxyServerPort=0}"/>
         <property name="platform" value="Windows 8.1"/>
      </properties>
      <testcase name="Test Cases/HT_DNA HTProduction Pipeline Test" classname="Test Cases/HT_DNA HTProduction Pipeline Test" status="FAILED">
         <failure type="FAILED" message="Unable to move mouse over object 'Object Repository/Page_Data Pipeline - CompoundsRegistry/btn_Delete' (Root cause: com.kms.katalon.core.webui.exception.WebElementNotFoundException: Web element with id: 'Object Repository/Page_Data Pipeline - CompoundsRegistry/btn_Delete' located by 'By.xpath: //a[@data-original-title = 'Delete' and contains(@class, 'labkey-button')]' not found)"/>
         <system-out><![CDATA[2018-03-28 10:55:03 - [TEST_CASE][FAILED] - Test Cases/HT_DNA HTProduction Pipeline Test: Test Cases/HT_DNA HTProduction Pipeline Test FAILED because (of) Unable to move mouse over object 'Object Repository/Page_Data Pipeline - CompoundsRegistry/btn_Delete' (Root cause: com.kms.katalon.core.webui.exception.WebElementNotFoundException: Web element with id: 'Object Repository/Page_Data Pipeline - CompoundsRegistry/btn_Delete' located by 'By.xpath: //a[@data-original-title = 'Delete' and contains(@class, 'labkey-button')]' not found)

2018-03-28 10:55:03 - [TEST_STEP][PASSED] - callTestCase: Call Test Case 'Test Cases/OpenAndLogIn' successfully

2018-03-28 10:55:04 - [TEST_CASE][PASSED] - Test Cases/OpenAndLogIn: Test Cases/OpenAndLogIn

2018-03-28 10:55:04 - [TEST_STEP][PASSED] - openBrowser: Browser is opened with url: 'https://optides-stage.fhcrc.org'

2018-03-28 10:55:10 - [MESSAGE][PASSED] - Browser is opened with url: 'https://optides-stage.fhcrc.org'

2018-03-28 10:55:10 - [TEST_STEP][PASSED] - setViewPortSize: Viewport is set to new size with width = 2000 and height = 1500

2018-03-28 10:55:11 - [MESSAGE][PASSED] - Viewport is set to new size with width = 2000 and height = 1500

2018-03-28 10:55:11 - [TEST_STEP][PASSED] - click: Object: 'Object Repository/LSC_objects/Page_Optide Dev Server home/a_SignIn' is clicked on

2018-03-28 10:55:13 - [MESSAGE][PASSED] - Object: 'Object Repository/LSC_objects/Page_Optide Dev Server home/a_SignIn' is clicked on

2018-03-28 10:55:13 - [TEST_STEP][PASSED] - setText: Text 'hramos@fhcrc.org' is set on object 'Object Repository/LSC_objects/Page_Sign In/input_email'

2018-03-28 10:55:14 - [MESSAGE][PASSED] - Text 'hramos@fhcrc.org' is set on object 'Object Repository/LSC_objects/Page_Sign In/input_email'

2018-03-28 10:55:14 - [TEST_STEP][PASSED] - setText: Text 'One1Two2' is set on object 'Object Repository/LSC_objects/Page_Sign In/input_password'

2018-03-28 10:55:14 - [MESSAGE][PASSED] - Text 'One1Two2' is set on object 'Object Repository/LSC_objects/Page_Sign In/input_password'

2018-03-28 10:55:14 - [TEST_STEP][PASSED] - click: Object: 'Object Repository/LSC_objects/Page_Sign In/span_Sign In' is clicked on

2018-03-28 10:55:14 - [MESSAGE][PASSED] - Object: 'Object Repository/LSC_objects/Page_Sign In/span_Sign In' is clicked on

2018-03-28 10:55:14 - [TEST_STEP][PASSED] - click: Object: 'Object Repository/LSC_objects/Page_Optide Dev Server home/span_Optides' is clicked on

2018-03-28 10:55:18 - [MESSAGE][PASSED] - Object: 'Object Repository/LSC_objects/Page_Optide Dev Server home/span_Optides' is clicked on

2018-03-28 10:55:18 - [MESSAGE][PASSED] - Call Test Case 'Test Cases/OpenAndLogIn' successfully

2018-03-28 10:55:18 - [TEST_STEP][PASSED] - mouseOver: Object: 'Object Repository/Page_Start Page Optides/a_CompoundsRegistry' is hovered

2018-03-28 10:55:18 - [MESSAGE][PASSED] - Object: 'Object Repository/Page_Start Page Optides/a_CompoundsRegistry' is hovered

2018-03-28 10:55:18 - [TEST_STEP][PASSED] - waitForElementVisible: Object 'Object Repository/Page_Start Page Optides/a_Samples_CompReg' is visible

2018-03-28 10:55:18 - [MESSAGE][WARNING] - Timeout '0' is invalid. Using default page load timeout: '30'

2018-03-28 10:55:19 - [MESSAGE][PASSED] - Object 'Object Repository/Page_Start Page Optides/a_Samples_CompReg' is visible

2018-03-28 10:55:19 - [TEST_STEP][PASSED] - click: Object: 'Object Repository/Page_Start Page Optides/a_Samples_CompReg' is clicked on

2018-03-28 10:55:20 - [MESSAGE][PASSED] - Object: 'Object Repository/Page_Start Page Optides/a_Samples_CompReg' is clicked on

2018-03-28 10:55:20 - [TEST_STEP][PASSED] - click: Object: 'Object Repository/Page_Assay Dashboard OptidesCompoun/a_Files' is clicked on

2018-03-28 10:55:21 - [MESSAGE][PASSED] - Object: 'Object Repository/Page_Assay Dashboard OptidesCompoun/a_Files' is clicked on

2018-03-28 10:55:21 - [TEST_STEP][PASSED] - click: Object: 'Object Repository/Page_Assay Dashboard OptidesCompoun/span_test_GenScript_HT_DNA_DeliveryFile.xlsx' is clicked on

2018-03-28 10:55:22 - [MESSAGE][PASSED] - Object: 'Object Repository/Page_Assay Dashboard OptidesCompoun/span_test_GenScript_HT_DNA_DeliveryFile.xlsx' is clicked on

2018-03-28 10:55:22 - [TEST_STEP][PASSED] - click: Object: 'Object Repository/Page_Assay Dashboard OptidesCompoun/span_Import Data' is clicked on

2018-03-28 10:55:22 - [MESSAGE][PASSED] - Object: 'Object Repository/Page_Assay Dashboard OptidesCompoun/span_Import Data' is clicked on

2018-03-28 10:55:22 - [TEST_STEP][PASSED] - click: Object: 'Object Repository/Page_Assay Dashboard OptidesCompoun/radioBtn_GenerateHTplates' is clicked on

2018-03-28 10:55:23 - [MESSAGE][PASSED] - Object: 'Object Repository/Page_Assay Dashboard OptidesCompoun/radioBtn_GenerateHTplates' is clicked on

2018-03-28 10:55:23 - [TEST_STEP][PASSED] - click: Object: 'Object Repository/Page_Assay Dashboard OptidesCompoun/button_Import' is clicked on

2018-03-28 10:55:23 - [MESSAGE][PASSED] - Object: 'Object Repository/Page_Assay Dashboard OptidesCompoun/button_Import' is clicked on

2018-03-28 10:55:23 - [TEST_STEP][PASSED] - setText: Text 'TEST_HT_DNA_HTProduction 01' is set on object 'Object Repository/Page_Data Pipeline - CompoundsRegistry/input_Name'

2018-03-28 10:55:24 - [MESSAGE][PASSED] - Text 'TEST_HT_DNA_HTProduction 01' is set on object 'Object Repository/Page_Data Pipeline - CompoundsRegistry/input_Name'

2018-03-28 10:55:24 - [TEST_STEP][PASSED] - setText: Text 'CNT0001396' is set on object 'Object Repository/Page_Generate HT Plate from HT Delivery File/input_toReplaceBlanks'

2018-03-28 10:55:24 - [MESSAGE][PASSED] - Text 'CNT0001396' is set on object 'Object Repository/Page_Generate HT Plate from HT Delivery File/input_toReplaceBlanks'

2018-03-28 10:55:24 - [TEST_STEP][PASSED] - click: Object: 'Object Repository/Page_Generate HT Plate from HT Delivery File/btn_GenerateHTPlate' is clicked on

2018-03-28 10:55:24 - [MESSAGE][PASSED] - Object: 'Object Repository/Page_Generate HT Plate from HT Delivery File/btn_GenerateHTPlate' is clicked on

2018-03-28 10:55:24 - [TEST_STEP][PASSED] - delay: Delayed 2 second(s)

2018-03-28 10:55:26 - [MESSAGE][PASSED] - Delayed 2 second(s)

2018-03-28 10:55:26 - [TEST_STEP][PASSED] - Statement - url = com.kms.katalon.core.webui.keyword.WebUiBuiltInKeywords.getUrl(): Current window's url is: 'https://optides-stage.fhcrc.org/pipeline-status/Optides/CompoundsRegistry/Samples/showList.view'

2018-03-28 10:55:26 - [MESSAGE][PASSED] - Current window's url is: 'https://optides-stage.fhcrc.org/pipeline-status/Optides/CompoundsRegistry/Samples/showList.view'

2018-03-28 10:55:26 - [TEST_STEP][PASSED] - Statement - If (!(url.contains("pipeline-status"))): null

2018-03-28 10:55:26 - [TEST_STEP][PASSED] - click: Object: 'Object Repository/Page_Data Pipeline - CompoundsRegistry/a_All' is clicked on

2018-03-28 10:55:27 - [MESSAGE][PASSED] - Object: 'Object Repository/Page_Data Pipeline - CompoundsRegistry/a_All' is clicked on

2018-03-28 10:55:27 - [TEST_STEP][PASSED] - Statement - pipelineStatus = com.kms.katalon.core.webui.keyword.WebUiBuiltInKeywords.getAttribute(com.kms.katalon.core.testobject.ObjectRepository.findTestObject(Page_Data Pipeline - CompoundsRegistry/a_PipelineStatus), "text"): Attribute 'text' of object 'Object Repository/Page_Data Pipeline - CompoundsRegistry/a_PipelineStatus' is: 'ht_plate_generator RUNNING'

2018-03-28 10:55:27 - [MESSAGE][PASSED] - Attribute 'text' of object 'Object Repository/Page_Data Pipeline - CompoundsRegistry/a_PipelineStatus' is: 'ht_plate_generator RUNNING'

2018-03-28 10:55:27 - [TEST_STEP][PASSED] - Statement - While (pipelineStatus == "ht_plate_generator RUNNING" || pipelineStatus == "ht_plate_generator WAITING"): Attribute 'text' of object 'Object Repository/Page_Data Pipeline - CompoundsRegistry/a_PipelineStatus' is: 'COMPLETE'

2018-03-28 10:55:27 - [TEST_STEP][PASSED] - delay: Delayed 10 second(s)

2018-03-28 10:55:37 - [MESSAGE][PASSED] - Delayed 10 second(s)

2018-03-28 10:55:37 - [TEST_STEP][PASSED] - Statement - pipelineStatus = com.kms.katalon.core.webui.keyword.WebUiBuiltInKeywords.getAttribute(com.kms.katalon.core.testobject.ObjectRepository.findTestObject(Page_Data Pipeline - CompoundsRegistry/a_PipelineStatus), "text"): Attribute 'text' of object 'Object Repository/Page_Data Pipeline - CompoundsRegistry/a_PipelineStatus' is: 'ht_plate_generator RUNNING'

2018-03-28 10:55:37 - [MESSAGE][PASSED] - Attribute 'text' of object 'Object Repository/Page_Data Pipeline - CompoundsRegistry/a_PipelineStatus' is: 'ht_plate_generator RUNNING'

2018-03-28 10:55:37 - [TEST_STEP][PASSED] - delay: Delayed 10 second(s)

2018-03-28 10:55:47 - [MESSAGE][PASSED] - Delayed 10 second(s)

2018-03-28 10:55:47 - [TEST_STEP][PASSED] - Statement - pipelineStatus = com.kms.katalon.core.webui.keyword.WebUiBuiltInKeywords.getAttribute(com.kms.katalon.core.testobject.ObjectRepository.findTestObject(Page_Data Pipeline - CompoundsRegistry/a_PipelineStatus), "text"): Attribute 'text' of object 'Object Repository/Page_Data Pipeline - CompoundsRegistry/a_PipelineStatus' is: 'ht_plate_generator RUNNING'

2018-03-28 10:55:47 - [MESSAGE][PASSED] - Attribute 'text' of object 'Object Repository/Page_Data Pipeline - CompoundsRegistry/a_PipelineStatus' is: 'ht_plate_generator RUNNING'

2018-03-28 10:55:47 - [TEST_STEP][PASSED] - delay: Delayed 10 second(s)

2018-03-28 10:55:57 - [MESSAGE][PASSED] - Delayed 10 second(s)

2018-03-28 10:55:57 - [TEST_STEP][PASSED] - Statement - pipelineStatus = com.kms.katalon.core.webui.keyword.WebUiBuiltInKeywords.getAttribute(com.kms.katalon.core.testobject.ObjectRepository.findTestObject(Page_Data Pipeline - CompoundsRegistry/a_PipelineStatus), "text"): Attribute 'text' of object 'Object Repository/Page_Data Pipeline - CompoundsRegistry/a_PipelineStatus' is: 'ht_plate_generator RUNNING'

2018-03-28 10:55:57 - [MESSAGE][PASSED] - Attribute 'text' of object 'Object Repository/Page_Data Pipeline - CompoundsRegistry/a_PipelineStatus' is: 'ht_plate_generator RUNNING'

2018-03-28 10:55:57 - [TEST_STEP][PASSED] - delay: Delayed 10 second(s)

2018-03-28 10:56:07 - [MESSAGE][PASSED] - Delayed 10 second(s)

2018-03-28 10:56:07 - [TEST_STEP][PASSED] - Statement - pipelineStatus = com.kms.katalon.core.webui.keyword.WebUiBuiltInKeywords.getAttribute(com.kms.katalon.core.testobject.ObjectRepository.findTestObject(Page_Data Pipeline - CompoundsRegistry/a_PipelineStatus), "text"): Attribute 'text' of object 'Object Repository/Page_Data Pipeline - CompoundsRegistry/a_PipelineStatus' is: 'ht_plate_generator RUNNING'

2018-03-28 10:56:07 - [MESSAGE][PASSED] - Attribute 'text' of object 'Object Repository/Page_Data Pipeline - CompoundsRegistry/a_PipelineStatus' is: 'ht_plate_generator RUNNING'

2018-03-28 10:56:07 - [TEST_STEP][PASSED] - delay: Delayed 10 second(s)

2018-03-28 10:56:17 - [MESSAGE][PASSED] - Delayed 10 second(s)

2018-03-28 10:56:17 - [TEST_STEP][PASSED] - Statement - pipelineStatus = com.kms.katalon.core.webui.keyword.WebUiBuiltInKeywords.getAttribute(com.kms.katalon.core.testobject.ObjectRepository.findTestObject(Page_Data Pipeline - CompoundsRegistry/a_PipelineStatus), "text"): Attribute 'text' of object 'Object Repository/Page_Data Pipeline - CompoundsRegistry/a_PipelineStatus' is: 'COMPLETE'

2018-03-28 10:56:17 - [MESSAGE][PASSED] - Attribute 'text' of object 'Object Repository/Page_Data Pipeline - CompoundsRegistry/a_PipelineStatus' is: 'COMPLETE'

2018-03-28 10:56:17 - [TEST_STEP][PASSED] - Statement - assert pipelineStatus == "COMPLETE": null

2018-03-28 10:56:17 - [TEST_STEP][PASSED] - click: Object: 'Object Repository/Page_Data Pipeline - CompoundsRegistry/input_Toggle' is clicked on

2018-03-28 10:56:17 - [MESSAGE][PASSED] - Object: 'Object Repository/Page_Data Pipeline - CompoundsRegistry/input_Toggle' is clicked on

2018-03-28 10:56:17 - [TEST_STEP][PASSED] - click: Object: 'Object Repository/Page_Data Pipeline - CompoundsRegistry/btn_Delete' is clicked on

2018-03-28 10:56:24 - [MESSAGE][PASSED] - Object: 'Object Repository/Page_Data Pipeline - CompoundsRegistry/btn_Delete' is clicked on

2018-03-28 10:56:24 - [TEST_STEP][PASSED] - click: Object: 'Object Repository/Page_Data Pipeline - CompoundsRegistry/btn_ConfirmDelete' is clicked on

2018-03-28 10:56:25 - [MESSAGE][PASSED] - Object: 'Object Repository/Page_Data Pipeline - CompoundsRegistry/btn_ConfirmDelete' is clicked on

2018-03-28 10:56:25 - [TEST_STEP][PASSED] - mouseOver: Object: 'Object Repository/Page_Start Page Optides/a_CompoundsRegistry' is hovered

2018-03-28 10:56:25 - [MESSAGE][PASSED] - Object: 'Object Repository/Page_Start Page Optides/a_CompoundsRegistry' is hovered

2018-03-28 10:56:25 - [TEST_STEP][PASSED] - waitForElementVisible: Object 'Object Repository/Page_Start Page Optides/a_Samples_CompReg' is visible

2018-03-28 10:56:25 - [MESSAGE][WARNING] - Timeout '0' is invalid. Using default page load timeout: '30'

2018-03-28 10:56:26 - [MESSAGE][PASSED] - Object 'Object Repository/Page_Start Page Optides/a_Samples_CompReg' is visible

2018-03-28 10:56:26 - [TEST_STEP][PASSED] - click: Object: 'Object Repository/Page_Start Page Optides/a_Samples_CompReg' is clicked on

2018-03-28 10:56:27 - [MESSAGE][PASSED] - Object: 'Object Repository/Page_Start Page Optides/a_Samples_CompReg' is clicked on

2018-03-28 10:56:27 - [TEST_STEP][PASSED] - click: Object: 'Object Repository/Page_Assay Dashboard OptidesCompoun/a_Files' is clicked on

2018-03-28 10:56:29 - [MESSAGE][PASSED] - Object: 'Object Repository/Page_Assay Dashboard OptidesCompoun/a_Files' is clicked on

2018-03-28 10:56:29 - [TEST_STEP][PASSED] - click: Object: 'Object Repository/Page_Assay Dashboard OptidesCompoun/span_test_GenScript_HT_DNA_DeliveryFile.xlsx' is clicked on

2018-03-28 10:56:30 - [MESSAGE][PASSED] - Object: 'Object Repository/Page_Assay Dashboard OptidesCompoun/span_test_GenScript_HT_DNA_DeliveryFile.xlsx' is clicked on

2018-03-28 10:56:30 - [TEST_STEP][PASSED] - click: Object: 'Object Repository/Page_Assay Dashboard OptidesCompoun/span_Import Data' is clicked on

2018-03-28 10:56:30 - [MESSAGE][PASSED] - Object: 'Object Repository/Page_Assay Dashboard OptidesCompoun/span_Import Data' is clicked on

2018-03-28 10:56:30 - [TEST_STEP][PASSED] - click: Object: 'Object Repository/Page_Assay Dashboard OptidesCompoun/radioBtn_GenerateHTplates' is clicked on

2018-03-28 10:56:30 - [MESSAGE][PASSED] - Object: 'Object Repository/Page_Assay Dashboard OptidesCompoun/radioBtn_GenerateHTplates' is clicked on

2018-03-28 10:56:30 - [TEST_STEP][PASSED] - click: Object: 'Object Repository/Page_Assay Dashboard OptidesCompoun/button_Import' is clicked on

2018-03-28 10:56:31 - [MESSAGE][PASSED] - Object: 'Object Repository/Page_Assay Dashboard OptidesCompoun/button_Import' is clicked on

2018-03-28 10:56:31 - [TEST_STEP][PASSED] - setText: Text 'CNT0001396' is set on object 'Object Repository/Page_Generate HT Plate from HT Delivery File/input_toReplaceBlanks'

2018-03-28 10:56:31 - [MESSAGE][PASSED] - Text 'CNT0001396' is set on object 'Object Repository/Page_Generate HT Plate from HT Delivery File/input_toReplaceBlanks'

2018-03-28 10:56:31 - [TEST_STEP][PASSED] - click: Object: 'Object Repository/Page_Generate HT Plate from HT Delivery File/chkBox_reproductionPlate' is clicked on

2018-03-28 10:56:31 - [MESSAGE][PASSED] - Object: 'Object Repository/Page_Generate HT Plate from HT Delivery File/chkBox_reproductionPlate' is clicked on

2018-03-28 10:56:31 - [TEST_STEP][PASSED] - delay: Delayed 2 second(s)

2018-03-28 10:56:33 - [MESSAGE][PASSED] - Delayed 2 second(s)

2018-03-28 10:56:33 - [TEST_STEP][PASSED] - selectOptionByValue: All options with value 'HT0106' are selected in object 'Object Repository/Page_Generate HT Plate from HT Delivery File/select_reproductionPlateID' 

2018-03-28 10:56:34 - [MESSAGE][PASSED] - All options with value 'HT0106' are selected in object 'Object Repository/Page_Generate HT Plate from HT Delivery File/select_reproductionPlateID' 

2018-03-28 10:56:34 - [TEST_STEP][PASSED] - click: Object: 'Object Repository/Page_Generate HT Plate from HT Delivery File/btn_GenerateHTPlate' is clicked on

2018-03-28 10:56:34 - [MESSAGE][PASSED] - Object: 'Object Repository/Page_Generate HT Plate from HT Delivery File/btn_GenerateHTPlate' is clicked on

2018-03-28 10:56:34 - [TEST_STEP][PASSED] - delay: Delayed 2 second(s)

2018-03-28 10:56:36 - [MESSAGE][PASSED] - Delayed 2 second(s)

2018-03-28 10:56:36 - [TEST_STEP][NOT_RUN] - Statement - url = com.kms.katalon.core.webui.keyword.WebUiBuiltInKeywords.getUrl(): NOT_RUN: Statement - url = com.kms.katalon.core.webui.keyword.WebUiBuiltInKeywords.getUrl()

2018-03-28 10:56:36 - [MESSAGE][NOT_RUN] - NOT_RUN: Statement - url = com.kms.katalon.core.webui.keyword.WebUiBuiltInKeywords.getUrl()

2018-03-28 10:56:36 - [TEST_STEP][NOT_RUN] - navigateToUrl: NOT_RUN: navigateToUrl

2018-03-28 10:56:36 - [MESSAGE][NOT_RUN] - NOT_RUN: navigateToUrl

2018-03-28 10:56:36 - [TEST_STEP][PASSED] - click: Object: 'Object Repository/Page_Data Pipeline - CompoundsRegistry/a_All' is clicked on

2018-03-28 10:56:36 - [MESSAGE][PASSED] - Object: 'Object Repository/Page_Data Pipeline - CompoundsRegistry/a_All' is clicked on

2018-03-28 10:56:36 - [TEST_STEP][PASSED] - Statement - pipelineStatus = com.kms.katalon.core.webui.keyword.WebUiBuiltInKeywords.getAttribute(com.kms.katalon.core.testobject.ObjectRepository.findTestObject(Page_Data Pipeline - CompoundsRegistry/a_PipelineStatus), "text"): Attribute 'text' of object 'Object Repository/Page_Data Pipeline - CompoundsRegistry/a_PipelineStatus' is: 'ht_plate_generator RUNNING'

2018-03-28 10:56:36 - [MESSAGE][PASSED] - Attribute 'text' of object 'Object Repository/Page_Data Pipeline - CompoundsRegistry/a_PipelineStatus' is: 'ht_plate_generator RUNNING'

2018-03-28 10:56:36 - [TEST_STEP][PASSED] - Statement - While (pipelineStatus == "ht_plate_generator RUNNING" || pipelineStatus == "ht_plate_generator WAITING"): Attribute 'text' of object 'Object Repository/Page_Data Pipeline - CompoundsRegistry/a_PipelineStatus' is: 'COMPLETE'

2018-03-28 10:56:36 - [TEST_STEP][PASSED] - delay: Delayed 10 second(s)

2018-03-28 10:56:46 - [MESSAGE][PASSED] - Delayed 10 second(s)

2018-03-28 10:56:46 - [TEST_STEP][PASSED] - Statement - pipelineStatus = com.kms.katalon.core.webui.keyword.WebUiBuiltInKeywords.getAttribute(com.kms.katalon.core.testobject.ObjectRepository.findTestObject(Page_Data Pipeline - CompoundsRegistry/a_PipelineStatus), "text"): Attribute 'text' of object 'Object Repository/Page_Data Pipeline - CompoundsRegistry/a_PipelineStatus' is: 'ht_plate_generator RUNNING'

2018-03-28 10:56:46 - [MESSAGE][PASSED] - Attribute 'text' of object 'Object Repository/Page_Data Pipeline - CompoundsRegistry/a_PipelineStatus' is: 'ht_plate_generator RUNNING'

2018-03-28 10:56:46 - [TEST_STEP][PASSED] - delay: Delayed 10 second(s)

2018-03-28 10:56:56 - [MESSAGE][PASSED] - Delayed 10 second(s)

2018-03-28 10:56:56 - [TEST_STEP][PASSED] - Statement - pipelineStatus = com.kms.katalon.core.webui.keyword.WebUiBuiltInKeywords.getAttribute(com.kms.katalon.core.testobject.ObjectRepository.findTestObject(Page_Data Pipeline - CompoundsRegistry/a_PipelineStatus), "text"): Attribute 'text' of object 'Object Repository/Page_Data Pipeline - CompoundsRegistry/a_PipelineStatus' is: 'ht_plate_generator RUNNING'

2018-03-28 10:56:56 - [MESSAGE][PASSED] - Attribute 'text' of object 'Object Repository/Page_Data Pipeline - CompoundsRegistry/a_PipelineStatus' is: 'ht_plate_generator RUNNING'

2018-03-28 10:56:56 - [TEST_STEP][PASSED] - delay: Delayed 10 second(s)

2018-03-28 10:57:06 - [MESSAGE][PASSED] - Delayed 10 second(s)

2018-03-28 10:57:06 - [TEST_STEP][PASSED] - Statement - pipelineStatus = com.kms.katalon.core.webui.keyword.WebUiBuiltInKeywords.getAttribute(com.kms.katalon.core.testobject.ObjectRepository.findTestObject(Page_Data Pipeline - CompoundsRegistry/a_PipelineStatus), "text"): Attribute 'text' of object 'Object Repository/Page_Data Pipeline - CompoundsRegistry/a_PipelineStatus' is: 'ht_plate_generator RUNNING'

2018-03-28 10:57:07 - [MESSAGE][PASSED] - Attribute 'text' of object 'Object Repository/Page_Data Pipeline - CompoundsRegistry/a_PipelineStatus' is: 'ht_plate_generator RUNNING'

2018-03-28 10:57:07 - [TEST_STEP][PASSED] - delay: Delayed 10 second(s)

2018-03-28 10:57:17 - [MESSAGE][PASSED] - Delayed 10 second(s)

2018-03-28 10:57:17 - [TEST_STEP][PASSED] - Statement - pipelineStatus = com.kms.katalon.core.webui.keyword.WebUiBuiltInKeywords.getAttribute(com.kms.katalon.core.testobject.ObjectRepository.findTestObject(Page_Data Pipeline - CompoundsRegistry/a_PipelineStatus), "text"): Attribute 'text' of object 'Object Repository/Page_Data Pipeline - CompoundsRegistry/a_PipelineStatus' is: 'ht_plate_generator RUNNING'

2018-03-28 10:57:17 - [MESSAGE][PASSED] - Attribute 'text' of object 'Object Repository/Page_Data Pipeline - CompoundsRegistry/a_PipelineStatus' is: 'ht_plate_generator RUNNING'

2018-03-28 10:57:17 - [TEST_STEP][PASSED] - delay: Delayed 10 second(s)

2018-03-28 10:57:27 - [MESSAGE][PASSED] - Delayed 10 second(s)

2018-03-28 10:57:27 - [TEST_STEP][PASSED] - Statement - pipelineStatus = com.kms.katalon.core.webui.keyword.WebUiBuiltInKeywords.getAttribute(com.kms.katalon.core.testobject.ObjectRepository.findTestObject(Page_Data Pipeline - CompoundsRegistry/a_PipelineStatus), "text"): Attribute 'text' of object 'Object Repository/Page_Data Pipeline - CompoundsRegistry/a_PipelineStatus' is: 'COMPLETE'

2018-03-28 10:57:27 - [MESSAGE][PASSED] - Attribute 'text' of object 'Object Repository/Page_Data Pipeline - CompoundsRegistry/a_PipelineStatus' is: 'COMPLETE'

2018-03-28 10:57:27 - [TEST_STEP][PASSED] - Statement - assert pipelineStatus == "COMPLETE": null

2018-03-28 10:57:27 - [TEST_STEP][PASSED] - click: Object: 'Object Repository/Page_Data Pipeline - CompoundsRegistry/input_Toggle' is clicked on

2018-03-28 10:57:27 - [MESSAGE][PASSED] - Object: 'Object Repository/Page_Data Pipeline - CompoundsRegistry/input_Toggle' is clicked on

2018-03-28 10:57:27 - [TEST_STEP][FAILED] - mouseOver: Unable to move mouse over object 'Object Repository/Page_Data Pipeline - CompoundsRegistry/btn_Delete' (Root cause: com.kms.katalon.core.webui.exception.WebElementNotFoundException: Web element with id: 'Object Repository/Page_Data Pipeline - CompoundsRegistry/btn_Delete' located by 'By.xpath: //a[@data-original-title = 'Delete' and contains(@class, 'labkey-button')]' not found)

2018-03-28 10:57:59 - [MESSAGE][FAILED] - Unable to move mouse over object 'Object Repository/Page_Data Pipeline - CompoundsRegistry/btn_Delete' (Root cause: com.kms.katalon.core.webui.exception.WebElementNotFoundException: Web element with id: 'Object Repository/Page_Data Pipeline - CompoundsRegistry/btn_Delete' located by 'By.xpath: //a[@data-original-title = 'Delete' and contains(@class, 'labkey-button')]' not found)
[[ATTACHMENT|C:\\Users\\Hector\\Documents\\HRInternetConsulting\\Clients\\FHCRC\\Tachyon\\src\\RegressionTests\\Katalon\\OptidesTests\\Reports\\OptidesLabkeyTests\\20180328_105500\\1522259879109.png]]]]></system-out>
         <system-err><![CDATA[2018-03-28 10:55:03 - [TEST_CASE][FAILED] - Test Cases/HT_DNA HTProduction Pipeline Test: Test Cases/HT_DNA HTProduction Pipeline Test FAILED because (of) Unable to move mouse over object 'Object Repository/Page_Data Pipeline - CompoundsRegistry/btn_Delete' (Root cause: com.kms.katalon.core.webui.exception.WebElementNotFoundException: Web element with id: 'Object Repository/Page_Data Pipeline - CompoundsRegistry/btn_Delete' located by 'By.xpath: //a[@data-original-title = 'Delete' and contains(@class, 'labkey-button')]' not found)]]></system-err>
      </testcase>
      <system-out><![CDATA[2018-03-28 10:55:02 - [TEST_SUITE][FAILED] - OptidesLabkeyTests: Test Cases/HT_DNA HTProduction Pipeline Test FAILED because (of) Unable to move mouse over object 'Object Repository/Page_Data Pipeline - CompoundsRegistry/btn_Delete' (Root cause: com.kms.katalon.core.webui.exception.WebElementNotFoundException: Web element with id: 'Object Repository/Page_Data Pipeline - CompoundsRegistry/btn_Delete' located by 'By.xpath: //a[@data-original-title = 'Delete' and contains(@class, 'labkey-button')]' not found)]]></system-out>
      <system-err><![CDATA[2018-03-28 10:55:02 - [TEST_SUITE][FAILED] - OptidesLabkeyTests: Test Cases/HT_DNA HTProduction Pipeline Test FAILED because (of) Unable to move mouse over object 'Object Repository/Page_Data Pipeline - CompoundsRegistry/btn_Delete' (Root cause: com.kms.katalon.core.webui.exception.WebElementNotFoundException: Web element with id: 'Object Repository/Page_Data Pipeline - CompoundsRegistry/btn_Delete' located by 'By.xpath: //a[@data-original-title = 'Delete' and contains(@class, 'labkey-button')]' not found)]]></system-err>
   </testsuite>
</testsuites>
