<?xml version="1.0" encoding="UTF-8"?>
<testsuites name="OptidesLabkeyTests" time="54" tests="1" failures="0" errors="0">
   <testsuite name="OptidesLabkeyTests" tests="1" failures="0" errors="0" time="54" timestamp="2018-03-27 14:30:31" hostname="Hector - 140.107.11.187" id="Test Suites/OptidesLabkeyTests">
      <properties>
         <property name="deviceName" value=""/>
         <property name="devicePlatform" value=""/>
         <property name="logFolder" value="C:\\Users\\Hector\\Documents\\HRInternetConsulting\\Clients\\FHCRC\\Tachyon\\src\\RegressionTests\\Katalon\\OptidesTests\\Reports\\OptidesLabkeyTests\\20180327_143029"/>
         <property name="logFiles" value="C:\\Users\\Hector\\Documents\\HRInternetConsulting\\Clients\\FHCRC\\Tachyon\\src\\RegressionTests\\Katalon\\OptidesTests\\Reports\\OptidesLabkeyTests\\20180327_143029\\execution0.log"/>
         <property name="attachments" value=""/>
         <property name="hostName" value="Hector - 140.107.11.187"/>
         <property name="os" value="Windows 8.1 64bit"/>
         <property name="katalonVersion" value="5.3.1.1"/>
         <property name="browser" value="Chrome 65.0.3325.181"/>
         <property name="hostAddress" value="140.107.11.187"/>
         <property name="sessionId" value="abd0eee3762c52d2e41280e85593d71f"/>
         <property name="seleniumVersion" value="3.7.1"/>
         <property name="proxyInformation" value="ProxyInformation{proxyOption=NO_PROXY, proxyServerType=HTTP, password=, proxyServerAddress=, proxyServerPort=0}"/>
         <property name="platform" value="Windows 8.1"/>
      </properties>
      <testcase name="Test Cases/Insert CHEMProducts via pipeline" classname="Test Cases/Insert CHEMProducts via pipeline" status="PASSED">
         <system-out><![CDATA[2018-03-27 14:30:31 - [TEST_CASE][PASSED] - Test Cases/Insert CHEMProducts via pipeline: Test Cases/Insert CHEMProducts via pipeline

2018-03-27 14:30:32 - [TEST_STEP][PASSED] - callTestCase: Call Test Case 'Test Cases/OpenAndLogIn' successfully

2018-03-27 14:30:32 - [TEST_CASE][PASSED] - Test Cases/OpenAndLogIn: Test Cases/OpenAndLogIn

2018-03-27 14:30:32 - [TEST_STEP][PASSED] - openBrowser: Browser is opened with url: 'https://optides-stage.fhcrc.org'

2018-03-27 14:30:36 - [MESSAGE][PASSED] - Browser is opened with url: 'https://optides-stage.fhcrc.org'

2018-03-27 14:30:36 - [TEST_STEP][PASSED] - setViewPortSize: Viewport is set to new size with width = 2000 and height = 1500

2018-03-27 14:30:38 - [MESSAGE][PASSED] - Viewport is set to new size with width = 2000 and height = 1500

2018-03-27 14:30:38 - [TEST_STEP][PASSED] - click: Object: 'Object Repository/LSC_objects/Page_Optide Dev Server home/a_SignIn' is clicked on

2018-03-27 14:30:39 - [MESSAGE][PASSED] - Object: 'Object Repository/LSC_objects/Page_Optide Dev Server home/a_SignIn' is clicked on

2018-03-27 14:30:39 - [TEST_STEP][PASSED] - setText: Text 'hramos@fhcrc.org' is set on object 'Object Repository/LSC_objects/Page_Sign In/input_email'

2018-03-27 14:30:39 - [MESSAGE][PASSED] - Text 'hramos@fhcrc.org' is set on object 'Object Repository/LSC_objects/Page_Sign In/input_email'

2018-03-27 14:30:39 - [TEST_STEP][PASSED] - setText: Text 'One1Two2' is set on object 'Object Repository/LSC_objects/Page_Sign In/input_password'

2018-03-27 14:30:39 - [MESSAGE][PASSED] - Text 'One1Two2' is set on object 'Object Repository/LSC_objects/Page_Sign In/input_password'

2018-03-27 14:30:39 - [TEST_STEP][PASSED] - click: Object: 'Object Repository/LSC_objects/Page_Sign In/span_Sign In' is clicked on

2018-03-27 14:30:40 - [MESSAGE][PASSED] - Object: 'Object Repository/LSC_objects/Page_Sign In/span_Sign In' is clicked on

2018-03-27 14:30:40 - [TEST_STEP][PASSED] - click: Object: 'Object Repository/LSC_objects/Page_Optide Dev Server home/span_Optides' is clicked on

2018-03-27 14:30:42 - [MESSAGE][PASSED] - Object: 'Object Repository/LSC_objects/Page_Optide Dev Server home/span_Optides' is clicked on

2018-03-27 14:30:42 - [MESSAGE][PASSED] - Call Test Case 'Test Cases/OpenAndLogIn' successfully

2018-03-27 14:30:42 - [TEST_STEP][PASSED] - mouseOver: Object: 'Object Repository/Page_Start Page Optides/a_CompoundsRegistry' is hovered

2018-03-27 14:30:43 - [MESSAGE][PASSED] - Object: 'Object Repository/Page_Start Page Optides/a_CompoundsRegistry' is hovered

2018-03-27 14:30:43 - [TEST_STEP][PASSED] - waitForElementVisible: Object 'Object Repository/Page_Start Page Optides/a_Samples_CompReg' is visible

2018-03-27 14:30:43 - [MESSAGE][WARNING] - Timeout '0' is invalid. Using default page load timeout: '30'

2018-03-27 14:30:43 - [MESSAGE][PASSED] - Object 'Object Repository/Page_Start Page Optides/a_Samples_CompReg' is visible

2018-03-27 14:30:43 - [TEST_STEP][PASSED] - click: Object: 'Object Repository/Page_Start Page Optides/a_Samples_CompReg' is clicked on

2018-03-27 14:30:45 - [MESSAGE][PASSED] - Object: 'Object Repository/Page_Start Page Optides/a_Samples_CompReg' is clicked on

2018-03-27 14:30:45 - [TEST_STEP][PASSED] - click: Object: 'Object Repository/Page_Assay Dashboard OptidesCompoun/a_Files' is clicked on

2018-03-27 14:30:46 - [MESSAGE][PASSED] - Object: 'Object Repository/Page_Assay Dashboard OptidesCompoun/a_Files' is clicked on

2018-03-27 14:30:46 - [TEST_STEP][PASSED] - delay: Delayed 2 second(s)

2018-03-27 14:30:48 - [MESSAGE][PASSED] - Delayed 2 second(s)

2018-03-27 14:30:48 - [TEST_STEP][PASSED] - click: Object: 'Object Repository/Page_Assay Dashboard OptidesCompoun/file_newChemProducts_input.xlsx' is clicked on

2018-03-27 14:30:48 - [MESSAGE][PASSED] - Object: 'Object Repository/Page_Assay Dashboard OptidesCompoun/file_newChemProducts_input.xlsx' is clicked on

2018-03-27 14:30:48 - [TEST_STEP][PASSED] - click: Object: 'Object Repository/Page_Assay Dashboard OptidesCompoun/span_Import Data' is clicked on

2018-03-27 14:30:48 - [MESSAGE][PASSED] - Object: 'Object Repository/Page_Assay Dashboard OptidesCompoun/span_Import Data' is clicked on

2018-03-27 14:30:48 - [TEST_STEP][PASSED] - click: Object: 'Object Repository/Page_Assay Dashboard OptidesCompoun/radioBtn_InsertNewCHEMProducts' is clicked on

2018-03-27 14:30:49 - [MESSAGE][PASSED] - Object: 'Object Repository/Page_Assay Dashboard OptidesCompoun/radioBtn_InsertNewCHEMProducts' is clicked on

2018-03-27 14:30:49 - [TEST_STEP][PASSED] - click: Object: 'Object Repository/Page_Assay Dashboard OptidesCompoun/button_Import' is clicked on

2018-03-27 14:30:49 - [MESSAGE][PASSED] - Object: 'Object Repository/Page_Assay Dashboard OptidesCompoun/button_Import' is clicked on

2018-03-27 14:30:49 - [TEST_STEP][PASSED] - waitForElementVisible: Object 'Object Repository/Page_Upload_HT_Delivery_Info/a_submitButton' is visible

2018-03-27 14:30:49 - [MESSAGE][WARNING] - Timeout '0' is invalid. Using default page load timeout: '30'

2018-03-27 14:30:49 - [MESSAGE][PASSED] - Object 'Object Repository/Page_Upload_HT_Delivery_Info/a_submitButton' is visible

2018-03-27 14:30:49 - [TEST_STEP][PASSED] - delay: Delayed 2 second(s)

2018-03-27 14:30:51 - [MESSAGE][PASSED] - Delayed 2 second(s)

2018-03-27 14:30:51 - [TEST_STEP][PASSED] - Statement - If (com.kms.katalon.core.webui.keyword.WebUiBuiltInKeywords.verifyElementVisible(com.kms.katalon.core.testobject.ObjectRepository.findTestObject(input_ProtocolName), CONTINUE_ON_FAILURE)): Text 'TEST - Chem Inputs via pipeline' is set on object 'Object Repository/input_ProtocolName'

2018-03-27 14:30:51 - [MESSAGE][PASSED] - Object 'Object Repository/input_ProtocolName' is visible

2018-03-27 14:30:51 - [TEST_STEP][PASSED] - setText: Text 'TEST - Chem Inputs via pipeline' is set on object 'Object Repository/input_ProtocolName'

2018-03-27 14:30:52 - [MESSAGE][PASSED] - Text 'TEST - Chem Inputs via pipeline' is set on object 'Object Repository/input_ProtocolName'

2018-03-27 14:30:52 - [TEST_STEP][PASSED] - click: Object: 'Object Repository/Page_Upload_HT_Delivery_Info/a_submitButton' is clicked on

2018-03-27 14:30:52 - [MESSAGE][PASSED] - Object: 'Object Repository/Page_Upload_HT_Delivery_Info/a_submitButton' is clicked on

2018-03-27 14:30:52 - [TEST_STEP][PASSED] - delay: Delayed 2 second(s)

2018-03-27 14:30:54 - [MESSAGE][PASSED] - Delayed 2 second(s)

2018-03-27 14:30:54 - [TEST_STEP][PASSED] - Statement - url = com.kms.katalon.core.webui.keyword.WebUiBuiltInKeywords.getUrl(): Current window's url is: 'https://optides-stage.fhcrc.org/project/Optides/CompoundsRegistry/Samples/begin.view?'

2018-03-27 14:30:54 - [MESSAGE][PASSED] - Current window's url is: 'https://optides-stage.fhcrc.org/project/Optides/CompoundsRegistry/Samples/begin.view?'

2018-03-27 14:30:54 - [TEST_STEP][PASSED] - navigateToUrl: Navigate to 'https://optides-stage.fhcrc.org/project/Optides/CompoundsRegistry/Samples/begin.view?pageId=Pipeline' successfully

2018-03-27 14:30:54 - [MESSAGE][PASSED] - Navigate to 'https://optides-stage.fhcrc.org/project/Optides/CompoundsRegistry/Samples/begin.view?pageId=Pipeline' successfully

2018-03-27 14:30:54 - [TEST_STEP][PASSED] - click: Object: 'Object Repository/Page_Data Pipeline - CompoundsRegistry/a_All' is clicked on

2018-03-27 14:30:55 - [MESSAGE][PASSED] - Object: 'Object Repository/Page_Data Pipeline - CompoundsRegistry/a_All' is clicked on

2018-03-27 14:30:55 - [TEST_STEP][PASSED] - Statement - pipelineStatus = com.kms.katalon.core.webui.keyword.WebUiBuiltInKeywords.getAttribute(com.kms.katalon.core.testobject.ObjectRepository.findTestObject(Page_Data Pipeline - CompoundsRegistry/a_PipelineStatus), "text"): Attribute 'text' of object 'Object Repository/Page_Data Pipeline - CompoundsRegistry/a_PipelineStatus' is: 'insert_chemical_product RUNNING'

2018-03-27 14:30:55 - [MESSAGE][PASSED] - Attribute 'text' of object 'Object Repository/Page_Data Pipeline - CompoundsRegistry/a_PipelineStatus' is: 'insert_chemical_product RUNNING'

2018-03-27 14:30:55 - [TEST_STEP][PASSED] - Statement - While (pipelineStatus == "insert_chemical_product RUNNING" || pipelineStatus == "insert_chemical_product WAITING"): Attribute 'text' of object 'Object Repository/Page_Data Pipeline - CompoundsRegistry/a_PipelineStatus' is: 'COMPLETE'

2018-03-27 14:30:55 - [TEST_STEP][PASSED] - delay: Delayed 10 second(s)

2018-03-27 14:31:05 - [MESSAGE][PASSED] - Delayed 10 second(s)

2018-03-27 14:31:05 - [TEST_STEP][PASSED] - Statement - pipelineStatus = com.kms.katalon.core.webui.keyword.WebUiBuiltInKeywords.getAttribute(com.kms.katalon.core.testobject.ObjectRepository.findTestObject(Page_Data Pipeline - CompoundsRegistry/a_PipelineStatus), "text"): Attribute 'text' of object 'Object Repository/Page_Data Pipeline - CompoundsRegistry/a_PipelineStatus' is: 'insert_chemical_product RUNNING'

2018-03-27 14:31:05 - [MESSAGE][PASSED] - Attribute 'text' of object 'Object Repository/Page_Data Pipeline - CompoundsRegistry/a_PipelineStatus' is: 'insert_chemical_product RUNNING'

2018-03-27 14:31:05 - [TEST_STEP][PASSED] - delay: Delayed 10 second(s)

2018-03-27 14:31:15 - [MESSAGE][PASSED] - Delayed 10 second(s)

2018-03-27 14:31:15 - [TEST_STEP][PASSED] - Statement - pipelineStatus = com.kms.katalon.core.webui.keyword.WebUiBuiltInKeywords.getAttribute(com.kms.katalon.core.testobject.ObjectRepository.findTestObject(Page_Data Pipeline - CompoundsRegistry/a_PipelineStatus), "text"): Attribute 'text' of object 'Object Repository/Page_Data Pipeline - CompoundsRegistry/a_PipelineStatus' is: 'COMPLETE'

2018-03-27 14:31:15 - [MESSAGE][PASSED] - Attribute 'text' of object 'Object Repository/Page_Data Pipeline - CompoundsRegistry/a_PipelineStatus' is: 'COMPLETE'

2018-03-27 14:31:15 - [TEST_STEP][PASSED] - Statement - assert pipelineStatus == "COMPLETE": null

2018-03-27 14:31:15 - [TEST_STEP][PASSED] - click: Object: 'Object Repository/Page_Data Pipeline - CompoundsRegistry/input_Toggle' is clicked on

2018-03-27 14:31:15 - [MESSAGE][PASSED] - Object: 'Object Repository/Page_Data Pipeline - CompoundsRegistry/input_Toggle' is clicked on

2018-03-27 14:31:15 - [TEST_STEP][PASSED] - click: Object: 'Object Repository/Page_Data Pipeline - CompoundsRegistry/btn_Delete' is clicked on

2018-03-27 14:31:23 - [MESSAGE][PASSED] - Object: 'Object Repository/Page_Data Pipeline - CompoundsRegistry/btn_Delete' is clicked on

2018-03-27 14:31:23 - [TEST_STEP][PASSED] - click: Object: 'Object Repository/Page_Data Pipeline - CompoundsRegistry/btn_ConfirmDelete' is clicked on

2018-03-27 14:31:24 - [MESSAGE][PASSED] - Object: 'Object Repository/Page_Data Pipeline - CompoundsRegistry/btn_ConfirmDelete' is clicked on

2018-03-27 14:31:24 - [TEST_STEP][PASSED] - closeBrowser: Browser is closed

2018-03-27 14:31:25 - [MESSAGE][PASSED] - Browser is closed]]></system-out>
         <system-err><![CDATA[]]></system-err>
      </testcase>
      <system-out><![CDATA[2018-03-27 14:30:31 - [TEST_SUITE][PASSED] - OptidesLabkeyTests: Test Cases/Insert CHEMProducts via pipeline]]></system-out>
      <system-err><![CDATA[]]></system-err>
   </testsuite>
</testsuites>
