<?xml version="1.0" encoding="UTF-8"?>
<testsuites name="OptidesLabkeyTests" time="78" tests="1" failures="0" errors="0">
   <testsuite name="OptidesLabkeyTests" tests="1" failures="0" errors="0" time="78" timestamp="2018-03-27 13:00:57" hostname="Hector - 140.107.11.187" id="Test Suites/OptidesLabkeyTests">
      <properties>
         <property name="deviceName" value=""/>
         <property name="devicePlatform" value=""/>
         <property name="logFolder" value="C:\\Users\\Hector\\Documents\\HRInternetConsulting\\Clients\\FHCRC\\Tachyon\\src\\RegressionTests\\Katalon\\OptidesTests\\Reports\\OptidesLabkeyTests\\20180327_130054"/>
         <property name="logFiles" value="C:\\Users\\Hector\\Documents\\HRInternetConsulting\\Clients\\FHCRC\\Tachyon\\src\\RegressionTests\\Katalon\\OptidesTests\\Reports\\OptidesLabkeyTests\\20180327_130054\\execution0.log"/>
         <property name="attachments" value=""/>
         <property name="hostName" value="Hector - 140.107.11.187"/>
         <property name="os" value="Windows 8.1 64bit"/>
         <property name="katalonVersion" value="5.3.1.1"/>
         <property name="browser" value="Chrome 65.0.3325.181"/>
         <property name="hostAddress" value="140.107.11.187"/>
         <property name="sessionId" value="13f631fb4065d53cad8841d95e1df9d4"/>
         <property name="seleniumVersion" value="3.7.1"/>
         <property name="proxyInformation" value="ProxyInformation{proxyOption=NO_PROXY, proxyServerType=HTTP, password=, proxyServerAddress=, proxyServerPort=0}"/>
         <property name="platform" value="Windows 8.1"/>
      </properties>
      <testcase name="Test Cases/QueryAssay Test" classname="Test Cases/QueryAssay Test" status="PASSED">
         <system-out><![CDATA[2018-03-27 13:00:57 - [TEST_CASE][PASSED] - Test Cases/QueryAssay Test: Test Cases/QueryAssay Test

2018-03-27 13:00:58 - [TEST_STEP][PASSED] - callTestCase: Call Test Case 'Test Cases/OpenAndLogIn' successfully

2018-03-27 13:00:58 - [TEST_CASE][PASSED] - Test Cases/OpenAndLogIn: Test Cases/OpenAndLogIn

2018-03-27 13:00:58 - [TEST_STEP][PASSED] - openBrowser: Browser is opened with url: 'https://optides-stage.fhcrc.org'

2018-03-27 13:01:02 - [MESSAGE][PASSED] - Browser is opened with url: 'https://optides-stage.fhcrc.org'

2018-03-27 13:01:02 - [TEST_STEP][PASSED] - setViewPortSize: Viewport is set to new size with width = 2000 and height = 1500

2018-03-27 13:01:03 - [MESSAGE][PASSED] - Viewport is set to new size with width = 2000 and height = 1500

2018-03-27 13:01:03 - [TEST_STEP][PASSED] - click: Object: 'Object Repository/LSC_objects/Page_Optide Dev Server home/a_SignIn' is clicked on

2018-03-27 13:01:04 - [MESSAGE][PASSED] - Object: 'Object Repository/LSC_objects/Page_Optide Dev Server home/a_SignIn' is clicked on

2018-03-27 13:01:04 - [TEST_STEP][PASSED] - setText: Text 'hramos@fhcrc.org' is set on object 'Object Repository/LSC_objects/Page_Sign In/input_email'

2018-03-27 13:01:04 - [MESSAGE][PASSED] - Text 'hramos@fhcrc.org' is set on object 'Object Repository/LSC_objects/Page_Sign In/input_email'

2018-03-27 13:01:04 - [TEST_STEP][PASSED] - setText: Text 'One1Two2' is set on object 'Object Repository/LSC_objects/Page_Sign In/input_password'

2018-03-27 13:01:04 - [MESSAGE][PASSED] - Text 'One1Two2' is set on object 'Object Repository/LSC_objects/Page_Sign In/input_password'

2018-03-27 13:01:04 - [TEST_STEP][PASSED] - click: Object: 'Object Repository/LSC_objects/Page_Sign In/span_Sign In' is clicked on

2018-03-27 13:01:04 - [MESSAGE][PASSED] - Object: 'Object Repository/LSC_objects/Page_Sign In/span_Sign In' is clicked on

2018-03-27 13:01:04 - [TEST_STEP][PASSED] - click: Object: 'Object Repository/LSC_objects/Page_Optide Dev Server home/span_Optides' is clicked on

2018-03-27 13:01:07 - [MESSAGE][PASSED] - Object: 'Object Repository/LSC_objects/Page_Optide Dev Server home/span_Optides' is clicked on

2018-03-27 13:01:07 - [MESSAGE][PASSED] - Call Test Case 'Test Cases/OpenAndLogIn' successfully

2018-03-27 13:01:07 - [TEST_STEP][PASSED] - mouseOver: Object: 'Object Repository/Page_Start Page Optides/menu_Programs' is hovered

2018-03-27 13:01:08 - [MESSAGE][PASSED] - Object: 'Object Repository/Page_Start Page Optides/menu_Programs' is hovered

2018-03-27 13:01:08 - [TEST_STEP][PASSED] - waitForElementVisible: Object 'Object Repository/Page_Start Page Optides/a_QueryAssays' is visible

2018-03-27 13:01:08 - [MESSAGE][PASSED] - Object 'Object Repository/Page_Start Page Optides/a_QueryAssays' is visible

2018-03-27 13:01:08 - [TEST_STEP][PASSED] - click: Object: 'Object Repository/Page_Start Page Optides/a_QueryAssays' is clicked on

2018-03-27 13:01:09 - [MESSAGE][PASSED] - Object: 'Object Repository/Page_Start Page Optides/a_QueryAssays' is clicked on

2018-03-27 13:01:09 - [TEST_STEP][PASSED] - setText: Text 'CNT0001396
CNT0001356
CNT000137
CNT0001356
CNT0001357
CNT0001358
CNT0001359
CNT0001360
CNT0001361
CNT0001362
CNT0001363
CNT0001364
CNT0001365
CNT0001366
CNT0001367' is set on object 'Object Repository/text_cIDs'

2018-03-27 13:01:11 - [MESSAGE][PASSED] - Text 'CNT0001396
CNT0001356
CNT000137
CNT0001356
CNT0001357
CNT0001358
CNT0001359
CNT0001360
CNT0001361
CNT0001362
CNT0001363
CNT0001364
CNT0001365
CNT0001366
CNT0001367' is set on object 'Object Repository/text_cIDs'

2018-03-27 13:01:11 - [TEST_STEP][PASSED] - click: Object: 'Object Repository/btn_submit1' is clicked on

2018-03-27 13:01:11 - [MESSAGE][PASSED] - Object: 'Object Repository/btn_submit1' is clicked on

2018-03-27 13:01:11 - [TEST_STEP][PASSED] - delay: Delayed 7 second(s)

2018-03-27 13:01:18 - [MESSAGE][PASSED] - Delayed 7 second(s)

2018-03-27 13:01:18 - [TEST_STEP][PASSED] - verifyTextPresent: Text 'GSGCLEFWWKCNPNDDKCCRPKLKCSPLGKLCNFSFG' is present on page 

2018-03-27 13:01:24 - [MESSAGE][PASSED] - Text 'GSGCLEFWWKCNPNDDKCCRPKLKCSPLGKLCNFSFG' is present on page 

2018-03-27 13:01:24 - [TEST_STEP][PASSED] - verifyTextPresent: Text 'OTD-000287' is present on page 

2018-03-27 13:01:28 - [MESSAGE][PASSED] - Text 'OTD-000287' is present on page 

2018-03-27 13:01:28 - [TEST_STEP][PASSED] - verifyTextPresent: Text '4176.82' is present on page 

2018-03-27 13:01:33 - [MESSAGE][PASSED] - Text '4176.82' is present on page 

2018-03-27 13:01:33 - [TEST_STEP][PASSED] - verifyTextPresent: Text '4240.87' is present on page 

2018-03-27 13:01:37 - [MESSAGE][PASSED] - Text '4240.87' is present on page 

2018-03-27 13:01:37 - [TEST_STEP][PASSED] - verifyTextPresent: Text 'HT01002B07' is present on page 

2018-03-27 13:01:42 - [MESSAGE][PASSED] - Text 'HT01002B07' is present on page 

2018-03-27 13:01:42 - [TEST_STEP][PASSED] - verifyTextPresent: Text 'HT01002C09' is present on page 

2018-03-27 13:01:47 - [MESSAGE][PASSED] - Text 'HT01002C09' is present on page 

2018-03-27 13:01:47 - [TEST_STEP][PASSED] - verifyTextPresent: Text '830.99' is present on page 

2018-03-27 13:01:51 - [MESSAGE][PASSED] - Text '830.99' is present on page 

2018-03-27 13:01:51 - [TEST_STEP][PASSED] - verifyTextPresent: Text '538.28' is present on page 

2018-03-27 13:01:56 - [MESSAGE][PASSED] - Text '538.28' is present on page 

2018-03-27 13:01:56 - [TEST_STEP][PASSED] - verifyTextPresent: Text 'CHH0000026' is present on page 

2018-03-27 13:02:01 - [MESSAGE][PASSED] - Text 'CHH0000026' is present on page 

2018-03-27 13:02:01 - [TEST_STEP][PASSED] - verifyTextPresent: Text 'OTDPDF0254' is present on page 

2018-03-27 13:02:05 - [MESSAGE][PASSED] - Text 'OTDPDF0254' is present on page 

2018-03-27 13:02:05 - [TEST_STEP][PASSED] - verifyTextPresent: Text 'CHH0000023' is present on page 

2018-03-27 13:02:10 - [MESSAGE][PASSED] - Text 'CHH0000023' is present on page 

2018-03-27 13:02:10 - [TEST_STEP][PASSED] - verifyTextPresent: Text 'MU00000397' is present on page 

2018-03-27 13:02:14 - [MESSAGE][PASSED] - Text 'MU00000397' is present on page 

2018-03-27 13:02:14 - [TEST_STEP][PASSED] - closeBrowser: Browser is closed

2018-03-27 13:02:15 - [MESSAGE][PASSED] - Browser is closed]]></system-out>
         <system-err><![CDATA[]]></system-err>
      </testcase>
      <system-out><![CDATA[2018-03-27 13:00:57 - [TEST_SUITE][PASSED] - OptidesLabkeyTests: Test Cases/QueryAssay Test]]></system-out>
      <system-err><![CDATA[]]></system-err>
   </testsuite>
</testsuites>
