<?xml version="1.0" encoding="UTF-8"?>
<testsuites name="OptidesLabkeyTests" time="19" tests="1" failures="0" errors="0">
   <testsuite name="OptidesLabkeyTests" tests="1" failures="0" errors="0" time="19" timestamp="2018-03-27 13:03:37" hostname="Hector - 140.107.11.187" id="Test Suites/OptidesLabkeyTests">
      <properties>
         <property name="deviceName" value=""/>
         <property name="devicePlatform" value=""/>
         <property name="logFolder" value="C:\\Users\\Hector\\Documents\\HRInternetConsulting\\Clients\\FHCRC\\Tachyon\\src\\RegressionTests\\Katalon\\OptidesTests\\Reports\\OptidesLabkeyTests\\20180327_130334"/>
         <property name="logFiles" value="C:\\Users\\Hector\\Documents\\HRInternetConsulting\\Clients\\FHCRC\\Tachyon\\src\\RegressionTests\\Katalon\\OptidesTests\\Reports\\OptidesLabkeyTests\\20180327_130334\\execution0.log"/>
         <property name="attachments" value=""/>
         <property name="hostName" value="Hector - 140.107.11.187"/>
         <property name="os" value="Windows 8.1 64bit"/>
         <property name="katalonVersion" value="5.3.1.1"/>
         <property name="browser" value="Chrome 65.0.3325.181"/>
         <property name="hostAddress" value="140.107.11.187"/>
         <property name="sessionId" value="1629d7742f17b888679212280e568560"/>
         <property name="seleniumVersion" value="3.7.1"/>
         <property name="proxyInformation" value="ProxyInformation{proxyOption=NO_PROXY, proxyServerType=HTTP, password=, proxyServerAddress=, proxyServerPort=0}"/>
         <property name="platform" value="Windows 8.1"/>
      </properties>
      <testcase name="Test Cases/InSilicoAssay Weekly Cron Test" classname="Test Cases/InSilicoAssay Weekly Cron Test" status="PASSED">
         <system-out><![CDATA[2018-03-27 13:03:37 - [TEST_CASE][PASSED] - Test Cases/InSilicoAssay Weekly Cron Test: Test Cases/InSilicoAssay Weekly Cron Test

2018-03-27 13:03:38 - [TEST_STEP][PASSED] - callTestCase: Call Test Case 'Test Cases/OpenAndLogIn' successfully

2018-03-27 13:03:38 - [TEST_CASE][PASSED] - Test Cases/OpenAndLogIn: Test Cases/OpenAndLogIn

2018-03-27 13:03:38 - [TEST_STEP][PASSED] - openBrowser: Browser is opened with url: 'https://optides-stage.fhcrc.org'

2018-03-27 13:03:42 - [MESSAGE][PASSED] - Browser is opened with url: 'https://optides-stage.fhcrc.org'

2018-03-27 13:03:42 - [TEST_STEP][PASSED] - setViewPortSize: Viewport is set to new size with width = 2000 and height = 1500

2018-03-27 13:03:43 - [MESSAGE][PASSED] - Viewport is set to new size with width = 2000 and height = 1500

2018-03-27 13:03:43 - [TEST_STEP][PASSED] - click: Object: 'Object Repository/LSC_objects/Page_Optide Dev Server home/a_SignIn' is clicked on

2018-03-27 13:03:45 - [MESSAGE][PASSED] - Object: 'Object Repository/LSC_objects/Page_Optide Dev Server home/a_SignIn' is clicked on

2018-03-27 13:03:45 - [TEST_STEP][PASSED] - setText: Text 'hramos@fhcrc.org' is set on object 'Object Repository/LSC_objects/Page_Sign In/input_email'

2018-03-27 13:03:45 - [MESSAGE][PASSED] - Text 'hramos@fhcrc.org' is set on object 'Object Repository/LSC_objects/Page_Sign In/input_email'

2018-03-27 13:03:45 - [TEST_STEP][PASSED] - setText: Text 'One1Two2' is set on object 'Object Repository/LSC_objects/Page_Sign In/input_password'

2018-03-27 13:03:45 - [MESSAGE][PASSED] - Text 'One1Two2' is set on object 'Object Repository/LSC_objects/Page_Sign In/input_password'

2018-03-27 13:03:45 - [TEST_STEP][PASSED] - click: Object: 'Object Repository/LSC_objects/Page_Sign In/span_Sign In' is clicked on

2018-03-27 13:03:45 - [MESSAGE][PASSED] - Object: 'Object Repository/LSC_objects/Page_Sign In/span_Sign In' is clicked on

2018-03-27 13:03:45 - [TEST_STEP][PASSED] - click: Object: 'Object Repository/LSC_objects/Page_Optide Dev Server home/span_Optides' is clicked on

2018-03-27 13:03:48 - [MESSAGE][PASSED] - Object: 'Object Repository/LSC_objects/Page_Optide Dev Server home/span_Optides' is clicked on

2018-03-27 13:03:48 - [MESSAGE][PASSED] - Call Test Case 'Test Cases/OpenAndLogIn' successfully

2018-03-27 13:03:48 - [TEST_STEP][PASSED] - mouseOver: Object: 'Object Repository/Page_Start Page Optides/a_CompoundsRegistry' is hovered

2018-03-27 13:03:49 - [MESSAGE][PASSED] - Object: 'Object Repository/Page_Start Page Optides/a_CompoundsRegistry' is hovered

2018-03-27 13:03:49 - [TEST_STEP][PASSED] - waitForElementVisible: Object 'Object Repository/Page_Start Page Optides/a_Samples_CompReg' is visible

2018-03-27 13:03:49 - [MESSAGE][WARNING] - Timeout '0' is invalid. Using default page load timeout: '30'

2018-03-27 13:03:49 - [MESSAGE][PASSED] - Object 'Object Repository/Page_Start Page Optides/a_Samples_CompReg' is visible

2018-03-27 13:03:49 - [TEST_STEP][PASSED] - click: Object: 'Object Repository/Page_Start Page Optides/a_Samples_CompReg' is clicked on

2018-03-27 13:03:50 - [MESSAGE][PASSED] - Object: 'Object Repository/Page_Start Page Optides/a_Samples_CompReg' is clicked on

2018-03-27 13:03:50 - [TEST_STEP][PASSED] - Statement - numOfConstructs = com.kms.katalon.core.webui.keyword.WebUiBuiltInKeywords.getText(com.kms.katalon.core.testobject.ObjectRepository.findTestObject(Page_Assay Dashboard OptidesCompoun/text_NumberOfConstructs)): Text of object 'Object Repository/Page_Assay Dashboard OptidesCompoun/text_NumberOfConstructs' is: '2051'

2018-03-27 13:03:51 - [MESSAGE][PASSED] - Text of object 'Object Repository/Page_Assay Dashboard OptidesCompoun/text_NumberOfConstructs' is: '2051'

2018-03-27 13:03:51 - [TEST_STEP][PASSED] - mouseOver: Object: 'Object Repository/Page_Start Page Optides/menu_InSilicoAssay' is hovered

2018-03-27 13:03:51 - [MESSAGE][PASSED] - Object: 'Object Repository/Page_Start Page Optides/menu_InSilicoAssay' is hovered

2018-03-27 13:03:51 - [TEST_STEP][PASSED] - waitForElementPresent: Object 'Object Repository/Page_Start Page Optides/menu_InSilicoAssay_MolecularProperties' is present

2018-03-27 13:03:51 - [MESSAGE][WARNING] - Timeout '0' is invalid. Using default page load timeout: '30'

2018-03-27 13:03:52 - [MESSAGE][PASSED] - Object 'Object Repository/Page_Start Page Optides/menu_InSilicoAssay_MolecularProperties' is present

2018-03-27 13:03:52 - [TEST_STEP][PASSED] - click: Object: 'Object Repository/Page_Start Page Optides/menu_InSilicoAssay_MolecularProperties' is clicked on

2018-03-27 13:03:53 - [MESSAGE][PASSED] - Object: 'Object Repository/Page_Start Page Optides/menu_InSilicoAssay_MolecularProperties' is clicked on

2018-03-27 13:03:53 - [TEST_STEP][PASSED] - click: Object: 'Object Repository/Page_InSilicoAssay Assay Dashboard/a_InSilicoAssay' is clicked on

2018-03-27 13:03:54 - [MESSAGE][PASSED] - Object: 'Object Repository/Page_InSilicoAssay Assay Dashboard/a_InSilicoAssay' is clicked on

2018-03-27 13:03:54 - [TEST_STEP][PASSED] - click: Object: 'Object Repository/Page_InSilicoAssay Assay Dashboard/input_Toggle' is clicked on

2018-03-27 13:03:54 - [MESSAGE][PASSED] - Object: 'Object Repository/Page_InSilicoAssay Assay Dashboard/input_Toggle' is clicked on

2018-03-27 13:03:54 - [TEST_STEP][PASSED] - click: Object: 'Object Repository/Page_InSilicoAssay Assay Dashboard/a_ViewResults' is clicked on

2018-03-27 13:03:55 - [MESSAGE][PASSED] - Object: 'Object Repository/Page_InSilicoAssay Assay Dashboard/a_ViewResults' is clicked on

2018-03-27 13:03:55 - [TEST_STEP][PASSED] - Statement - formatted = java.text.NumberFormat.getNumberInstance(US).format(java.lang.Integer.valueOf(numOfConstructs)): null

2018-03-27 13:03:55 - [TEST_STEP][PASSED] - Statement - out.println(formatted): null

2018-03-27 13:03:55 - [TEST_STEP][PASSED] - verifyTextPresent: Text '2,051' is present on page 

2018-03-27 13:03:56 - [MESSAGE][PASSED] - Text '2,051' is present on page 

2018-03-27 13:03:56 - [TEST_STEP][PASSED] - closeBrowser: Browser is closed

2018-03-27 13:03:56 - [MESSAGE][PASSED] - Browser is closed]]></system-out>
         <system-err><![CDATA[]]></system-err>
      </testcase>
      <system-out><![CDATA[2018-03-27 13:03:37 - [TEST_SUITE][PASSED] - OptidesLabkeyTests: Test Cases/InSilicoAssay Weekly Cron Test]]></system-out>
      <system-err><![CDATA[]]></system-err>
   </testsuite>
</testsuites>
